#
# There is insufficient memory for the Java Runtime Environment to continue.
# Native memory allocation (malloc) failed to allocate 1849936 bytes for Chunk::new
# Possible reasons:
#   The system is out of physical RAM or swap space
#   The process is running with CompressedOops enabled, and the Java Heap may be blocking the growth of the native heap
# Possible solutions:
#   Reduce memory load on the system
#   Increase physical memory or swap space
#   Check if swap backing store is full
#   Decrease Java heap size (-Xmx/-Xms)
#   Decrease number of Java threads
#   Decrease Java thread stack sizes (-Xss)
#   Set larger code cache with -XX:ReservedCodeCacheSize=
#   JVM is running with Unscaled Compressed Oops mode in which the Java heap is
#     placed in the first 4GB address space. The Java Heap base address is the
#     maximum limit for the native heap growth. Please use -XX:HeapBaseMinAddress
#     to set the Java Heap base and to place the Java Heap above 4GB virtual address.
# This output file may be truncated or incomplete.
#
#  Out of Memory Error (./src/hotspot/share/memory/arena.cpp:197), pid=1308, tid=9328
#
# JRE version: OpenJDK Runtime Environment (11.0.10) (build 11.0.10+0-b96-7249189)
# Java VM: OpenJDK 64-Bit Server VM (11.0.10+0-b96-7249189, mixed mode, tiered, compressed oops, g1 gc, windows-amd64)
# No core dump will be written. Minidumps are not enabled by default on client versions of Windows
#

---------------  S U M M A R Y ------------

Command Line: --add-opens=java.base/java.util=ALL-UNNAMED --add-opens=java.base/java.lang=ALL-UNNAMED --add-opens=java.base/java.lang.invoke=ALL-UNNAMED --add-opens=java.base/java.util=ALL-UNNAMED --add-opens=java.prefs/java.util.prefs=ALL-UNNAMED --add-opens=java.prefs/java.util.prefs=ALL-UNNAMED --add-opens=java.base/java.nio.charset=ALL-UNNAMED --add-opens=java.base/java.net=ALL-UNNAMED --add-opens=java.base/java.util.concurrent.atomic=ALL-UNNAMED -Xmx2048m -Dfile.encoding=UTF-8 -Duser.country=US -Duser.language=en -Duser.variant org.gradle.launcher.daemon.bootstrap.GradleDaemon 7.0.2

Host: Intel(R) Core(TM) i5-4210U CPU @ 1.70GHz, 4 cores, 3G,  Windows 10 , 64 bit Build 19041 (10.0.19041.1202)
Time: Mon Nov  1 21:37:07 2021 SE Asia Standard Time elapsed time: 8.378819 seconds (0d 0h 0m 8s)

---------------  T H R E A D  ---------------

Current thread (0x0000017837ead800):  JavaThread "C2 CompilerThread0" daemon [_thread_in_native, id=9328, stack(0x0000003b36300000,0x0000003b36400000)]


Current CompileTask:
C2:   8378 2211       4       java.net.URLClassLoader$1::run (5 bytes)

Stack: [0x0000003b36300000,0x0000003b36400000]
Native frames: (J=compiled Java code, j=interpreted, Vv=VM code, C=native code)
V  [jvm.dll+0x5ecfaa]
V  [jvm.dll+0x722bd5]
V  [jvm.dll+0x72412d]
V  [jvm.dll+0x7247e3]
V  [jvm.dll+0x242928]
V  [jvm.dll+0xbc4fc]
V  [jvm.dll+0xbca0c]
V  [jvm.dll+0x352d3b]
V  [jvm.dll+0x320ad3]
V  [jvm.dll+0x31ffca]
V  [jvm.dll+0x1fb602]
V  [jvm.dll+0x1fa7f4]
V  [jvm.dll+0x18354c]
V  [jvm.dll+0x208ee7]
V  [jvm.dll+0x207731]
V  [jvm.dll+0x6eb1cf]
V  [jvm.dll+0x6e3d45]
V  [jvm.dll+0x5ebe96]
C  [ucrtbase.dll+0x21bb2]
C  [KERNEL32.DLL+0x17034]
C  [ntdll.dll+0x52651]


---------------  P R O C E S S  ---------------

Threads class SMR info:
_java_thread_list=0x00000178395ea640, length=30, elements={
0x000001781e2ab800, 0x0000017837e4c000, 0x0000017837e4d000, 0x0000017837ea5000,
0x0000017837ea6000, 0x0000017837eaa000, 0x0000017837ead800, 0x0000017837eb2800,
0x0000017837ec7800, 0x0000017838924800, 0x0000017839d85000, 0x000001783a214000,
0x000001783a5ee800, 0x000001783961c800, 0x000001783a033800, 0x000001783a6d5000,
0x000001783a70d000, 0x000001783a70d800, 0x000001783a74b000, 0x000001783a724800,
0x000001783a729800, 0x000001783a728800, 0x000001783a727800, 0x000001783a72b000,
0x000001783a72a000, 0x000001783a725000, 0x000001783a726000, 0x000001783a727000,
0x000001783adc4000, 0x000001783adc5800
}

Java Threads: ( => current thread )
  0x000001781e2ab800 JavaThread "main" [_thread_blocked, id=6524, stack(0x0000003b35700000,0x0000003b35800000)]
  0x0000017837e4c000 JavaThread "Reference Handler" daemon [_thread_blocked, id=9024, stack(0x0000003b35e00000,0x0000003b35f00000)]
  0x0000017837e4d000 JavaThread "Finalizer" daemon [_thread_blocked, id=4908, stack(0x0000003b35f00000,0x0000003b36000000)]
  0x0000017837ea5000 JavaThread "Signal Dispatcher" daemon [_thread_blocked, id=6652, stack(0x0000003b36000000,0x0000003b36100000)]
  0x0000017837ea6000 JavaThread "Attach Listener" daemon [_thread_blocked, id=3116, stack(0x0000003b36100000,0x0000003b36200000)]
  0x0000017837eaa000 JavaThread "Service Thread" daemon [_thread_blocked, id=2016, stack(0x0000003b36200000,0x0000003b36300000)]
=>0x0000017837ead800 JavaThread "C2 CompilerThread0" daemon [_thread_in_native, id=9328, stack(0x0000003b36300000,0x0000003b36400000)]
  0x0000017837eb2800 JavaThread "C1 CompilerThread0" daemon [_thread_blocked, id=4812, stack(0x0000003b36400000,0x0000003b36500000)]
  0x0000017837ec7800 JavaThread "Sweeper thread" daemon [_thread_blocked, id=5084, stack(0x0000003b36500000,0x0000003b36600000)]
  0x0000017838924800 JavaThread "Common-Cleaner" daemon [_thread_blocked, id=9644, stack(0x0000003b36600000,0x0000003b36700000)]
  0x0000017839d85000 JavaThread "Daemon health stats" [_thread_blocked, id=5060, stack(0x0000003b36900000,0x0000003b36a00000)]
  0x000001783a214000 JavaThread "Incoming local TCP Connector on port 56232" [_thread_in_native, id=2908, stack(0x0000003b36c00000,0x0000003b36d00000)]
  0x000001783a5ee800 JavaThread "Daemon periodic checks" [_thread_blocked, id=8900, stack(0x0000003b36d00000,0x0000003b36e00000)]
  0x000001783961c800 JavaThread "Daemon" [_thread_blocked, id=7472, stack(0x0000003b36e00000,0x0000003b36f00000)]
  0x000001783a033800 JavaThread "Handler for socket connection from /127.0.0.1:56232 to /127.0.0.1:56233" [_thread_in_native, id=1524, stack(0x0000003b36f00000,0x0000003b37000000)]
  0x000001783a6d5000 JavaThread "Cancel handler" [_thread_blocked, id=9728, stack(0x0000003b37000000,0x0000003b37100000)]
  0x000001783a70d000 JavaThread "Daemon worker" [_thread_in_native, id=1048, stack(0x0000003b37100000,0x0000003b37200000)]
  0x000001783a70d800 JavaThread "Asynchronous log dispatcher for DefaultDaemonConnection: socket connection from /127.0.0.1:56232 to /127.0.0.1:56233" [_thread_blocked, id=7484, stack(0x0000003b37200000,0x0000003b37300000)]
  0x000001783a74b000 JavaThread "Stdin handler" [_thread_blocked, id=9672, stack(0x0000003b37300000,0x0000003b37400000)]
  0x000001783a724800 JavaThread "Daemon client event forwarder" [_thread_blocked, id=7376, stack(0x0000003b37400000,0x0000003b37500000)]
  0x000001783a729800 JavaThread "Cache worker for file hash cache (C:\Users\MinhNgan\.gradle\caches\7.0.2\fileHashes)" [_thread_blocked, id=3396, stack(0x0000003b37500000,0x0000003b37600000)]
  0x000001783a728800 JavaThread "File lock request listener" [_thread_in_native, id=3220, stack(0x0000003b37600000,0x0000003b37700000)]
  0x000001783a727800 JavaThread "Cache worker for journal cache (C:\Users\MinhNgan\.gradle\caches\journal-1)" [_thread_blocked, id=9896, stack(0x0000003b37700000,0x0000003b37800000)]
  0x000001783a72b000 JavaThread "Cache worker for file hash cache (C:\Users\MinhNgan\AndroidStudioProjects\login\.gradle\7.0.2\fileHashes)" [_thread_blocked, id=5000, stack(0x0000003b37800000,0x0000003b37900000)]
  0x000001783a72a000 JavaThread "File watcher server" daemon [_thread_in_native, id=3452, stack(0x0000003b37900000,0x0000003b37a00000)]
  0x000001783a725000 JavaThread "File watcher consumer" daemon [_thread_blocked, id=5280, stack(0x0000003b37a00000,0x0000003b37b00000)]
  0x000001783a726000 JavaThread "jar transforms" [_thread_blocked, id=7756, stack(0x0000003b37b00000,0x0000003b37c00000)]
  0x000001783a727000 JavaThread "jar transforms Thread 2" [_thread_blocked, id=9368, stack(0x0000003b37c00000,0x0000003b37d00000)]
  0x000001783adc4000 JavaThread "jar transforms Thread 3" [_thread_blocked, id=6624, stack(0x0000003b37d00000,0x0000003b37e00000)]
  0x000001783adc5800 JavaThread "jar transforms Thread 4" [_thread_blocked, id=4400, stack(0x0000003b37e00000,0x0000003b37f00000)]

Other Threads:
  0x0000017837e42800 VMThread "VM Thread" [stack: 0x0000003b35d00000,0x0000003b35e00000] [id=2516]
  0x000001783894d800 WatcherThread [stack: 0x0000003b36700000,0x0000003b36800000] [id=5996]
  0x000001781e2c4000 GCTaskThread "GC Thread#0" [stack: 0x0000003b35800000,0x0000003b35900000] [id=10796]
  0x00000178390e4800 GCTaskThread "GC Thread#1" [stack: 0x0000003b36800000,0x0000003b36900000] [id=1432]
  0x000001783a902000 GCTaskThread "GC Thread#2" [stack: 0x0000003b36a00000,0x0000003b36b00000] [id=6156]
  0x000001783a354000 GCTaskThread "GC Thread#3" [stack: 0x0000003b36b00000,0x0000003b36c00000] [id=4308]
  0x000001781e2f3800 ConcurrentGCThread "G1 Main Marker" [stack: 0x0000003b35900000,0x0000003b35a00000] [id=10364]
  0x000001781e2f6000 ConcurrentGCThread "G1 Conc#0" [stack: 0x0000003b35a00000,0x0000003b35b00000] [id=1768]
  0x000001781e352000 ConcurrentGCThread "G1 Refine#0" [stack: 0x0000003b35b00000,0x0000003b35c00000] [id=3384]
  0x000001781e353000 ConcurrentGCThread "G1 Young RemSet Sampling" [stack: 0x0000003b35c00000,0x0000003b35d00000] [id=10152]

Threads with active compile tasks:
C2 CompilerThread0   8445 2211       4       java.net.URLClassLoader$1::run (5 bytes)
C1 CompilerThread0   8445 2323       3       java.util.zip.ZipFile$Source::initCEN (658 bytes)

VM state:not at safepoint (normal execution)

VM Mutex/Monitor currently owned by a thread: None

Heap address: 0x0000000080000000, size: 2048 MB, Compressed Oops mode: 32-bit
Narrow klass base: 0x0000000000000000, Narrow klass shift: 3
Compressed class space size: 1073741824 Address: 0x0000000100000000

Heap:
 garbage-first heap   total 78848K, used 43934K [0x0000000080000000, 0x0000000100000000)
  region size 1024K, 25 young (25600K), 3 survivors (3072K)
 Metaspace       used 26083K, capacity 26753K, committed 27008K, reserved 1073152K
  class space    used 3417K, capacity 3653K, committed 3712K, reserved 1048576K
Heap Regions: E=young(eden), S=young(survivor), O=old, HS=humongous(starts), HC=humongous(continues), CS=collection set, F=free, A=archive, TAMS=top-at-mark-start (previous, next)
|   0|0x0000000080000000, 0x0000000080100000, 0x0000000080100000|100%| O|  |TAMS 0x0000000080100000, 0x0000000080000000| Untracked 
|   1|0x0000000080100000, 0x0000000080200000, 0x0000000080200000|100%| O|  |TAMS 0x0000000080200000, 0x0000000080100000| Untracked 
|   2|0x0000000080200000, 0x0000000080300000, 0x0000000080300000|100%| O|  |TAMS 0x0000000080300000, 0x0000000080200000| Untracked 
|   3|0x0000000080300000, 0x0000000080400000, 0x0000000080400000|100%|HS|  |TAMS 0x0000000080400000, 0x0000000080300000| Complete 
|   4|0x0000000080400000, 0x0000000080500000, 0x0000000080500000|100%|HC|  |TAMS 0x0000000080500000, 0x0000000080400000| Complete 
|   5|0x0000000080500000, 0x0000000080600000, 0x0000000080600000|100%|HC|  |TAMS 0x0000000080600000, 0x0000000080500000| Complete 
|   6|0x0000000080600000, 0x0000000080700000, 0x0000000080700000|100%| O|  |TAMS 0x0000000080700000, 0x0000000080600000| Untracked 
|   7|0x0000000080700000, 0x0000000080800000, 0x0000000080800000|100%| O|  |TAMS 0x0000000080800000, 0x0000000080700000| Untracked 
|   8|0x0000000080800000, 0x0000000080900000, 0x0000000080900000|100%| O|  |TAMS 0x0000000080900000, 0x0000000080800000| Untracked 
|   9|0x0000000080900000, 0x0000000080a00000, 0x0000000080a00000|100%| O|  |TAMS 0x0000000080a00000, 0x0000000080900000| Untracked 
|  10|0x0000000080a00000, 0x0000000080b00000, 0x0000000080b00000|100%| O|  |TAMS 0x0000000080b00000, 0x0000000080a00000| Untracked 
|  11|0x0000000080b00000, 0x0000000080c00000, 0x0000000080c00000|100%| O|  |TAMS 0x0000000080c00000, 0x0000000080b00000| Untracked 
|  12|0x0000000080c00000, 0x0000000080d00000, 0x0000000080d00000|100%| O|  |TAMS 0x0000000080d00000, 0x0000000080c00000| Untracked 
|  13|0x0000000080d00000, 0x0000000080e00000, 0x0000000080e00000|100%| O|  |TAMS 0x0000000080e00000, 0x0000000080d00000| Untracked 
|  14|0x0000000080e00000, 0x0000000080e32400, 0x0000000080f00000| 19%| O|  |TAMS 0x0000000080e32400, 0x0000000080e00000| Untracked 
|  15|0x0000000080f00000, 0x0000000081000000, 0x0000000081000000|100%|HS|  |TAMS 0x0000000080f00000, 0x0000000080f00000| Complete 
|  16|0x0000000081000000, 0x0000000081100000, 0x0000000081100000|100%|HC|  |TAMS 0x0000000081000000, 0x0000000081000000| Complete 
|  17|0x0000000081100000, 0x0000000081200000, 0x0000000081200000|100%|HS|  |TAMS 0x0000000081100000, 0x0000000081100000| Complete 
|  18|0x0000000081200000, 0x0000000081300000, 0x0000000081300000|100%|HC|  |TAMS 0x0000000081200000, 0x0000000081200000| Complete 
|  19|0x0000000081300000, 0x0000000081400000, 0x0000000081400000|100%|HC|  |TAMS 0x0000000081300000, 0x0000000081300000| Complete 
|  20|0x0000000081400000, 0x0000000081400000, 0x0000000081500000|  0%| F|  |TAMS 0x0000000081400000, 0x0000000081400000| Untracked 
|  21|0x0000000081500000, 0x0000000081500000, 0x0000000081600000|  0%| F|  |TAMS 0x0000000081500000, 0x0000000081500000| Untracked 
|  22|0x0000000081600000, 0x0000000081600000, 0x0000000081700000|  0%| F|  |TAMS 0x0000000081600000, 0x0000000081600000| Untracked 
|  23|0x0000000081700000, 0x0000000081700000, 0x0000000081800000|  0%| F|  |TAMS 0x0000000081700000, 0x0000000081700000| Untracked 
|  24|0x0000000081800000, 0x0000000081800000, 0x0000000081900000|  0%| F|  |TAMS 0x0000000081800000, 0x0000000081800000| Untracked 
|  25|0x0000000081900000, 0x0000000081900000, 0x0000000081a00000|  0%| F|  |TAMS 0x0000000081900000, 0x0000000081900000| Untracked 
|  26|0x0000000081a00000, 0x0000000081a00000, 0x0000000081b00000|  0%| F|  |TAMS 0x0000000081a00000, 0x0000000081a00000| Untracked 
|  27|0x0000000081b00000, 0x0000000081b00000, 0x0000000081c00000|  0%| F|  |TAMS 0x0000000081b00000, 0x0000000081b00000| Untracked 
|  28|0x0000000081c00000, 0x0000000081c00000, 0x0000000081d00000|  0%| F|  |TAMS 0x0000000081c00000, 0x0000000081c00000| Untracked 
|  29|0x0000000081d00000, 0x0000000081d00000, 0x0000000081e00000|  0%| F|  |TAMS 0x0000000081d00000, 0x0000000081d00000| Untracked 
|  30|0x0000000081e00000, 0x0000000081e00000, 0x0000000081f00000|  0%| F|  |TAMS 0x0000000081e00000, 0x0000000081e00000| Untracked 
|  31|0x0000000081f00000, 0x0000000081f00000, 0x0000000082000000|  0%| F|  |TAMS 0x0000000081f00000, 0x0000000081f00000| Untracked 
|  32|0x0000000082000000, 0x0000000082000000, 0x0000000082100000|  0%| F|  |TAMS 0x0000000082000000, 0x0000000082000000| Untracked 
|  33|0x0000000082100000, 0x0000000082100000, 0x0000000082200000|  0%| F|  |TAMS 0x0000000082100000, 0x0000000082100000| Untracked 
|  34|0x0000000082200000, 0x0000000082200000, 0x0000000082300000|  0%| F|  |TAMS 0x0000000082200000, 0x0000000082200000| Untracked 
|  35|0x0000000082300000, 0x0000000082300000, 0x0000000082400000|  0%| F|  |TAMS 0x0000000082300000, 0x0000000082300000| Untracked 
|  36|0x0000000082400000, 0x0000000082400000, 0x0000000082500000|  0%| F|  |TAMS 0x0000000082400000, 0x0000000082400000| Untracked 
|  37|0x0000000082500000, 0x0000000082500000, 0x0000000082600000|  0%| F|  |TAMS 0x0000000082500000, 0x0000000082500000| Untracked 
|  38|0x0000000082600000, 0x0000000082600000, 0x0000000082700000|  0%| F|  |TAMS 0x0000000082600000, 0x0000000082600000| Untracked 
|  39|0x0000000082700000, 0x0000000082700000, 0x0000000082800000|  0%| F|  |TAMS 0x0000000082700000, 0x0000000082700000| Untracked 
|  40|0x0000000082800000, 0x0000000082800000, 0x0000000082900000|  0%| F|  |TAMS 0x0000000082800000, 0x0000000082800000| Untracked 
|  41|0x0000000082900000, 0x0000000082900000, 0x0000000082a00000|  0%| F|  |TAMS 0x0000000082900000, 0x0000000082900000| Untracked 
|  42|0x0000000082a00000, 0x0000000082a00000, 0x0000000082b00000|  0%| F|  |TAMS 0x0000000082a00000, 0x0000000082a00000| Untracked 
|  43|0x0000000082b00000, 0x0000000082bb56d0, 0x0000000082c00000| 70%| S|CS|TAMS 0x0000000082b00000, 0x0000000082b00000| Complete 
|  44|0x0000000082c00000, 0x0000000082d00000, 0x0000000082d00000|100%| S|CS|TAMS 0x0000000082c00000, 0x0000000082c00000| Complete 
|  45|0x0000000082d00000, 0x0000000082e00000, 0x0000000082e00000|100%| S|CS|TAMS 0x0000000082d00000, 0x0000000082d00000| Complete 
|  46|0x0000000082e00000, 0x0000000082e00000, 0x0000000082f00000|  0%| F|  |TAMS 0x0000000082e00000, 0x0000000082e00000| Untracked 
|  47|0x0000000082f00000, 0x0000000082f00000, 0x0000000083000000|  0%| F|  |TAMS 0x0000000082f00000, 0x0000000082f00000| Untracked 
|  48|0x0000000083000000, 0x0000000083000000, 0x0000000083100000|  0%| F|  |TAMS 0x0000000083000000, 0x0000000083000000| Untracked 
|  49|0x0000000083100000, 0x0000000083100000, 0x0000000083200000|  0%| F|  |TAMS 0x0000000083100000, 0x0000000083100000| Untracked 
|  50|0x0000000083200000, 0x0000000083200000, 0x0000000083300000|  0%| F|  |TAMS 0x0000000083200000, 0x0000000083200000| Untracked 
|  51|0x0000000083300000, 0x0000000083300000, 0x0000000083400000|  0%| F|  |TAMS 0x0000000083300000, 0x0000000083300000| Untracked 
|  52|0x0000000083400000, 0x0000000083400000, 0x0000000083500000|  0%| F|  |TAMS 0x0000000083400000, 0x0000000083400000| Untracked 
|  53|0x0000000083500000, 0x0000000083500000, 0x0000000083600000|  0%| F|  |TAMS 0x0000000083500000, 0x0000000083500000| Untracked 
|  54|0x0000000083600000, 0x0000000083600000, 0x0000000083700000|  0%| F|  |TAMS 0x0000000083600000, 0x0000000083600000| Untracked 
|  55|0x0000000083700000, 0x0000000083800000, 0x0000000083800000|100%| E|  |TAMS 0x0000000083700000, 0x0000000083700000| Complete 
|  56|0x0000000083800000, 0x0000000083900000, 0x0000000083900000|100%| E|CS|TAMS 0x0000000083800000, 0x0000000083800000| Complete 
|  57|0x0000000083900000, 0x0000000083a00000, 0x0000000083a00000|100%| E|CS|TAMS 0x0000000083900000, 0x0000000083900000| Complete 
|  58|0x0000000083a00000, 0x0000000083b00000, 0x0000000083b00000|100%| E|CS|TAMS 0x0000000083a00000, 0x0000000083a00000| Complete 
|  59|0x0000000083b00000, 0x0000000083c00000, 0x0000000083c00000|100%| E|CS|TAMS 0x0000000083b00000, 0x0000000083b00000| Complete 
|  60|0x0000000083c00000, 0x0000000083d00000, 0x0000000083d00000|100%| E|CS|TAMS 0x0000000083c00000, 0x0000000083c00000| Complete 
|  61|0x0000000083d00000, 0x0000000083e00000, 0x0000000083e00000|100%| E|CS|TAMS 0x0000000083d00000, 0x0000000083d00000| Complete 
|  62|0x0000000083e00000, 0x0000000083f00000, 0x0000000083f00000|100%| E|CS|TAMS 0x0000000083e00000, 0x0000000083e00000| Complete 
|  63|0x0000000083f00000, 0x0000000084000000, 0x0000000084000000|100%| E|CS|TAMS 0x0000000083f00000, 0x0000000083f00000| Complete 
|  64|0x0000000084000000, 0x0000000084100000, 0x0000000084100000|100%| E|CS|TAMS 0x0000000084000000, 0x0000000084000000| Complete 
|  65|0x0000000084100000, 0x0000000084200000, 0x0000000084200000|100%| E|CS|TAMS 0x0000000084100000, 0x0000000084100000| Complete 
|  66|0x0000000084200000, 0x0000000084300000, 0x0000000084300000|100%| E|CS|TAMS 0x0000000084200000, 0x0000000084200000| Complete 
|  67|0x0000000084300000, 0x0000000084400000, 0x0000000084400000|100%| E|CS|TAMS 0x0000000084300000, 0x0000000084300000| Complete 
|  68|0x0000000084400000, 0x0000000084500000, 0x0000000084500000|100%| E|CS|TAMS 0x0000000084400000, 0x0000000084400000| Complete 
|  69|0x0000000084500000, 0x0000000084600000, 0x0000000084600000|100%| E|CS|TAMS 0x0000000084500000, 0x0000000084500000| Complete 
|  70|0x0000000084600000, 0x0000000084700000, 0x0000000084700000|100%| E|CS|TAMS 0x0000000084600000, 0x0000000084600000| Complete 
|  71|0x0000000084700000, 0x0000000084800000, 0x0000000084800000|100%| E|CS|TAMS 0x0000000084700000, 0x0000000084700000| Complete 
|  72|0x0000000084800000, 0x0000000084900000, 0x0000000084900000|100%| E|CS|TAMS 0x0000000084800000, 0x0000000084800000| Complete 
|  73|0x0000000084900000, 0x0000000084a00000, 0x0000000084a00000|100%| E|CS|TAMS 0x0000000084900000, 0x0000000084900000| Complete 
|  74|0x0000000084a00000, 0x0000000084b00000, 0x0000000084b00000|100%| E|CS|TAMS 0x0000000084a00000, 0x0000000084a00000| Complete 
|  75|0x0000000084b00000, 0x0000000084c00000, 0x0000000084c00000|100%| E|CS|TAMS 0x0000000084b00000, 0x0000000084b00000| Complete 
|  76|0x0000000084c00000, 0x0000000084d00000, 0x0000000084d00000|100%| E|CS|TAMS 0x0000000084c00000, 0x0000000084c00000| Complete 

Card table byte_map: [0x00000178311a0000,0x00000178315a0000] _byte_map_base: 0x0000017830da0000

Marking Bits (Prev, Next): (CMBitMap*) 0x000001781e2eac80, (CMBitMap*) 0x000001781e2eac48
 Prev Bits: [0x00000178339a0000, 0x00000178359a0000)
 Next Bits: [0x00000178319a0000, 0x00000178339a0000)

Polling page: 0x000001781c0f0000

Metaspace:

Usage:
  Non-class:     22.56 MB capacity,    22.13 MB ( 98%) used,   377.94 KB (  2%) free+waste,    56.06 KB ( <1%) overhead. 
      Class:      3.57 MB capacity,     3.34 MB ( 94%) used,   207.06 KB (  6%) free+waste,    28.44 KB ( <1%) overhead. 
       Both:     26.13 MB capacity,    25.47 MB ( 97%) used,   585.00 KB (  2%) free+waste,    84.50 KB ( <1%) overhead. 

Virtual space:
  Non-class space:       24.00 MB reserved,      22.75 MB ( 95%) committed 
      Class space:        1.00 GB reserved,       3.63 MB ( <1%) committed 
             Both:        1.02 GB reserved,      26.38 MB (  3%) committed 

Chunk freelists:
   Non-Class:  4.00 KB
       Class:  1.00 KB
        Both:  5.00 KB

MaxMetaspaceSize: 17179869184.00 GB
CompressedClassSpaceSize: 1.00 GB

CodeHeap 'non-profiled nmethods': size=120064Kb used=1028Kb max_used=1028Kb free=119035Kb
 bounds [0x0000017829860000, 0x0000017829ad0000, 0x0000017830da0000]
CodeHeap 'profiled nmethods': size=120000Kb used=4925Kb max_used=4925Kb free=115074Kb
 bounds [0x0000017822330000, 0x0000017822800000, 0x0000017829860000]
CodeHeap 'non-nmethods': size=5696Kb used=1155Kb max_used=1184Kb free=4540Kb
 bounds [0x0000017821da0000, 0x0000017822010000, 0x0000017822330000]
 total_blobs=2806 nmethods=2303 adapters=414
 compilation: enabled
              stopped_count=0, restarted_count=0
 full_count=0

Compilation events (20 events):
Event: 8.298 Thread 0x0000017837eb2800 2308       1       org.gradle.cache.internal.btree.FileBackedBlockStore::access$300 (5 bytes)
Event: 8.298 Thread 0x0000017837eb2800 nmethod 2308 0x0000017829960c90 code [0x0000017829960e40, 0x0000017829960ed8]
Event: 8.303 Thread 0x0000017837eb2800 2312       2       java.lang.ThreadLocal$ThreadLocalMap::nextIndex (15 bytes)
Event: 8.304 Thread 0x0000017837eb2800 nmethod 2312 0x00000178227f6f90 code [0x00000178227f7140, 0x00000178227f7238]
Event: 8.304 Thread 0x0000017837eb2800 2313       2       java.util.concurrent.TimeUnit::toNanos (45 bytes)
Event: 8.304 Thread 0x0000017837eb2800 nmethod 2313 0x00000178227f7310 code [0x00000178227f74c0, 0x00000178227f7638]
Event: 8.310 Thread 0x0000017837eb2800 2314       2       java.net.URL::equals (24 bytes)
Event: 8.311 Thread 0x0000017837eb2800 nmethod 2314 0x00000178227f7710 code [0x00000178227f78c0, 0x00000178227f7a88]
Event: 8.311 Thread 0x0000017837eb2800 2315       2       java.net.URLStreamHandler::equals (45 bytes)
Event: 8.311 Thread 0x0000017837eb2800 nmethod 2315 0x00000178227f7b90 code [0x00000178227f7d60, 0x00000178227f7f18]
Event: 8.312 Thread 0x0000017837eb2800 2316       2       java.net.URLStreamHandler::sameFile (136 bytes)
Event: 8.313 Thread 0x0000017837eb2800 nmethod 2316 0x00000178227f8090 code [0x00000178227f8280, 0x00000178227f8528]
Event: 8.313 Thread 0x0000017837eb2800 2317       2       com.google.common.collect.Hashing::smearedHash (16 bytes)
Event: 8.314 Thread 0x0000017837eb2800 nmethod 2317 0x00000178227f8710 code [0x00000178227f88c0, 0x00000178227f8a08]
Event: 8.347 Thread 0x0000017837eb2800 2319       2       java.lang.Class::privateGetDeclaredConstructors (79 bytes)
Event: 8.348 Thread 0x0000017837eb2800 nmethod 2319 0x00000178227f8a90 code [0x00000178227f8c80, 0x00000178227f8fe8]
Event: 8.348 Thread 0x0000017837eb2800 2320       1       java.io.ObjectStreamClass$WeakClassKey::hashCode (5 bytes)
Event: 8.348 Thread 0x0000017837eb2800 nmethod 2320 0x0000017829960f90 code [0x0000017829961140, 0x00000178299611f8]
Event: 8.358 Thread 0x0000017837eb2800 2321       2       com.google.common.collect.RegularImmutableSet::contains (56 bytes)
Event: 8.359 Thread 0x0000017837eb2800 nmethod 2321 0x00000178227f9190 code [0x00000178227f9360, 0x00000178227f9638]

GC Heap History (14 events):
Event: 1.468 GC heap before
{Heap before GC invocations=0 (full 0):
 garbage-first heap   total 65536K, used 19456K [0x0000000080000000, 0x0000000100000000)
  region size 1024K, 14 young (14336K), 0 survivors (0K)
 Metaspace       used 6739K, capacity 6925K, committed 7168K, reserved 1056768K
  class space    used 582K, capacity 650K, committed 768K, reserved 1048576K
}
Event: 1.479 GC heap after
{Heap after GC invocations=1 (full 0):
 garbage-first heap   total 65536K, used 7777K [0x0000000080000000, 0x0000000100000000)
  region size 1024K, 2 young (2048K), 2 survivors (2048K)
 Metaspace       used 6739K, capacity 6925K, committed 7168K, reserved 1056768K
  class space    used 582K, capacity 650K, committed 768K, reserved 1048576K
}
Event: 2.097 GC heap before
{Heap before GC invocations=1 (full 0):
 garbage-first heap   total 65536K, used 19041K [0x0000000080000000, 0x0000000100000000)
  region size 1024K, 13 young (13312K), 2 survivors (2048K)
 Metaspace       used 9845K, capacity 10054K, committed 10112K, reserved 1058816K
  class space    used 1022K, capacity 1102K, committed 1152K, reserved 1048576K
}
Event: 2.104 GC heap after
{Heap after GC invocations=2 (full 0):
 garbage-first heap   total 65536K, used 9103K [0x0000000080000000, 0x0000000100000000)
  region size 1024K, 2 young (2048K), 2 survivors (2048K)
 Metaspace       used 9845K, capacity 10054K, committed 10112K, reserved 1058816K
  class space    used 1022K, capacity 1102K, committed 1152K, reserved 1048576K
}
Event: 3.236 GC heap before
{Heap before GC invocations=2 (full 0):
 garbage-first heap   total 65536K, used 31631K [0x0000000080000000, 0x0000000100000000)
  region size 1024K, 24 young (24576K), 2 survivors (2048K)
 Metaspace       used 10761K, capacity 11007K, committed 11264K, reserved 1058816K
  class space    used 1123K, capacity 1206K, committed 1280K, reserved 1048576K
}
Event: 3.242 GC heap after
{Heap after GC invocations=3 (full 0):
 garbage-first heap   total 65536K, used 9556K [0x0000000080000000, 0x0000000100000000)
  region size 1024K, 2 young (2048K), 2 survivors (2048K)
 Metaspace       used 10761K, capacity 11007K, committed 11264K, reserved 1058816K
  class space    used 1123K, capacity 1206K, committed 1280K, reserved 1048576K
}
Event: 4.049 GC heap before
{Heap before GC invocations=3 (full 0):
 garbage-first heap   total 65536K, used 42324K [0x0000000080000000, 0x0000000100000000)
  region size 1024K, 34 young (34816K), 2 survivors (2048K)
 Metaspace       used 14071K, capacity 14449K, committed 14592K, reserved 1062912K
  class space    used 1594K, capacity 1716K, committed 1792K, reserved 1048576K
}
Event: 4.057 GC heap after
{Heap after GC invocations=4 (full 0):
 garbage-first heap   total 65536K, used 15242K [0x0000000080000000, 0x0000000100000000)
  region size 1024K, 5 young (5120K), 5 survivors (5120K)
 Metaspace       used 14071K, capacity 14449K, committed 14592K, reserved 1062912K
  class space    used 1594K, capacity 1716K, committed 1792K, reserved 1048576K
}
Event: 5.719 GC heap before
{Heap before GC invocations=4 (full 0):
 garbage-first heap   total 65536K, used 42890K [0x0000000080000000, 0x0000000100000000)
  region size 1024K, 32 young (32768K), 5 survivors (5120K)
 Metaspace       used 19158K, capacity 19583K, committed 19712K, reserved 1067008K
  class space    used 2322K, capacity 2447K, committed 2560K, reserved 1048576K
}
Event: 5.730 GC heap after
{Heap after GC invocations=5 (full 0):
 garbage-first heap   total 65536K, used 16216K [0x0000000080000000, 0x0000000100000000)
  region size 1024K, 2 young (2048K), 2 survivors (2048K)
 Metaspace       used 19158K, capacity 19583K, committed 19712K, reserved 1067008K
  class space    used 2322K, capacity 2447K, committed 2560K, reserved 1048576K
}
Event: 6.617 GC heap before
{Heap before GC invocations=5 (full 0):
 garbage-first heap   total 65536K, used 25432K [0x0000000080000000, 0x0000000100000000)
  region size 1024K, 13 young (13312K), 2 survivors (2048K)
 Metaspace       used 20622K, capacity 21121K, committed 21248K, reserved 1067008K
  class space    used 2516K, capacity 2731K, committed 2816K, reserved 1048576K
}
Event: 6.623 GC heap after
{Heap after GC invocations=6 (full 0):
 garbage-first heap   total 78848K, used 16532K [0x0000000080000000, 0x0000000100000000)
  region size 1024K, 2 young (2048K), 2 survivors (2048K)
 Metaspace       used 20622K, capacity 21121K, committed 21248K, reserved 1067008K
  class space    used 2516K, capacity 2731K, committed 2816K, reserved 1048576K
}
Event: 7.393 GC heap before
{Heap before GC invocations=7 (full 0):
 garbage-first heap   total 78848K, used 46228K [0x0000000080000000, 0x0000000100000000)
  region size 1024K, 31 young (31744K), 2 survivors (2048K)
 Metaspace       used 23573K, capacity 24148K, committed 24320K, reserved 1071104K
  class space    used 3006K, capacity 3233K, committed 3328K, reserved 1048576K
}
Event: 7.402 GC heap after
{Heap after GC invocations=8 (full 0):
 garbage-first heap   total 78848K, used 17310K [0x0000000080000000, 0x0000000100000000)
  region size 1024K, 3 young (3072K), 3 survivors (3072K)
 Metaspace       used 23573K, capacity 24148K, committed 24320K, reserved 1071104K
  class space    used 3006K, capacity 3233K, committed 3328K, reserved 1048576K
}

Deoptimization events (20 events):
Event: 8.101 Thread 0x000001783a70d000 Uncommon trap: trap_request=0xffffff4d fr.pc=0x0000017829881568 relative=0x0000000000000048
Event: 8.101 Thread 0x000001783a70d000 Uncommon trap: reason=unstable_if action=reinterpret pc=0x0000017829881568 method=java.net.URI.match(CJJ)Z @ 19 c2
Event: 8.101 Thread 0x000001783a70d000 DEOPT PACKING pc=0x0000017829881568 sp=0x0000003b371fbdc0
Event: 8.101 Thread 0x000001783a70d000 DEOPT UNPACKING pc=0x0000017821dc78af sp=0x0000003b371fbd70 mode 2
Event: 8.314 Thread 0x000001783a70d000 Uncommon trap: trap_request=0xffffffc6 fr.pc=0x00000178299448e4 relative=0x0000000000003a44
Event: 8.314 Thread 0x000001783a70d000 Uncommon trap: reason=bimorphic_or_optimized_type_check action=maybe_recompile pc=0x00000178299448e4 method=java.lang.ClassLoader.loadClass(Ljava/lang/String;Z)Ljava/lang/Class; @ 38 c2
Event: 8.314 Thread 0x000001783a70d000 DEOPT PACKING pc=0x00000178299448e4 sp=0x0000003b371fbdf0
Event: 8.314 Thread 0x000001783a70d000 DEOPT UNPACKING pc=0x0000017821dc78af sp=0x0000003b371fbe40 mode 2
Event: 8.344 Thread 0x000001783a70d000 Uncommon trap: trap_request=0xffffffc6 fr.pc=0x00000178299448e4 relative=0x0000000000003a44
Event: 8.344 Thread 0x000001783a70d000 Uncommon trap: reason=bimorphic_or_optimized_type_check action=maybe_recompile pc=0x00000178299448e4 method=java.lang.ClassLoader.loadClass(Ljava/lang/String;Z)Ljava/lang/Class; @ 38 c2
Event: 8.344 Thread 0x000001783a70d000 DEOPT PACKING pc=0x00000178299448e4 sp=0x0000003b371f8a80
Event: 8.344 Thread 0x000001783a70d000 DEOPT UNPACKING pc=0x0000017821dc78af sp=0x0000003b371f8ad0 mode 2
Event: 8.345 Thread 0x000001783a70d000 Uncommon trap: trap_request=0xffffffc6 fr.pc=0x00000178299448e4 relative=0x0000000000003a44
Event: 8.345 Thread 0x000001783a70d000 Uncommon trap: reason=bimorphic_or_optimized_type_check action=maybe_recompile pc=0x00000178299448e4 method=java.lang.ClassLoader.loadClass(Ljava/lang/String;Z)Ljava/lang/Class; @ 38 c2
Event: 8.345 Thread 0x000001783a70d000 DEOPT PACKING pc=0x00000178299448e4 sp=0x0000003b371f8d10
Event: 8.345 Thread 0x000001783a70d000 DEOPT UNPACKING pc=0x0000017821dc78af sp=0x0000003b371f8d60 mode 2
Event: 8.346 Thread 0x000001783a70d000 Uncommon trap: trap_request=0xffffffc6 fr.pc=0x00000178299448e4 relative=0x0000000000003a44
Event: 8.346 Thread 0x000001783a70d000 Uncommon trap: reason=bimorphic_or_optimized_type_check action=maybe_recompile pc=0x00000178299448e4 method=java.lang.ClassLoader.loadClass(Ljava/lang/String;Z)Ljava/lang/Class; @ 38 c2
Event: 8.346 Thread 0x000001783a70d000 DEOPT PACKING pc=0x00000178299448e4 sp=0x0000003b371fa3c0
Event: 8.346 Thread 0x000001783a70d000 DEOPT UNPACKING pc=0x0000017821dc78af sp=0x0000003b371fa410 mode 2

Classes redefined (0 events):
No events

Internal exceptions (20 events):
Event: 6.212 Thread 0x000001783a70d000 Exception <a 'java/lang/NoSuchMethodError'{0x0000000083989d70}: 'java.lang.Object java.lang.invoke.DirectMethodHandle$Holder.invokeStatic(java.lang.Object, java.lang.Object, java.lang.Object, int)'> (0x0000000083989d70) thrown at [./src/hotspot/share/interpreter/linkResolver.cpp, line 773]
Event: 6.213 Thread 0x000001783a70d000 Exception <a 'java/lang/NoSuchMethodError'{0x000000008398df38}: 'java.lang.Object java.lang.invoke.DirectMethodHandle$Holder.invokeSpecial(java.lang.Object, java.lang.Object, java.lang.Object, java.lang.Object, int)'> (0x000000008398df38) thrown at [./src/hotspot/share/interpreter/linkResolver.cpp, line 773]
Event: 6.216 Thread 0x000001783a70d000 Exception <a 'java/lang/NoSuchMethodError'{0x0000000083991920}: 'java.lang.Object java.lang.invoke.Invokers$Holder.linkToTargetMethod(java.lang.Object, java.lang.Object, int, java.lang.Object)'> (0x0000000083991920) thrown at [./src/hotspot/share/interpreter/linkResolver.cpp, line 773]
Event: 6.642 Thread 0x000001783a70d000 Exception <a 'java/lang/NoSuchMethodError'{0x0000000084ca4e38}: 'int java.lang.invoke.DirectMethodHandle$Holder.invokeSpecialIFC(java.lang.Object, java.lang.Object, java.lang.Object, java.lang.Object)'> (0x0000000084ca4e38) thrown at [./src/hotspot/share/interpreter/linkResolver.cpp, line 773]
Event: 6.645 Thread 0x000001783a70d000 Exception <a 'java/lang/NoSuchMethodError'{0x0000000084cb2bf8}: 'java.lang.Object java.lang.invoke.DirectMethodHandle$Holder.invokeInterface(java.lang.Object, java.lang.Object, java.lang.Object)'> (0x0000000084cb2bf8) thrown at [./src/hotspot/share/interpreter/linkResolver.cpp, line 773]
Event: 6.646 Thread 0x000001783a70d000 Exception <a 'java/lang/IncompatibleClassChangeError'{0x0000000084cb60d0}: Found class java.lang.Object, but interface was expected> (0x0000000084cb60d0) thrown at [./src/hotspot/share/interpreter/linkResolver.cpp, line 839]
Event: 6.674 Thread 0x000001783a70d000 Exception <a 'java/lang/NoSuchMethodError'{0x0000000084b783b8}: 'void java.lang.invoke.DirectMethodHandle$Holder.invokeStatic(java.lang.Object, java.lang.Object, java.lang.Object, java.lang.Object, java.lang.Object)'> (0x0000000084b783b8) thrown at [./src/hotspot/share/interpreter/linkResolver.cpp, line 773]
Event: 6.793 Thread 0x000001783a70d000 Exception <a 'java/lang/NoSuchMethodError'{0x00000000846009b8}: 'void java.lang.invoke.DirectMethodHandle$Holder.invokeSpecial(java.lang.Object, java.lang.Object)'> (0x00000000846009b8) thrown at [./src/hotspot/share/interpreter/linkResolver.cpp, line 773]
Event: 6.861 Thread 0x000001783a70d000 Exception <a 'java/lang/NoSuchMethodError'{0x0000000084433400}: 'java.lang.Object java.lang.invoke.DirectMethodHandle$Holder.invokeSpecial(java.lang.Object, java.lang.Object, java.lang.Object, java.lang.Object, java.lang.Object, java.lang.Object, java.lang.Object, java.lang.Object, java.lang.Object)'> (0x0000000084433400) thrown at [./src/hotspot/share/interpreter/linkResolver.cpp, line 773]
Event: 6.985 Thread 0x000001783a70d000 Exception <a 'java/lang/NoSuchMethodError'{0x0000000083b64b78}: 'java.lang.Object java.lang.invoke.DirectMethodHandle$Holder.invokeVirtual(java.lang.Object, java.lang.Object, java.lang.Object, java.lang.Object)'> (0x0000000083b64b78) thrown at [./src/hotspot/share/interpreter/linkResolver.cpp, line 773]
Event: 7.026 Thread 0x000001783a70d000 Exception <a 'java/lang/NoSuchMethodError'{0x0000000083804a30}: 'java.lang.Object java.lang.invoke.Invokers$Holder.invoker(java.lang.Object, java.lang.Object, java.lang.Object, java.lang.Object, java.lang.Object)'> (0x0000000083804a30) thrown at [./src/hotspot/share/interpreter/linkResolver.cpp, line 773]
Event: 7.212 Thread 0x000001783a70d000 Exception <a 'java/lang/NoSuchMethodError'{0x0000000083251200}: 'void java.lang.invoke.DirectMethodHandle$Holder.invokeSpecial(java.lang.Object, java.lang.Object, java.lang.Object, java.lang.Object, java.lang.Object, java.lang.Object)'> (0x0000000083251200) thrown at [./src/hotspot/share/interpreter/linkResolver.cpp, line 773]
Event: 7.278 Thread 0x000001783a70d000 Exception <a 'java/lang/NoSuchMethodError'{0x00000000832b6af0}: 'void java.lang.invoke.DirectMethodHandle$Holder.invokeSpecial(java.lang.Object, java.lang.Object, java.lang.Object, java.lang.Object, java.lang.Object, java.lang.Object, java.lang.Object)'> (0x00000000832b6af0) thrown at [./src/hotspot/share/interpreter/linkResolver.cpp, line 773]
Event: 7.282 Thread 0x000001783a70d000 Exception <a 'java/lang/NoSuchMethodError'{0x00000000832bf080}: 'java.lang.Object java.lang.invoke.Invokers$Holder.linkToTargetMethod(java.lang.Object, java.lang.Object, java.lang.Object, java.lang.Object, java.lang.Object, java.lang.Object)'> (0x00000000832bf080) thrown at [./src/hotspot/share/interpreter/linkResolver.cpp, line 773]
Event: 7.868 Thread 0x000001783a70d000 Exception <a 'java/lang/NoSuchMethodError'{0x00000000844cd720}: 'void java.lang.invoke.DirectMethodHandle$Holder.invokeStaticInit(java.lang.Object, java.lang.Object)'> (0x00000000844cd720) thrown at [./src/hotspot/share/interpreter/linkResolver.cpp, line 773]
Event: 8.057 Thread 0x000001783a70d000 Exception <a 'java/lang/NoSuchMethodError'{0x0000000083d1c778}: 'void java.lang.invoke.DirectMethodHandle$Holder.invokeStatic(java.lang.Object, java.lang.Object, java.lang.Object, java.lang.Object)'> (0x0000000083d1c778) thrown at [./src/hotspot/share/interpreter/linkResolver.cpp, line 773]
Event: 8.061 Thread 0x000001783a70d000 Exception <a 'java/lang/NoSuchMethodError'{0x0000000083d301d8}: 'int java.lang.invoke.DirectMethodHandle$Holder.invokeInterface(java.lang.Object, java.lang.Object)'> (0x0000000083d301d8) thrown at [./src/hotspot/share/interpreter/linkResolver.cpp, line 773]
Event: 8.164 Thread 0x000001783a70d000 Exception <a 'java/lang/NoSuchMethodError'{0x0000000083cdff58}: 'int java.lang.invoke.DirectMethodHandle$Holder.invokeStaticInit(java.lang.Object, java.lang.Object, java.lang.Object)'> (0x0000000083cdff58) thrown at [./src/hotspot/share/interpreter/linkResolver.cpp, line 773]
Event: 8.348 Thread 0x000001783a70d000 Exception <a 'java/lang/NoSuchMethodError'{0x000000008389dae8}: <clinit>> (0x000000008389dae8) thrown at [./src/hotspot/share/prims/jni.cpp, line 1362]
Event: 8.358 Thread 0x000001783a70d000 Exception <a 'java/lang/NoSuchMethodError'{0x00000000838fb610}: <clinit>> (0x00000000838fb610) thrown at [./src/hotspot/share/prims/jni.cpp, line 1362]

Events (20 events):
Event: 8.351 loading class org/gradle/tooling/internal/protocol/InternalBuildAction
Event: 8.351 loading class org/gradle/tooling/internal/protocol/InternalBuildAction done
Event: 8.352 loading class org/gradle/tooling/internal/adapter/TargetTypeProvider
Event: 8.352 loading class org/gradle/tooling/internal/adapter/TargetTypeProvider done
Event: 8.353 loading class org/gradle/tooling/BuildController
Event: 8.353 loading class org/gradle/tooling/BuildController done
Event: 8.354 loading class org/gradle/tooling/BuildAction
Event: 8.354 loading class org/gradle/tooling/BuildAction done
Event: 8.355 loading class org/gradle/tooling/internal/consumer/versioning/VersionDetails
Event: 8.355 loading class org/gradle/tooling/internal/consumer/versioning/VersionDetails done
Event: 8.356 loading class org/gradle/tooling/internal/protocol/InternalBuildControllerVersion2
Event: 8.356 loading class org/gradle/tooling/internal/protocol/InternalBuildControllerVersion2 done
Event: 8.356 loading class org/gradle/tooling/internal/protocol/InternalBuildControllerVersion2
Event: 8.356 loading class org/gradle/tooling/internal/protocol/InternalBuildControllerVersion2 done
Event: 8.357 loading class org/gradle/tooling/internal/protocol/InternalBuildController
Event: 8.357 loading class org/gradle/tooling/internal/protocol/InternalBuildController done
Event: 8.357 loading class org/gradle/tooling/internal/protocol/InternalBuildController
Event: 8.357 loading class org/gradle/tooling/internal/protocol/InternalBuildController done
Event: 8.358 loading class org/jetbrains/plugins/gradle/model/ProjectImportAction
Event: 8.358 loading class org/jetbrains/plugins/gradle/model/ProjectImportAction done


Dynamic libraries:
0x00007ff6977b0000 - 0x00007ff6977ba000 	C:\Program Files\Android\Android Studio\jre\bin\java.exe
0x00007ffdb19f0000 - 0x00007ffdb1be5000 	C:\WINDOWS\SYSTEM32\ntdll.dll
0x00007ffdb09c0000 - 0x00007ffdb0a7e000 	C:\WINDOWS\System32\KERNEL32.DLL
0x00007ffdaf520000 - 0x00007ffdaf7e9000 	C:\WINDOWS\System32\KERNELBASE.dll
0x00007ffdaf3c0000 - 0x00007ffdaf4c0000 	C:\WINDOWS\System32\ucrtbase.dll
0x00007ffda8460000 - 0x00007ffda8477000 	C:\Program Files\Android\Android Studio\jre\bin\VCRUNTIME140.dll
0x00007ffd9fac0000 - 0x00007ffd9fad9000 	C:\Program Files\Android\Android Studio\jre\bin\jli.dll
0x00007ffdafb10000 - 0x00007ffdafcb1000 	C:\WINDOWS\System32\USER32.dll
0x00007ffdaf870000 - 0x00007ffdaf892000 	C:\WINDOWS\System32\win32u.dll
0x00007ffda21a0000 - 0x00007ffda243a000 	C:\WINDOWS\WinSxS\amd64_microsoft.windows.common-controls_6595b64144ccf1df_6.0.19041.1110_none_60b5254171f9507e\COMCTL32.dll
0x00007ffdb0e30000 - 0x00007ffdb0ece000 	C:\WINDOWS\System32\msvcrt.dll
0x00007ffdb0a80000 - 0x00007ffdb0aab000 	C:\WINDOWS\System32\GDI32.dll
0x00007ffdaf8a0000 - 0x00007ffdaf9ab000 	C:\WINDOWS\System32\gdi32full.dll
0x00007ffdaf320000 - 0x00007ffdaf3bd000 	C:\WINDOWS\System32\msvcp_win.dll
0x00007ffdb0be0000 - 0x00007ffdb0c10000 	C:\WINDOWS\System32\IMM32.DLL
0x00007ffd767c0000 - 0x00007ffd7685d000 	C:\Program Files\Android\Android Studio\jre\bin\msvcp140.dll
0x00007ffd83220000 - 0x00007ffd83cef000 	C:\Program Files\Android\Android Studio\jre\bin\server\jvm.dll
0x00007ffdb1900000 - 0x00007ffdb19ac000 	C:\WINDOWS\System32\ADVAPI32.dll
0x00007ffdb0ab0000 - 0x00007ffdb0b4b000 	C:\WINDOWS\System32\sechost.dll
0x00007ffdb17d0000 - 0x00007ffdb18fa000 	C:\WINDOWS\System32\RPCRT4.dll
0x00007ffdb0ed0000 - 0x00007ffdb0ed8000 	C:\WINDOWS\System32\PSAPI.DLL
0x00007ffdac910000 - 0x00007ffdac919000 	C:\WINDOWS\SYSTEM32\WSOCK32.dll
0x00007ffdb11e0000 - 0x00007ffdb124b000 	C:\WINDOWS\System32\WS2_32.dll
0x00007ffda1a60000 - 0x00007ffda1a6a000 	C:\WINDOWS\SYSTEM32\VERSION.dll
0x00007ffdac940000 - 0x00007ffdac967000 	C:\WINDOWS\SYSTEM32\WINMM.dll
0x00007ffdad010000 - 0x00007ffdad022000 	C:\WINDOWS\SYSTEM32\kernel.appcore.dll
0x00007ffdaab60000 - 0x00007ffdaab71000 	C:\Program Files\Android\Android Studio\jre\bin\verify.dll
0x00007ffd9b0c0000 - 0x00007ffd9b2a4000 	C:\WINDOWS\SYSTEM32\DBGHELP.DLL
0x00007ffd9b070000 - 0x00007ffd9b09c000 	C:\WINDOWS\SYSTEM32\dbgcore.DLL
0x00007ffdaf9b0000 - 0x00007ffdafa33000 	C:\WINDOWS\System32\bcryptPrimitives.dll
0x00007ffda9c60000 - 0x00007ffda9c89000 	C:\Program Files\Android\Android Studio\jre\bin\java.dll
0x00007ffdac8e0000 - 0x00007ffdac8eb000 	C:\Program Files\Android\Android Studio\jre\bin\jimage.dll
0x00007ffdaab20000 - 0x00007ffdaab38000 	C:\Program Files\Android\Android Studio\jre\bin\zip.dll
0x00007ffdb0280000 - 0x00007ffdb09bf000 	C:\WINDOWS\System32\SHELL32.dll
0x00007ffdad210000 - 0x00007ffdad9a0000 	C:\WINDOWS\SYSTEM32\windows.storage.dll
0x00007ffdb1250000 - 0x00007ffdb15a5000 	C:\WINDOWS\System32\combase.dll
0x00007ffdaeb60000 - 0x00007ffdaeb8c000 	C:\WINDOWS\SYSTEM32\Wldp.dll
0x00007ffdb0ee0000 - 0x00007ffdb0f8e000 	C:\WINDOWS\System32\SHCORE.dll
0x00007ffdb1770000 - 0x00007ffdb17c5000 	C:\WINDOWS\System32\shlwapi.dll
0x00007ffdaf050000 - 0x00007ffdaf06f000 	C:\WINDOWS\SYSTEM32\profapi.dll
0x00007ffda9bf0000 - 0x00007ffda9c0a000 	C:\Program Files\Android\Android Studio\jre\bin\net.dll
0x00007ffda01c0000 - 0x00007ffda02c8000 	C:\WINDOWS\SYSTEM32\WINHTTP.dll
0x00007ffdae8c0000 - 0x00007ffdae92a000 	C:\WINDOWS\system32\mswsock.dll
0x00007ffda9ab0000 - 0x00007ffda9ac4000 	C:\Program Files\Android\Android Studio\jre\bin\nio.dll
0x00007ffda9c20000 - 0x00007ffda9c47000 	C:\Users\MinhNgan\.gradle\native\8bec1ad78214c89d9ad589b4d07fe93259594b29d510b10fafb7a158f7737e5d\windows-amd64\native-platform.dll
0x00007ffd9ef70000 - 0x00007ffd9f0ad000 	C:\Users\MinhNgan\.gradle\native\53dbd7edfb1c66fb8903c78663c9afc45aea4f116125fa6feffd364cf09443e8\windows-amd64\native-platform-file-events.dll
0x00007ffdaabe0000 - 0x00007ffdaabea000 	C:\Program Files\Android\Android Studio\jre\bin\management.dll
0x00007ffdaab50000 - 0x00007ffdaab5c000 	C:\Program Files\Android\Android Studio\jre\bin\management_ext.dll
0x00007ffdaeab0000 - 0x00007ffdaeac8000 	C:\WINDOWS\SYSTEM32\CRYPTSP.dll
0x00007ffdae1d0000 - 0x00007ffdae204000 	C:\WINDOWS\system32\rsaenh.dll
0x00007ffdaf7f0000 - 0x00007ffdaf817000 	C:\WINDOWS\System32\bcrypt.dll
0x00007ffdaefd0000 - 0x00007ffdaeffe000 	C:\WINDOWS\SYSTEM32\USERENV.dll
0x00007ffdaead0000 - 0x00007ffdaeadc000 	C:\WINDOWS\SYSTEM32\CRYPTBASE.dll
0x00007ffdae560000 - 0x00007ffdae59b000 	C:\WINDOWS\SYSTEM32\IPHLPAPI.DLL
0x00007ffdb0e20000 - 0x00007ffdb0e28000 	C:\WINDOWS\System32\NSI.dll
0x00007ffda4370000 - 0x00007ffda4387000 	C:\WINDOWS\SYSTEM32\dhcpcsvc6.DLL
0x00007ffda62e0000 - 0x00007ffda62fd000 	C:\WINDOWS\SYSTEM32\dhcpcsvc.DLL
0x00007ffdae5a0000 - 0x00007ffdae66c000 	C:\WINDOWS\SYSTEM32\DNSAPI.dll

dbghelp: loaded successfully - version: 4.0.5 - missing functions: none
symbol engine: initialized successfully - sym options: 0x614 - pdb path: .;C:\Program Files\Android\Android Studio\jre\bin;C:\WINDOWS\SYSTEM32;C:\WINDOWS\WinSxS\amd64_microsoft.windows.common-controls_6595b64144ccf1df_6.0.19041.1110_none_60b5254171f9507e;C:\Program Files\Android\Android Studio\jre\bin\server;C:\Users\MinhNgan\.gradle\native\8bec1ad78214c89d9ad589b4d07fe93259594b29d510b10fafb7a158f7737e5d\windows-amd64;C:\Users\MinhNgan\.gradle\native\53dbd7edfb1c66fb8903c78663c9afc45aea4f116125fa6feffd364cf09443e8\windows-amd64

VM Arguments:
jvm_args: --add-opens=java.base/java.util=ALL-UNNAMED --add-opens=java.base/java.lang=ALL-UNNAMED --add-opens=java.base/java.lang.invoke=ALL-UNNAMED --add-opens=java.base/java.util=ALL-UNNAMED --add-opens=java.prefs/java.util.prefs=ALL-UNNAMED --add-opens=java.prefs/java.util.prefs=ALL-UNNAMED --add-opens=java.base/java.nio.charset=ALL-UNNAMED --add-opens=java.base/java.net=ALL-UNNAMED --add-opens=java.base/java.util.concurrent.atomic=ALL-UNNAMED -Xmx2048m -Dfile.encoding=UTF-8 -Duser.country=US -Duser.language=en -Duser.variant 
java_command: org.gradle.launcher.daemon.bootstrap.GradleDaemon 7.0.2
java_class_path (initial): C:\Users\MinhNgan\.gradle\wrapper\dists\gradle-7.0.2-bin\857tjihv64xamwrf0h14cai3r\gradle-7.0.2\lib\gradle-launcher-7.0.2.jar
Launcher Type: SUN_STANDARD

[Global flags]
     intx CICompilerCount                          = 3                                         {product} {ergonomic}
     uint ConcGCThreads                            = 1                                         {product} {ergonomic}
     uint G1ConcRefinementThreads                  = 4                                         {product} {ergonomic}
   size_t G1HeapRegionSize                         = 1048576                                   {product} {ergonomic}
    uintx GCDrainStackTargetSize                   = 64                                        {product} {ergonomic}
   size_t InitialHeapSize                          = 67108864                                  {product} {ergonomic}
   size_t MarkStackSize                            = 4194304                                   {product} {ergonomic}
   size_t MaxHeapSize                              = 2147483648                                {product} {command line}
   size_t MaxNewSize                               = 1287651328                                {product} {ergonomic}
   size_t MinHeapDeltaBytes                        = 1048576                                   {product} {ergonomic}
    uintx NonNMethodCodeHeapSize                   = 5830732                                {pd product} {ergonomic}
    uintx NonProfiledCodeHeapSize                  = 122913754                              {pd product} {ergonomic}
    uintx ProfiledCodeHeapSize                     = 122913754                              {pd product} {ergonomic}
    uintx ReservedCodeCacheSize                    = 251658240                              {pd product} {ergonomic}
     bool SegmentedCodeCache                       = true                                      {product} {ergonomic}
     bool UseCompressedClassPointers               = true                                 {lp64_product} {ergonomic}
     bool UseCompressedOops                        = true                                 {lp64_product} {ergonomic}
     bool UseG1GC                                  = true                                      {product} {ergonomic}
     bool UseLargePagesIndividualAllocation        = false                                  {pd product} {ergonomic}

Logging:
Log output configuration:
 #0: stdout all=warning uptime,level,tags
 #1: stderr all=off uptime,level,tags

Environment Variables:
PATH=C:\Program Files\Common Files\Oracle\Java\javapath;C:\WINDOWS\system32;C:\WINDOWS;C:\WINDOWS\System32\Wbem;C:\WINDOWS\System32\WindowsPowerShell\v1.0\;C:\WINDOWS\System32\OpenSSH\;C:\Program Files\dotnet\;C:\Program Files\Microsoft SQL Server\130\Tools\Binn\;C:\Program Files\Microsoft SQL Server\Client SDK\ODBC\170\Tools\Binn\;C:\Users\MinhNgan\AppData\Local\Microsoft\WindowsApps;
USERNAME=MinhNgan
OS=Windows_NT
PROCESSOR_IDENTIFIER=Intel64 Family 6 Model 69 Stepping 1, GenuineIntel



---------------  S Y S T E M  ---------------

OS: Windows 10 , 64 bit Build 19041 (10.0.19041.1202)
OS uptime: 0 days 10:16 hours

CPU:total 4 (initial active 4) (2 cores per cpu, 2 threads per core) family 6 model 69 stepping 1 microcode 0x25, cmov, cx8, fxsr, mmx, sse, sse2, sse3, ssse3, sse4.1, sse4.2, popcnt, avx, avx2, aes, clmul, erms, lzcnt, ht, tsc, tscinvbit, bmi1, bmi2, fma

Memory: 4k page, system-wide physical 3979M (46M free)
TotalPageFile size 10379M (AvailPageFile size 4M)
current process WorkingSet (physical memory assigned to process): 168M, peak: 168M
current process commit charge ("private bytes"): 214M, peak: 216M

vm_info: OpenJDK 64-Bit Server VM (11.0.10+0-b96-7249189) for windows-amd64 JRE (11.0.10+0-b96-7249189), built on Mar 31 2021 21:44:00 by "builder" with MS VC++ 14.0 (VS2015)

END.
