#
# There is insufficient memory for the Java Runtime Environment to continue.
# Native memory allocation (malloc) failed to allocate 946416 bytes for Chunk::new
# Possible reasons:
#   The system is out of physical RAM or swap space
#   The process is running with CompressedOops enabled, and the Java Heap may be blocking the growth of the native heap
# Possible solutions:
#   Reduce memory load on the system
#   Increase physical memory or swap space
#   Check if swap backing store is full
#   Decrease Java heap size (-Xmx/-Xms)
#   Decrease number of Java threads
#   Decrease Java thread stack sizes (-Xss)
#   Set larger code cache with -XX:ReservedCodeCacheSize=
#   JVM is running with Unscaled Compressed Oops mode in which the Java heap is
#     placed in the first 4GB address space. The Java Heap base address is the
#     maximum limit for the native heap growth. Please use -XX:HeapBaseMinAddress
#     to set the Java Heap base and to place the Java Heap above 4GB virtual address.
# This output file may be truncated or incomplete.
#
#  Out of Memory Error (./src/hotspot/share/memory/arena.cpp:197), pid=8664, tid=5116
#
# JRE version: OpenJDK Runtime Environment (11.0.10) (build 11.0.10+0-b96-7249189)
# Java VM: OpenJDK 64-Bit Server VM (11.0.10+0-b96-7249189, mixed mode, tiered, compressed oops, g1 gc, windows-amd64)
# No core dump will be written. Minidumps are not enabled by default on client versions of Windows
#

---------------  S U M M A R Y ------------

Command Line: --add-opens=java.base/java.util=ALL-UNNAMED --add-opens=java.base/java.lang=ALL-UNNAMED --add-opens=java.base/java.lang.invoke=ALL-UNNAMED --add-opens=java.base/java.util=ALL-UNNAMED --add-opens=java.prefs/java.util.prefs=ALL-UNNAMED --add-opens=java.prefs/java.util.prefs=ALL-UNNAMED --add-opens=java.base/java.nio.charset=ALL-UNNAMED --add-opens=java.base/java.net=ALL-UNNAMED --add-opens=java.base/java.util.concurrent.atomic=ALL-UNNAMED -Xmx2048m -Dfile.encoding=UTF-8 -Duser.country=US -Duser.language=en -Duser.variant org.gradle.launcher.daemon.bootstrap.GradleDaemon 7.0.2

Host: Intel(R) Core(TM) i5-4210U CPU @ 1.70GHz, 4 cores, 3G,  Windows 10 , 64 bit Build 19041 (10.0.19041.1202)
Time: Mon Nov  1 21:31:22 2021 SE Asia Standard Time elapsed time: 63.793358 seconds (0d 0h 1m 3s)

---------------  T H R E A D  ---------------

Current thread (0x00000203a80d9000):  JavaThread "C2 CompilerThread0" daemon [_thread_in_native, id=5116, stack(0x000000261d200000,0x000000261d300000)]


Current CompileTask:
C2:  63793 8286   !   4       java.nio.file.FileTreeWalker::next (144 bytes)

Stack: [0x000000261d200000,0x000000261d300000]
Native frames: (J=compiled Java code, j=interpreted, Vv=VM code, C=native code)
V  [jvm.dll+0x5ecfaa]
V  [jvm.dll+0x722bd5]
V  [jvm.dll+0x72412d]
V  [jvm.dll+0x7247e3]
V  [jvm.dll+0x242928]
V  [jvm.dll+0xbc4fc]
V  [jvm.dll+0xbca0c]
V  [jvm.dll+0x352d7d]
V  [jvm.dll+0x320ad3]
V  [jvm.dll+0x31ffca]
V  [jvm.dll+0x1fb602]
V  [jvm.dll+0x1fa7f4]
V  [jvm.dll+0x18354c]
V  [jvm.dll+0x208ee7]
V  [jvm.dll+0x207731]
V  [jvm.dll+0x6eb1cf]
V  [jvm.dll+0x6e3d45]
V  [jvm.dll+0x5ebe96]
C  [ucrtbase.dll+0x21bb2]
C  [KERNEL32.DLL+0x17034]
C  [ntdll.dll+0x52651]


---------------  P R O C E S S  ---------------

Threads class SMR info:
_java_thread_list=0x00000203aecf0b10, length=47, elements={
0x000002038c59b800, 0x00000203a8078000, 0x00000203a8084000, 0x00000203a80d0800,
0x00000203a80d2000, 0x00000203a80d4000, 0x00000203a80d9000, 0x00000203a80de800,
0x00000203a8a40800, 0x00000203a8b59800, 0x00000203ab6fe800, 0x00000203a9def000,
0x00000203a9fa5800, 0x00000203a9887000, 0x00000203aa848800, 0x00000203a9739000,
0x00000203aa581800, 0x00000203a9a14800, 0x00000203aacee800, 0x00000203aacf1000,
0x00000203aaced800, 0x00000203aacf2000, 0x00000203aacef800, 0x00000203aacf0000,
0x00000203aacf2800, 0x00000203aaced000, 0x00000203aacf3800, 0x00000203aac75800,
0x00000203aac76000, 0x00000203aac77000, 0x00000203aac72000, 0x00000203aac78800,
0x00000203aac73800, 0x00000203aac74800, 0x00000203ad82f800, 0x00000203ad82c800,
0x00000203ad830800, 0x00000203ad82d000, 0x00000203ad831000, 0x00000203ad832000,
0x00000203ad833000, 0x00000203ad833800, 0x00000203ad834800, 0x00000203ad82e800,
0x00000203ad835800, 0x00000203ad838800, 0x00000203ad836000
}

Java Threads: ( => current thread )
  0x000002038c59b800 JavaThread "main" [_thread_blocked, id=68, stack(0x000000261c600000,0x000000261c700000)]
  0x00000203a8078000 JavaThread "Reference Handler" daemon [_thread_blocked, id=9100, stack(0x000000261cd00000,0x000000261ce00000)]
  0x00000203a8084000 JavaThread "Finalizer" daemon [_thread_blocked, id=6792, stack(0x000000261ce00000,0x000000261cf00000)]
  0x00000203a80d0800 JavaThread "Signal Dispatcher" daemon [_thread_blocked, id=4136, stack(0x000000261cf00000,0x000000261d000000)]
  0x00000203a80d2000 JavaThread "Attach Listener" daemon [_thread_blocked, id=10700, stack(0x000000261d000000,0x000000261d100000)]
  0x00000203a80d4000 JavaThread "Service Thread" daemon [_thread_blocked, id=8640, stack(0x000000261d100000,0x000000261d200000)]
=>0x00000203a80d9000 JavaThread "C2 CompilerThread0" daemon [_thread_in_native, id=5116, stack(0x000000261d200000,0x000000261d300000)]
  0x00000203a80de800 JavaThread "C1 CompilerThread0" daemon [_thread_blocked, id=9800, stack(0x000000261d300000,0x000000261d400000)]
  0x00000203a8a40800 JavaThread "Sweeper thread" daemon [_thread_blocked, id=9316, stack(0x000000261d400000,0x000000261d500000)]
  0x00000203a8b59800 JavaThread "Common-Cleaner" daemon [_thread_blocked, id=8776, stack(0x000000261d500000,0x000000261d600000)]
  0x00000203ab6fe800 JavaThread "Daemon health stats" [_thread_blocked, id=9332, stack(0x000000261d800000,0x000000261d900000)]
  0x00000203a9def000 JavaThread "Incoming local TCP Connector on port 55791" [_thread_in_native, id=1308, stack(0x000000261db00000,0x000000261dc00000)]
  0x00000203a9fa5800 JavaThread "Daemon periodic checks" [_thread_blocked, id=4704, stack(0x000000261dc00000,0x000000261dd00000)]
  0x00000203a9887000 JavaThread "Daemon" [_thread_blocked, id=4112, stack(0x000000261dd00000,0x000000261de00000)]
  0x00000203aa848800 JavaThread "Handler for socket connection from /127.0.0.1:55791 to /127.0.0.1:55792" [_thread_in_native, id=8996, stack(0x000000261de00000,0x000000261df00000)]
  0x00000203a9739000 JavaThread "Cancel handler" [_thread_blocked, id=1852, stack(0x000000261df00000,0x000000261e000000)]
  0x00000203aa581800 JavaThread "Daemon worker" [_thread_blocked, id=6804, stack(0x000000261e000000,0x000000261e100000)]
  0x00000203a9a14800 JavaThread "Asynchronous log dispatcher for DefaultDaemonConnection: socket connection from /127.0.0.1:55791 to /127.0.0.1:55792" [_thread_blocked, id=6980, stack(0x000000261e100000,0x000000261e200000)]
  0x00000203aacee800 JavaThread "Stdin handler" [_thread_blocked, id=5408, stack(0x000000261e200000,0x000000261e300000)]
  0x00000203aacf1000 JavaThread "Daemon client event forwarder" [_thread_blocked, id=5584, stack(0x000000261e300000,0x000000261e400000)]
  0x00000203aaced800 JavaThread "Cache worker for file hash cache (C:\Users\MinhNgan\.gradle\caches\7.0.2\fileHashes)" [_thread_blocked, id=3956, stack(0x000000261e400000,0x000000261e500000)]
  0x00000203aacf2000 JavaThread "File lock request listener" [_thread_in_native, id=8016, stack(0x000000261e500000,0x000000261e600000)]
  0x00000203aacef800 JavaThread "Cache worker for journal cache (C:\Users\MinhNgan\.gradle\caches\journal-1)" [_thread_blocked, id=6844, stack(0x000000261e600000,0x000000261e700000)]
  0x00000203aacf0000 JavaThread "Cache worker for file hash cache (C:\Users\MinhNgan\AndroidStudioProjects\login\.gradle\7.0.2\fileHashes)" [_thread_blocked, id=2764, stack(0x000000261e700000,0x000000261e800000)]
  0x00000203aacf2800 JavaThread "File watcher server" daemon [_thread_in_native, id=3212, stack(0x000000261e800000,0x000000261e900000)]
  0x00000203aaced000 JavaThread "File watcher consumer" daemon [_thread_blocked, id=1848, stack(0x000000261e900000,0x000000261ea00000)]
  0x00000203aacf3800 JavaThread "Cache worker for checksums cache (C:\Users\MinhNgan\AndroidStudioProjects\login\.gradle\checksums)" [_thread_blocked, id=10676, stack(0x000000261ea00000,0x000000261eb00000)]
  0x00000203aac75800 JavaThread "Cache worker for cache directory md-supplier (C:\Users\MinhNgan\.gradle\caches\7.0.2\md-supplier)" [_thread_blocked, id=11108, stack(0x000000261eb00000,0x000000261ec00000)]
  0x00000203aac76000 JavaThread "Cache worker for cache directory md-rule (C:\Users\MinhNgan\.gradle\caches\7.0.2\md-rule)" [_thread_blocked, id=8312, stack(0x000000261ec00000,0x000000261ed00000)]
  0x00000203aac77000 JavaThread "Cache worker for execution history cache (C:\Users\MinhNgan\.gradle\caches\7.0.2\executionHistory)" [_thread_blocked, id=3180, stack(0x000000261ed00000,0x000000261ee00000)]
  0x00000203aac72000 JavaThread "jar transforms" [_thread_blocked, id=4700, stack(0x000000261ee00000,0x000000261ef00000)]
  0x00000203aac78800 JavaThread "jar transforms Thread 2" [_thread_blocked, id=2952, stack(0x000000261ef00000,0x000000261f000000)]
  0x00000203aac73800 JavaThread "Cache worker for file content cache (C:\Users\MinhNgan\.gradle\caches\7.0.2\fileContent)" [_thread_blocked, id=3356, stack(0x000000261f000000,0x000000261f100000)]
  0x00000203aac74800 JavaThread "Cache worker for dependencies-accessors (C:\Users\MinhNgan\AndroidStudioProjects\login\.gradle\7.0.2\dependencies-accessors)" [_thread_blocked, id=1524, stack(0x000000261f300000,0x000000261f400000)]
  0x00000203ad82f800 JavaThread "jar transforms Thread 3" [_thread_blocked, id=10336, stack(0x000000261f400000,0x000000261f500000)]
  0x00000203ad82c800 JavaThread "Cache worker for Build Output Cleanup Cache (C:\Users\MinhNgan\AndroidStudioProjects\login\.gradle\buildOutputCleanup)" [_thread_blocked, id=2272, stack(0x000000261f500000,0x000000261f600000)]
  0x00000203ad830800 JavaThread "Build operations" [_thread_blocked, id=9144, stack(0x000000261f600000,0x000000261f700000)]
  0x00000203ad82d000 JavaThread "Build operations Thread 2" [_thread_blocked, id=9524, stack(0x000000261f700000,0x000000261f800000)]
  0x00000203ad831000 JavaThread "Build operations Thread 3" [_thread_blocked, id=8276, stack(0x000000261f800000,0x000000261f900000)]
  0x00000203ad832000 JavaThread "Build operations Thread 4" [_thread_in_native, id=2644, stack(0x000000261f900000,0x000000261fa00000)]
  0x00000203ad833000 JavaThread "jar transforms Thread 4" [_thread_blocked, id=10796, stack(0x000000261fa00000,0x000000261fb00000)]
  0x00000203ad833800 JavaThread "Memory manager" [_thread_blocked, id=7092, stack(0x000000261fb00000,0x000000261fc00000)]
  0x00000203ad834800 JavaThread "build event listener" [_thread_blocked, id=10880, stack(0x000000261c300000,0x000000261c400000)]
  0x00000203ad82e800 JavaThread "Execution worker for ':'" [_thread_blocked, id=192, stack(0x000000261c400000,0x000000261c500000)]
  0x00000203ad835800 JavaThread "Execution worker for ':' Thread 2" [_thread_in_Java, id=8540, stack(0x000000261c500000,0x000000261c600000)]
  0x00000203ad838800 JavaThread "Execution worker for ':' Thread 3" [_thread_blocked, id=4944, stack(0x000000261fc00000,0x000000261fd00000)]
  0x00000203ad836000 JavaThread "Cache worker for execution history cache (C:\Users\MinhNgan\AndroidStudioProjects\login\.gradle\7.0.2\executionHistory)" [_thread_blocked, id=5464, stack(0x000000261fd00000,0x000000261fe00000)]

Other Threads:
  0x00000203a8070000 VMThread "VM Thread" [stack: 0x000000261cc00000,0x000000261cd00000] [id=10144]
  0x00000203a8b97800 WatcherThread [stack: 0x000000261d600000,0x000000261d700000] [id=4836]
  0x000002038c5b4800 GCTaskThread "GC Thread#0" [stack: 0x000000261c700000,0x000000261c800000] [id=2104]
  0x00000203a8fbf800 GCTaskThread "GC Thread#1" [stack: 0x000000261d700000,0x000000261d800000] [id=8388]
  0x00000203a9b5a800 GCTaskThread "GC Thread#2" [stack: 0x000000261d900000,0x000000261da00000] [id=3084]
  0x00000203aa279000 GCTaskThread "GC Thread#3" [stack: 0x000000261da00000,0x000000261db00000] [id=8080]
  0x000002038c5e4800 ConcurrentGCThread "G1 Main Marker" [stack: 0x000000261c800000,0x000000261c900000] [id=7876]
  0x000002038c5e6800 ConcurrentGCThread "G1 Conc#0" [stack: 0x000000261c900000,0x000000261ca00000] [id=3924]
  0x000002038c63f800 ConcurrentGCThread "G1 Refine#0" [stack: 0x000000261ca00000,0x000000261cb00000] [id=10236]
  0x000002038c640800 ConcurrentGCThread "G1 Young RemSet Sampling" [stack: 0x000000261cb00000,0x000000261cc00000] [id=10568]

Threads with active compile tasks:
C2 CompilerThread0  63872 8286   !   4       java.nio.file.FileTreeWalker::next (144 bytes)

VM state:not at safepoint (normal execution)

VM Mutex/Monitor currently owned by a thread:  ([mutex/lock_event])
[0x000002038c596aa0] CodeCache_lock - owner thread: 0x00000203a80de800

Heap address: 0x0000000080000000, size: 2048 MB, Compressed Oops mode: 32-bit
Narrow klass base: 0x0000000000000000, Narrow klass shift: 3
Compressed class space size: 1073741824 Address: 0x0000000100000000

Heap:
 garbage-first heap   total 114688K, used 66699K [0x0000000080000000, 0x0000000100000000)
  region size 1024K, 9 young (9216K), 4 survivors (4096K)
 Metaspace       used 78525K, capacity 80497K, committed 80636K, reserved 1118208K
  class space    used 10284K, capacity 11009K, committed 11136K, reserved 1048576K
Heap Regions: E=young(eden), S=young(survivor), O=old, HS=humongous(starts), HC=humongous(continues), CS=collection set, F=free, A=archive, TAMS=top-at-mark-start (previous, next)
|   0|0x0000000080000000, 0x0000000080100000, 0x0000000080100000|100%| O|  |TAMS 0x0000000080100000, 0x0000000080000000| Untracked 
|   1|0x0000000080100000, 0x0000000080200000, 0x0000000080200000|100%| O|  |TAMS 0x0000000080200000, 0x0000000080100000| Untracked 
|   2|0x0000000080200000, 0x0000000080300000, 0x0000000080300000|100%| O|  |TAMS 0x0000000080300000, 0x0000000080200000| Untracked 
|   3|0x0000000080300000, 0x0000000080400000, 0x0000000080400000|100%|HS|  |TAMS 0x0000000080400000, 0x0000000080300000| Complete 
|   4|0x0000000080400000, 0x0000000080500000, 0x0000000080500000|100%|HC|  |TAMS 0x0000000080500000, 0x0000000080400000| Complete 
|   5|0x0000000080500000, 0x0000000080600000, 0x0000000080600000|100%|HC|  |TAMS 0x0000000080600000, 0x0000000080500000| Complete 
|   6|0x0000000080600000, 0x0000000080700000, 0x0000000080700000|100%| O|  |TAMS 0x0000000080700000, 0x0000000080600000| Untracked 
|   7|0x0000000080700000, 0x0000000080800000, 0x0000000080800000|100%| O|  |TAMS 0x0000000080800000, 0x0000000080700000| Untracked 
|   8|0x0000000080800000, 0x0000000080900000, 0x0000000080900000|100%| O|  |TAMS 0x0000000080900000, 0x0000000080800000| Untracked 
|   9|0x0000000080900000, 0x0000000080a00000, 0x0000000080a00000|100%| O|  |TAMS 0x0000000080a00000, 0x0000000080900000| Untracked 
|  10|0x0000000080a00000, 0x0000000080b00000, 0x0000000080b00000|100%| O|  |TAMS 0x0000000080b00000, 0x0000000080a00000| Untracked 
|  11|0x0000000080b00000, 0x0000000080c00000, 0x0000000080c00000|100%| O|  |TAMS 0x0000000080c00000, 0x0000000080b00000| Untracked 
|  12|0x0000000080c00000, 0x0000000080d00000, 0x0000000080d00000|100%| O|  |TAMS 0x0000000080d00000, 0x0000000080c00000| Untracked 
|  13|0x0000000080d00000, 0x0000000080e00000, 0x0000000080e00000|100%| O|  |TAMS 0x0000000080e00000, 0x0000000080d00000| Untracked 
|  14|0x0000000080e00000, 0x0000000080f00000, 0x0000000080f00000|100%| O|  |TAMS 0x0000000080f00000, 0x0000000080e00000| Untracked 
|  15|0x0000000080f00000, 0x0000000081000000, 0x0000000081000000|100%| O|  |TAMS 0x0000000081000000, 0x0000000080f00000| Untracked 
|  16|0x0000000081000000, 0x0000000081100000, 0x0000000081100000|100%| O|  |TAMS 0x0000000081100000, 0x0000000081000000| Untracked 
|  17|0x0000000081100000, 0x0000000081200000, 0x0000000081200000|100%| O|  |TAMS 0x0000000081200000, 0x0000000081100000| Untracked 
|  18|0x0000000081200000, 0x0000000081300000, 0x0000000081300000|100%| O|  |TAMS 0x0000000081300000, 0x0000000081200000| Untracked 
|  19|0x0000000081300000, 0x0000000081400000, 0x0000000081400000|100%| O|  |TAMS 0x0000000081400000, 0x0000000081300000| Untracked 
|  20|0x0000000081400000, 0x0000000081500000, 0x0000000081500000|100%| O|  |TAMS 0x0000000081500000, 0x0000000081400000| Untracked 
|  21|0x0000000081500000, 0x0000000081600000, 0x0000000081600000|100%| O|  |TAMS 0x0000000081600000, 0x0000000081500000| Untracked 
|  22|0x0000000081600000, 0x0000000081700000, 0x0000000081700000|100%| O|  |TAMS 0x0000000081700000, 0x0000000081600000| Untracked 
|  23|0x0000000081700000, 0x0000000081800000, 0x0000000081800000|100%| O|  |TAMS 0x0000000081800000, 0x0000000081700000| Untracked 
|  24|0x0000000081800000, 0x0000000081900000, 0x0000000081900000|100%| O|  |TAMS 0x0000000081900000, 0x0000000081800000| Untracked 
|  25|0x0000000081900000, 0x0000000081a00000, 0x0000000081a00000|100%| O|  |TAMS 0x0000000081a00000, 0x0000000081900000| Untracked 
|  26|0x0000000081a00000, 0x0000000081b00000, 0x0000000081b00000|100%| O|  |TAMS 0x0000000081b00000, 0x0000000081a00000| Untracked 
|  27|0x0000000081b00000, 0x0000000081c00000, 0x0000000081c00000|100%| O|  |TAMS 0x0000000081c00000, 0x0000000081b00000| Untracked 
|  28|0x0000000081c00000, 0x0000000081d00000, 0x0000000081d00000|100%|HS|  |TAMS 0x0000000081d00000, 0x0000000081c00000| Complete 
|  29|0x0000000081d00000, 0x0000000081e00000, 0x0000000081e00000|100%| O|  |TAMS 0x0000000081e00000, 0x0000000081d00000| Untracked 
|  30|0x0000000081e00000, 0x0000000081f00000, 0x0000000081f00000|100%| O|  |TAMS 0x0000000081f00000, 0x0000000081e00000| Untracked 
|  31|0x0000000081f00000, 0x0000000082000000, 0x0000000082000000|100%|HS|  |TAMS 0x0000000082000000, 0x0000000081f00000| Complete 
|  32|0x0000000082000000, 0x0000000082100000, 0x0000000082100000|100%| O|  |TAMS 0x0000000082100000, 0x0000000082000000| Untracked 
|  33|0x0000000082100000, 0x0000000082200000, 0x0000000082200000|100%| O|  |TAMS 0x0000000082200000, 0x0000000082100000| Untracked 
|  34|0x0000000082200000, 0x0000000082300000, 0x0000000082300000|100%|HS|  |TAMS 0x0000000082300000, 0x0000000082200000| Complete 
|  35|0x0000000082300000, 0x0000000082400000, 0x0000000082400000|100%|HC|  |TAMS 0x0000000082400000, 0x0000000082300000| Complete 
|  36|0x0000000082400000, 0x0000000082500000, 0x0000000082500000|100%| O|  |TAMS 0x0000000082500000, 0x0000000082400000| Untracked 
|  37|0x0000000082500000, 0x0000000082600000, 0x0000000082600000|100%| O|  |TAMS 0x0000000082600000, 0x0000000082500000| Untracked 
|  38|0x0000000082600000, 0x0000000082700000, 0x0000000082700000|100%| O|  |TAMS 0x0000000082700000, 0x0000000082600000| Untracked 
|  39|0x0000000082700000, 0x0000000082800000, 0x0000000082800000|100%| O|  |TAMS 0x0000000082800000, 0x0000000082700000| Untracked 
|  40|0x0000000082800000, 0x0000000082900000, 0x0000000082900000|100%| O|  |TAMS 0x0000000082900000, 0x0000000082800000| Untracked 
|  41|0x0000000082900000, 0x0000000082a00000, 0x0000000082a00000|100%| O|  |TAMS 0x0000000082a00000, 0x0000000082900000| Untracked 
|  42|0x0000000082a00000, 0x0000000082b00000, 0x0000000082b00000|100%| O|  |TAMS 0x0000000082b00000, 0x0000000082a00000| Untracked 
|  43|0x0000000082b00000, 0x0000000082c00000, 0x0000000082c00000|100%| O|  |TAMS 0x0000000082c00000, 0x0000000082b00000| Untracked 
|  44|0x0000000082c00000, 0x0000000082d00000, 0x0000000082d00000|100%| O|  |TAMS 0x0000000082d00000, 0x0000000082c00000| Untracked 
|  45|0x0000000082d00000, 0x0000000082e00000, 0x0000000082e00000|100%| O|  |TAMS 0x0000000082e00000, 0x0000000082d00000| Untracked 
|  46|0x0000000082e00000, 0x0000000082f00000, 0x0000000082f00000|100%| O|  |TAMS 0x0000000082f00000, 0x0000000082e00000| Untracked 
|  47|0x0000000082f00000, 0x0000000083000000, 0x0000000083000000|100%| O|  |TAMS 0x0000000083000000, 0x0000000082f00000| Untracked 
|  48|0x0000000083000000, 0x0000000083100000, 0x0000000083100000|100%| O|  |TAMS 0x0000000083100000, 0x0000000083000000| Untracked 
|  49|0x0000000083100000, 0x0000000083200000, 0x0000000083200000|100%| O|  |TAMS 0x0000000083200000, 0x0000000083100000| Untracked 
|  50|0x0000000083200000, 0x0000000083300000, 0x0000000083300000|100%| O|  |TAMS 0x0000000083300000, 0x0000000083200000| Untracked 
|  51|0x0000000083300000, 0x0000000083400000, 0x0000000083400000|100%| O|  |TAMS 0x0000000083400000, 0x0000000083300000| Untracked 
|  52|0x0000000083400000, 0x0000000083500000, 0x0000000083500000|100%| O|  |TAMS 0x0000000083500000, 0x0000000083400000| Untracked 
|  53|0x0000000083500000, 0x0000000083600000, 0x0000000083600000|100%| O|  |TAMS 0x0000000083600000, 0x0000000083500000| Untracked 
|  54|0x0000000083600000, 0x0000000083700000, 0x0000000083700000|100%| O|  |TAMS 0x0000000083700000, 0x0000000083600000| Untracked 
|  55|0x0000000083700000, 0x0000000083800000, 0x0000000083800000|100%| O|  |TAMS 0x0000000083800000, 0x0000000083700000| Untracked 
|  56|0x0000000083800000, 0x0000000083900000, 0x0000000083900000|100%| O|  |TAMS 0x000000008380ac00, 0x0000000083800000| Untracked 
|  57|0x0000000083900000, 0x000000008396e600, 0x0000000083a00000| 43%| O|  |TAMS 0x0000000083900000, 0x0000000083900000| Untracked 
|  58|0x0000000083a00000, 0x0000000083a00000, 0x0000000083b00000|  0%| F|  |TAMS 0x0000000083a00000, 0x0000000083a00000| Untracked 
|  59|0x0000000083b00000, 0x0000000083b00000, 0x0000000083c00000|  0%| F|  |TAMS 0x0000000083b00000, 0x0000000083b00000| Untracked 
|  60|0x0000000083c00000, 0x0000000083c00000, 0x0000000083d00000|  0%| F|  |TAMS 0x0000000083c00000, 0x0000000083c00000| Untracked 
|  61|0x0000000083d00000, 0x0000000083d00000, 0x0000000083e00000|  0%| F|  |TAMS 0x0000000083d00000, 0x0000000083d00000| Untracked 
|  62|0x0000000083e00000, 0x0000000083e00000, 0x0000000083f00000|  0%| F|  |TAMS 0x0000000083e00000, 0x0000000083e00000| Untracked 
|  63|0x0000000083f00000, 0x0000000083f00000, 0x0000000084000000|  0%| F|  |TAMS 0x0000000083f00000, 0x0000000083f00000| Untracked 
|  64|0x0000000084000000, 0x0000000084000000, 0x0000000084100000|  0%| F|  |TAMS 0x0000000084000000, 0x0000000084000000| Untracked 
|  65|0x0000000084100000, 0x0000000084100000, 0x0000000084200000|  0%| F|  |TAMS 0x0000000084100000, 0x0000000084100000| Untracked 
|  66|0x0000000084200000, 0x0000000084200000, 0x0000000084300000|  0%| F|  |TAMS 0x0000000084200000, 0x0000000084200000| Untracked 
|  67|0x0000000084300000, 0x0000000084300000, 0x0000000084400000|  0%| F|  |TAMS 0x0000000084300000, 0x0000000084300000| Untracked 
|  68|0x0000000084400000, 0x0000000084400000, 0x0000000084500000|  0%| F|  |TAMS 0x0000000084400000, 0x0000000084400000| Untracked 
|  69|0x0000000084500000, 0x0000000084500000, 0x0000000084600000|  0%| F|  |TAMS 0x0000000084500000, 0x0000000084500000| Untracked 
|  70|0x0000000084600000, 0x0000000084600000, 0x0000000084700000|  0%| F|  |TAMS 0x0000000084600000, 0x0000000084600000| Untracked 
|  71|0x0000000084700000, 0x0000000084700000, 0x0000000084800000|  0%| F|  |TAMS 0x0000000084700000, 0x0000000084700000| Untracked 
|  72|0x0000000084800000, 0x0000000084800000, 0x0000000084900000|  0%| F|  |TAMS 0x0000000084800000, 0x0000000084800000| Untracked 
|  73|0x0000000084900000, 0x0000000084900000, 0x0000000084a00000|  0%| F|  |TAMS 0x0000000084900000, 0x0000000084900000| Untracked 
|  74|0x0000000084a00000, 0x0000000084a00000, 0x0000000084b00000|  0%| F|  |TAMS 0x0000000084a00000, 0x0000000084a00000| Untracked 
|  75|0x0000000084b00000, 0x0000000084b00000, 0x0000000084c00000|  0%| F|  |TAMS 0x0000000084b00000, 0x0000000084b00000| Untracked 
|  76|0x0000000084c00000, 0x0000000084c00000, 0x0000000084d00000|  0%| F|  |TAMS 0x0000000084c00000, 0x0000000084c00000| Untracked 
|  77|0x0000000084d00000, 0x0000000084d00000, 0x0000000084e00000|  0%| F|  |TAMS 0x0000000084d00000, 0x0000000084d00000| Untracked 
|  78|0x0000000084e00000, 0x0000000084e00000, 0x0000000084f00000|  0%| F|  |TAMS 0x0000000084e00000, 0x0000000084e00000| Untracked 
|  79|0x0000000084f00000, 0x0000000084fb49b0, 0x0000000085000000| 70%| S|CS|TAMS 0x0000000084f00000, 0x0000000084f00000| Complete 
|  80|0x0000000085000000, 0x0000000085100000, 0x0000000085100000|100%| S|CS|TAMS 0x0000000085000000, 0x0000000085000000| Complete 
|  81|0x0000000085100000, 0x0000000085200000, 0x0000000085200000|100%| S|CS|TAMS 0x0000000085100000, 0x0000000085100000| Complete 
|  82|0x0000000085200000, 0x0000000085200000, 0x0000000085300000|  0%| F|  |TAMS 0x0000000085200000, 0x0000000085200000| Untracked 
|  83|0x0000000085300000, 0x0000000085300000, 0x0000000085400000|  0%| F|  |TAMS 0x0000000085300000, 0x0000000085300000| Untracked 
|  84|0x0000000085400000, 0x0000000085400000, 0x0000000085500000|  0%| F|  |TAMS 0x0000000085400000, 0x0000000085400000| Untracked 
|  85|0x0000000085500000, 0x0000000085500000, 0x0000000085600000|  0%| F|  |TAMS 0x0000000085500000, 0x0000000085500000| Untracked 
|  86|0x0000000085600000, 0x0000000085700000, 0x0000000085700000|100%| S|CS|TAMS 0x0000000085600000, 0x0000000085600000| Complete 
|  87|0x0000000085700000, 0x0000000085700000, 0x0000000085800000|  0%| F|  |TAMS 0x0000000085700000, 0x0000000085700000| Untracked 
|  88|0x0000000085800000, 0x0000000085800000, 0x0000000085900000|  0%| F|  |TAMS 0x0000000085800000, 0x0000000085800000| Untracked 
|  89|0x0000000085900000, 0x0000000085900000, 0x0000000085a00000|  0%| F|  |TAMS 0x0000000085900000, 0x0000000085900000| Untracked 
|  90|0x0000000085a00000, 0x0000000085a00000, 0x0000000085b00000|  0%| F|  |TAMS 0x0000000085a00000, 0x0000000085a00000| Untracked 
|  91|0x0000000085b00000, 0x0000000085b00000, 0x0000000085c00000|  0%| F|  |TAMS 0x0000000085b00000, 0x0000000085b00000| Untracked 
|  92|0x0000000085c00000, 0x0000000085c00000, 0x0000000085d00000|  0%| F|  |TAMS 0x0000000085c00000, 0x0000000085c00000| Untracked 
|  93|0x0000000085d00000, 0x0000000085d00000, 0x0000000085e00000|  0%| F|  |TAMS 0x0000000085d00000, 0x0000000085d00000| Untracked 
|  94|0x0000000085e00000, 0x0000000085e00000, 0x0000000085f00000|  0%| F|  |TAMS 0x0000000085e00000, 0x0000000085e00000| Untracked 
|  95|0x0000000085f00000, 0x0000000085f00000, 0x0000000086000000|  0%| F|  |TAMS 0x0000000085f00000, 0x0000000085f00000| Untracked 
|  96|0x0000000086000000, 0x0000000086000000, 0x0000000086100000|  0%| F|  |TAMS 0x0000000086000000, 0x0000000086000000| Untracked 
|  97|0x0000000086100000, 0x0000000086100000, 0x0000000086200000|  0%| F|  |TAMS 0x0000000086100000, 0x0000000086100000| Untracked 
|  98|0x0000000086200000, 0x0000000086200000, 0x0000000086300000|  0%| F|  |TAMS 0x0000000086200000, 0x0000000086200000| Untracked 
|  99|0x0000000086300000, 0x0000000086300000, 0x0000000086400000|  0%| F|  |TAMS 0x0000000086300000, 0x0000000086300000| Untracked 
| 100|0x0000000086400000, 0x0000000086400000, 0x0000000086500000|  0%| F|  |TAMS 0x0000000086400000, 0x0000000086400000| Untracked 
| 101|0x0000000086500000, 0x0000000086500000, 0x0000000086600000|  0%| F|  |TAMS 0x0000000086500000, 0x0000000086500000| Untracked 
| 102|0x0000000086600000, 0x0000000086600000, 0x0000000086700000|  0%| F|  |TAMS 0x0000000086600000, 0x0000000086600000| Untracked 
| 103|0x0000000086700000, 0x0000000086700000, 0x0000000086800000|  0%| F|  |TAMS 0x0000000086700000, 0x0000000086700000| Untracked 
| 104|0x0000000086800000, 0x0000000086800000, 0x0000000086900000|  0%| F|  |TAMS 0x0000000086800000, 0x0000000086800000| Untracked 
| 105|0x0000000086900000, 0x0000000086900000, 0x0000000086a00000|  0%| F|  |TAMS 0x0000000086900000, 0x0000000086900000| Untracked 
| 106|0x0000000086a00000, 0x0000000086a00000, 0x0000000086b00000|  0%| F|  |TAMS 0x0000000086a00000, 0x0000000086a00000| Untracked 
| 107|0x0000000086b00000, 0x0000000086bd1d10, 0x0000000086c00000| 81%| E|  |TAMS 0x0000000086b00000, 0x0000000086b00000| Complete 
| 108|0x0000000086c00000, 0x0000000086d00000, 0x0000000086d00000|100%| E|CS|TAMS 0x0000000086c00000, 0x0000000086c00000| Complete 
| 109|0x0000000086d00000, 0x0000000086e00000, 0x0000000086e00000|100%| E|CS|TAMS 0x0000000086d00000, 0x0000000086d00000| Complete 
| 110|0x0000000086e00000, 0x0000000086f00000, 0x0000000086f00000|100%| E|CS|TAMS 0x0000000086e00000, 0x0000000086e00000| Complete 
| 111|0x0000000086f00000, 0x0000000087000000, 0x0000000087000000|100%| E|CS|TAMS 0x0000000086f00000, 0x0000000086f00000| Complete 

Card table byte_map: [0x00000203a1270000,0x00000203a1670000] _byte_map_base: 0x00000203a0e70000

Marking Bits (Prev, Next): (CMBitMap*) 0x000002038c5db760, (CMBitMap*) 0x000002038c5db728
 Prev Bits: [0x00000203a3a70000, 0x00000203a5a70000)
 Next Bits: [0x00000203a1a70000, 0x00000203a3a70000)

Polling page: 0x000002038c450000

Metaspace:

Usage:
  Non-class:     67.86 MB capacity,    66.64 MB ( 98%) used,     1.01 MB (  1%) free+waste,   214.06 KB ( <1%) overhead. 
      Class:     10.75 MB capacity,    10.04 MB ( 93%) used,   625.09 KB (  6%) free+waste,    99.31 KB ( <1%) overhead. 
       Both:     78.61 MB capacity,    76.69 MB ( 98%) used,     1.62 MB (  2%) free+waste,   313.38 KB ( <1%) overhead. 

Virtual space:
  Non-class space:       68.00 MB reserved,      67.87 MB (>99%) committed 
      Class space:        1.00 GB reserved,      10.88 MB (  1%) committed 
             Both:        1.07 GB reserved,      78.75 MB (  7%) committed 

Chunk freelists:
   Non-Class:  12.00 KB
       Class:  0 bytes
        Both:  12.00 KB

MaxMetaspaceSize: 17179869184.00 GB
CompressedClassSpaceSize: 1.00 GB

CodeHeap 'non-profiled nmethods': size=120064Kb used=4482Kb max_used=4482Kb free=115581Kb
 bounds [0x0000020399300000, 0x0000020399770000, 0x00000203a0840000]
CodeHeap 'profiled nmethods': size=120000Kb used=17826Kb max_used=17826Kb free=102173Kb
 bounds [0x0000020391dd0000, 0x0000020392f40000, 0x0000020399300000]
CodeHeap 'non-nmethods': size=5696Kb used=2271Kb max_used=2315Kb free=3424Kb
 bounds [0x0000020391840000, 0x0000020391ab0000, 0x0000020391dd0000]
 total_blobs=9161 nmethods=8289 adapters=781
 compilation: enabled
              stopped_count=0, restarted_count=0
 full_count=0

Compilation events (20 events):
Event: 63.769 Thread 0x00000203a80de800 nmethod 8289 0x0000020392f19810 code [0x0000020392f19a20, 0x0000020392f1a118]
Event: 63.770 Thread 0x00000203a80de800 8290       3       org.gradle.internal.snapshot.FileSystemLocationSnapshot$FileSystemLocationSnapshotVisitor::visitDirectory (1 bytes)
Event: 63.770 Thread 0x00000203a80de800 nmethod 8290 0x0000020392f1a390 code [0x0000020392f1a540, 0x0000020392f1a638]
Event: 63.770 Thread 0x00000203a80de800 8291       3       org.gradle.internal.snapshot.RelativePathTrackingFileSystemSnapshotHierarchyVisitor::enterDirectory (1 bytes)
Event: 63.770 Thread 0x00000203a80de800 nmethod 8291 0x0000020392f1a710 code [0x0000020392f1a8c0, 0x0000020392f1a9b8]
Event: 63.774 Thread 0x00000203a80de800 8292       3       org.gradle.api.internal.artifacts.transform.DefaultTransformerInvocationFactory$ImmutableTransformationWorkspaceIdentity::hashCode (36 bytes)
Event: 63.775 Thread 0x00000203a80de800 nmethod 8292 0x0000020392f1aa90 code [0x0000020392f1ac80, 0x0000020392f1aea8]
Event: 63.777 Thread 0x00000203a80de800 8293       3       org.gradle.internal.vfs.impl.DefaultFileSystemAccess$$Lambda$305/0x00000001004d8040::<init> (26 bytes)
Event: 63.777 Thread 0x00000203a80de800 nmethod 8293 0x0000020392f1b010 code [0x0000020392f1b1e0, 0x0000020392f1b4b8]
Event: 63.777 Thread 0x00000203a80de800 8294   !   3       org.gradle.internal.vfs.impl.DefaultFileSystemAccess$StripedProducerGuard::guardByKey (46 bytes)
Event: 63.778 Thread 0x00000203a80de800 nmethod 8294 0x0000020392f1b590 code [0x0000020392f1b7a0, 0x0000020392f1bda8]
Event: 63.778 Thread 0x00000203a80de800 8295       3       com.google.common.util.concurrent.Striped$PowerOfTwoStriped::get (10 bytes)
Event: 63.778 Thread 0x00000203a80de800 nmethod 8295 0x0000020392f1c010 code [0x0000020392f1c200, 0x0000020392f1c5b8]
Event: 63.778 Thread 0x00000203a80de800 8296       3       com.google.common.util.concurrent.Striped$PowerOfTwoStriped::indexFor (15 bytes)
Event: 63.779 Thread 0x00000203a80de800 nmethod 8296 0x0000020392f1c710 code [0x0000020392f1c8e0, 0x0000020392f1cb88]
Event: 63.779 Thread 0x00000203a80de800 8297       3       com.google.common.util.concurrent.Striped::access$300 (5 bytes)
Event: 63.779 Thread 0x00000203a80de800 nmethod 8297 0x0000020392f1cc90 code [0x0000020392f1ce40, 0x0000020392f1cf98]
Event: 63.779 Thread 0x00000203a80de800 8298       3       com.google.common.util.concurrent.Striped::smear (23 bytes)
Event: 63.779 Thread 0x00000203a80de800 nmethod 8298 0x0000020392f1d090 code [0x0000020392f1d240, 0x0000020392f1d338]
Event: 63.782 Thread 0x00000203a80de800 8299       3       org.gradle.internal.vfs.impl.DefaultFileSystemAccess::snapshot (237 bytes)

GC Heap History (20 events):
Event: 56.054 GC heap before
{Heap before GC invocations=47 (full 0):
 garbage-first heap   total 78848K, used 62344K [0x0000000080000000, 0x0000000100000000)
  region size 1024K, 13 young (13312K), 2 survivors (2048K)
 Metaspace       used 63753K, capacity 65295K, committed 65404K, reserved 1105920K
  class space    used 8093K, capacity 8666K, committed 8704K, reserved 1048576K
}
Event: 56.062 GC heap after
{Heap after GC invocations=48 (full 0):
 garbage-first heap   total 78848K, used 52139K [0x0000000080000000, 0x0000000100000000)
  region size 1024K, 2 young (2048K), 2 survivors (2048K)
 Metaspace       used 63753K, capacity 65295K, committed 65404K, reserved 1105920K
  class space    used 8093K, capacity 8666K, committed 8704K, reserved 1048576K
}
Event: 56.423 GC heap before
{Heap before GC invocations=49 (full 0):
 garbage-first heap   total 78848K, used 62379K [0x0000000080000000, 0x0000000100000000)
  region size 1024K, 12 young (12288K), 2 survivors (2048K)
 Metaspace       used 64861K, capacity 66384K, committed 66556K, reserved 1107968K
  class space    used 8248K, capacity 8794K, committed 8832K, reserved 1048576K
}
Event: 56.427 GC heap after
{Heap after GC invocations=50 (full 0):
 garbage-first heap   total 78848K, used 52826K [0x0000000080000000, 0x0000000100000000)
  region size 1024K, 2 young (2048K), 2 survivors (2048K)
 Metaspace       used 64861K, capacity 66384K, committed 66556K, reserved 1107968K
  class space    used 8248K, capacity 8794K, committed 8832K, reserved 1048576K
}
Event: 56.915 GC heap before
{Heap before GC invocations=50 (full 0):
 garbage-first heap   total 78848K, used 64090K [0x0000000080000000, 0x0000000100000000)
  region size 1024K, 13 young (13312K), 2 survivors (2048K)
 Metaspace       used 66616K, capacity 68196K, committed 68476K, reserved 1107968K
  class space    used 8592K, capacity 9185K, committed 9216K, reserved 1048576K
}
Event: 56.921 GC heap after
{Heap after GC invocations=51 (full 0):
 garbage-first heap   total 78848K, used 53336K [0x0000000080000000, 0x0000000100000000)
  region size 1024K, 2 young (2048K), 2 survivors (2048K)
 Metaspace       used 66616K, capacity 68196K, committed 68476K, reserved 1107968K
  class space    used 8592K, capacity 9185K, committed 9216K, reserved 1048576K
}
Event: 57.512 GC heap before
{Heap before GC invocations=52 (full 0):
 garbage-first heap   total 78848K, used 64600K [0x0000000080000000, 0x0000000100000000)
  region size 1024K, 13 young (13312K), 2 survivors (2048K)
 Metaspace       used 67968K, capacity 69648K, committed 69756K, reserved 1110016K
  class space    used 8784K, capacity 9386K, committed 9472K, reserved 1048576K
}
Event: 57.520 GC heap after
{Heap after GC invocations=53 (full 0):
 garbage-first heap   total 95232K, used 54016K [0x0000000080000000, 0x0000000100000000)
  region size 1024K, 2 young (2048K), 2 survivors (2048K)
 Metaspace       used 67968K, capacity 69648K, committed 69756K, reserved 1110016K
  class space    used 8784K, capacity 9386K, committed 9472K, reserved 1048576K
}
Event: 58.266 GC heap before
{Heap before GC invocations=53 (full 0):
 garbage-first heap   total 95232K, used 72448K [0x0000000080000000, 0x0000000100000000)
  region size 1024K, 20 young (20480K), 2 survivors (2048K)
 Metaspace       used 69512K, capacity 71206K, committed 71548K, reserved 1112064K
  class space    used 9002K, capacity 9619K, committed 9728K, reserved 1048576K
}
Event: 58.275 GC heap after
{Heap after GC invocations=54 (full 0):
 garbage-first heap   total 95232K, used 55490K [0x0000000080000000, 0x0000000100000000)
  region size 1024K, 3 young (3072K), 3 survivors (3072K)
 Metaspace       used 69512K, capacity 71206K, committed 71548K, reserved 1112064K
  class space    used 9002K, capacity 9619K, committed 9728K, reserved 1048576K
}
Event: 59.207 GC heap before
{Heap before GC invocations=55 (full 0):
 garbage-first heap   total 95232K, used 73922K [0x0000000080000000, 0x0000000100000000)
  region size 1024K, 21 young (21504K), 3 survivors (3072K)
 Metaspace       used 71237K, capacity 72913K, committed 73084K, reserved 1112064K
  class space    used 9257K, capacity 9866K, committed 9984K, reserved 1048576K
}
Event: 59.216 GC heap after
{Heap after GC invocations=56 (full 0):
 garbage-first heap   total 95232K, used 56280K [0x0000000080000000, 0x0000000100000000)
  region size 1024K, 3 young (3072K), 3 survivors (3072K)
 Metaspace       used 71237K, capacity 72913K, committed 73084K, reserved 1112064K
  class space    used 9257K, capacity 9866K, committed 9984K, reserved 1048576K
}
Event: 60.137 GC heap before
{Heap before GC invocations=56 (full 0):
 garbage-first heap   total 95232K, used 74712K [0x0000000080000000, 0x0000000100000000)
  region size 1024K, 21 young (21504K), 3 survivors (3072K)
 Metaspace       used 74187K, capacity 75995K, committed 76284K, reserved 1116160K
  class space    used 9666K, capacity 10307K, committed 10368K, reserved 1048576K
}
Event: 60.146 GC heap after
{Heap after GC invocations=57 (full 0):
 garbage-first heap   total 95232K, used 57316K [0x0000000080000000, 0x0000000100000000)
  region size 1024K, 2 young (2048K), 2 survivors (2048K)
 Metaspace       used 74187K, capacity 75995K, committed 76284K, reserved 1116160K
  class space    used 9666K, capacity 10307K, committed 10368K, reserved 1048576K
}
Event: 60.718 GC heap before
{Heap before GC invocations=58 (full 0):
 garbage-first heap   total 95232K, used 75748K [0x0000000080000000, 0x0000000100000000)
  region size 1024K, 20 young (20480K), 2 survivors (2048K)
 Metaspace       used 75660K, capacity 77500K, committed 77820K, reserved 1116160K
  class space    used 9848K, capacity 10505K, committed 10624K, reserved 1048576K
}
Event: 60.730 GC heap after
{Heap after GC invocations=59 (full 0):
 garbage-first heap   total 114688K, used 58919K [0x0000000080000000, 0x0000000100000000)
  region size 1024K, 3 young (3072K), 3 survivors (3072K)
 Metaspace       used 75660K, capacity 77500K, committed 77820K, reserved 1116160K
  class space    used 9848K, capacity 10505K, committed 10624K, reserved 1048576K
}
Event: 62.012 GC heap before
{Heap before GC invocations=59 (full 0):
 garbage-first heap   total 114688K, used 85543K [0x0000000080000000, 0x0000000100000000)
  region size 1024K, 29 young (29696K), 3 survivors (3072K)
 Metaspace       used 77906K, capacity 79792K, committed 79996K, reserved 1118208K
  class space    used 10217K, capacity 10952K, committed 11008K, reserved 1048576K
}
Event: 62.031 GC heap after
{Heap after GC invocations=60 (full 0):
 garbage-first heap   total 114688K, used 60813K [0x0000000080000000, 0x0000000100000000)
  region size 1024K, 4 young (4096K), 4 survivors (4096K)
 Metaspace       used 77906K, capacity 79792K, committed 79996K, reserved 1118208K
  class space    used 10217K, capacity 10952K, committed 11008K, reserved 1048576K
}
Event: 63.672 GC heap before
{Heap before GC invocations=61 (full 0):
 garbage-first heap   total 114688K, used 86413K [0x0000000080000000, 0x0000000100000000)
  region size 1024K, 29 young (29696K), 4 survivors (4096K)
 Metaspace       used 78441K, capacity 80410K, committed 80508K, reserved 1118208K
  class space    used 10272K, capacity 11002K, committed 11008K, reserved 1048576K
}
Event: 63.693 GC heap after
{Heap after GC invocations=62 (full 0):
 garbage-first heap   total 114688K, used 62603K [0x0000000080000000, 0x0000000100000000)
  region size 1024K, 4 young (4096K), 4 survivors (4096K)
 Metaspace       used 78441K, capacity 80410K, committed 80508K, reserved 1118208K
  class space    used 10272K, capacity 11002K, committed 11008K, reserved 1048576K
}

Deoptimization events (20 events):
Event: 62.955 Thread 0x00000203ad832000 Uncommon trap: trap_request=0xffffff4d fr.pc=0x0000020399582a04 relative=0x0000000000000164
Event: 62.955 Thread 0x00000203ad832000 Uncommon trap: reason=unstable_if action=reinterpret pc=0x0000020399582a04 method=java.util.concurrent.locks.ReentrantLock$Sync.nonfairTryAcquire(I)Z @ 19 c2
Event: 62.955 Thread 0x00000203ad832000 DEOPT PACKING pc=0x0000020399582a04 sp=0x000000261f9faec0
Event: 62.955 Thread 0x00000203ad832000 DEOPT UNPACKING pc=0x00000203918678af sp=0x000000261f9fae58 mode 2
Event: 63.111 Thread 0x00000203aac77000 Uncommon trap: trap_request=0xffffff4d fr.pc=0x00000203995731d8 relative=0x00000000000001f8
Event: 63.111 Thread 0x00000203aac77000 Uncommon trap: reason=unstable_if action=reinterpret pc=0x00000203995731d8 method=com.esotericsoftware.kryo.io.Input.readVarInt(Z)I @ 42 c2
Event: 63.111 Thread 0x00000203aac77000 DEOPT PACKING pc=0x00000203995731d8 sp=0x000000261edfde00
Event: 63.111 Thread 0x00000203aac77000 DEOPT UNPACKING pc=0x00000203918678af sp=0x000000261edfdcf0 mode 2
Event: 63.381 Thread 0x00000203ad832000 DEOPT PACKING pc=0x0000020392e6ca31 sp=0x000000261f9fb5d0
Event: 63.381 Thread 0x00000203ad832000 DEOPT UNPACKING pc=0x00000203918676ce sp=0x000000261f9faa98 mode 0
Event: 63.405 Thread 0x00000203ad82d000 Uncommon trap: trap_request=0xffffff4d fr.pc=0x00000203994b0384 relative=0x0000000000000244
Event: 63.405 Thread 0x00000203ad82d000 Uncommon trap: reason=unstable_if action=reinterpret pc=0x00000203994b0384 method=java.util.concurrent.ConcurrentHashMap.get(Ljava/lang/Object;)Ljava/lang/Object; @ 86 c2
Event: 63.406 Thread 0x00000203ad82d000 DEOPT PACKING pc=0x00000203994b0384 sp=0x000000261f7fe130
Event: 63.406 Thread 0x00000203ad82d000 DEOPT UNPACKING pc=0x00000203918678af sp=0x000000261f7fe0a8 mode 2
Event: 63.429 Thread 0x00000203ad82d000 Uncommon trap: trap_request=0xffffff4d fr.pc=0x000002039969458c relative=0x0000000000001b4c
Event: 63.429 Thread 0x00000203ad82d000 Uncommon trap: reason=unstable_if action=reinterpret pc=0x000002039969458c method=java.util.concurrent.ConcurrentHashMap.computeIfAbsent(Ljava/lang/Object;Ljava/util/function/Function;)Ljava/lang/Object; @ 279 c2
Event: 63.429 Thread 0x00000203ad82d000 DEOPT PACKING pc=0x000002039969458c sp=0x000000261f7fdeb0
Event: 63.429 Thread 0x00000203ad82d000 DEOPT UNPACKING pc=0x00000203918678af sp=0x000000261f7fde68 mode 2
Event: 63.461 Thread 0x00000203ad82d000 DEOPT PACKING pc=0x0000020392cdbbc4 sp=0x000000261f7fd400
Event: 63.461 Thread 0x00000203ad82d000 DEOPT UNPACKING pc=0x00000203918676ce sp=0x000000261f7fc9a0 mode 0

Classes redefined (0 events):
No events

Internal exceptions (20 events):
Event: 60.071 Thread 0x00000203aa581800 Exception <a 'sun/nio/fs/WindowsException'{0x0000000084cdaef0}> (0x0000000084cdaef0) thrown at [./src/hotspot/share/prims/jni.cpp, line 615]
Event: 60.071 Thread 0x00000203aa581800 Exception <a 'sun/nio/fs/WindowsException'{0x0000000084cdbfe8}> (0x0000000084cdbfe8) thrown at [./src/hotspot/share/prims/jni.cpp, line 615]
Event: 60.072 Thread 0x00000203aa581800 Exception <a 'sun/nio/fs/WindowsException'{0x0000000084cdd118}> (0x0000000084cdd118) thrown at [./src/hotspot/share/prims/jni.cpp, line 615]
Event: 60.072 Thread 0x00000203aa581800 Exception <a 'sun/nio/fs/WindowsException'{0x0000000084cde248}> (0x0000000084cde248) thrown at [./src/hotspot/share/prims/jni.cpp, line 615]
Event: 60.699 Thread 0x00000203aa581800 Exception <a 'java/lang/NoSuchMethodError'{0x0000000084b0c408}: 'java.lang.Object java.lang.invoke.Invokers$Holder.linkToTargetMethod(java.lang.Object, int, int, java.lang.Object)'> (0x0000000084b0c408) thrown at [./src/hotspot/share/interpreter/linkResolver.cpp, line 773]
Event: 61.090 Thread 0x00000203aacf1000 Exception <a 'java/lang/NoSuchMethodError'{0x000000008658e5b0}: <clinit>> (0x000000008658e5b0) thrown at [./src/hotspot/share/prims/jni.cpp, line 1362]
Event: 61.094 Thread 0x00000203aacf1000 Exception <a 'java/lang/NoSuchMethodError'{0x00000000865bb1e8}: <clinit>> (0x00000000865bb1e8) thrown at [./src/hotspot/share/prims/jni.cpp, line 1362]
Event: 61.103 Thread 0x00000203aacf1000 Exception <a 'java/lang/NoSuchMethodError'{0x00000000865e9270}: <clinit>> (0x00000000865e9270) thrown at [./src/hotspot/share/prims/jni.cpp, line 1362]
Event: 61.105 Thread 0x00000203aacf1000 Exception <a 'java/lang/NoSuchMethodError'{0x0000000086413dc8}: <clinit>> (0x0000000086413dc8) thrown at [./src/hotspot/share/prims/jni.cpp, line 1362]
Event: 61.105 Thread 0x00000203aacf1000 Exception <a 'java/lang/NoSuchMethodError'{0x0000000086415540}: <clinit>> (0x0000000086415540) thrown at [./src/hotspot/share/prims/jni.cpp, line 1362]
Event: 61.156 Thread 0x00000203ad834800 Exception <a 'java/lang/NoSuchMethodError'{0x000000008624d868}: <clinit>> (0x000000008624d868) thrown at [./src/hotspot/share/prims/jni.cpp, line 1362]
Event: 61.165 Thread 0x00000203ad834800 Exception <a 'java/lang/NoSuchMethodError'{0x00000000862833e0}: <clinit>> (0x00000000862833e0) thrown at [./src/hotspot/share/prims/jni.cpp, line 1362]
Event: 61.169 Thread 0x00000203ad834800 Exception <a 'java/lang/NoSuchMethodError'{0x00000000862bdd90}: <clinit>> (0x00000000862bdd90) thrown at [./src/hotspot/share/prims/jni.cpp, line 1362]
Event: 61.250 Thread 0x00000203aacf1000 Exception <a 'java/lang/NoSuchMethodError'{0x0000000086090dc8}: <clinit>> (0x0000000086090dc8) thrown at [./src/hotspot/share/prims/jni.cpp, line 1362]
Event: 61.343 Thread 0x00000203ad835800 Exception <a 'java/lang/NoSuchMethodError'{0x0000000085f885c0}: 'java.lang.Object java.lang.invoke.Invokers$Holder.linkToTargetMethod(java.lang.Object, java.lang.Object, java.lang.Object, int, java.lang.Object, java.lang.Object)'> (0x0000000085f885c0) thrown at [./src/hotspot/share/interpreter/linkResolver.cpp, line 773]
Event: 61.401 Thread 0x00000203ad835800 Exception <a 'java/lang/IncompatibleClassChangeError'{0x0000000085fe9138}: Found class java.lang.Object, but interface was expected> (0x0000000085fe9138) thrown at [./src/hotspot/share/interpreter/linkResolver.cpp, line 839]
Event: 61.480 Thread 0x00000203ad835800 Exception <a 'java/lang/NoSuchMethodError'{0x0000000085da1078}: 'int java.lang.invoke.DirectMethodHandle$Holder.invokeStaticInit(java.lang.Object, java.lang.Object, java.lang.Object, java.lang.Object, java.lang.Object)'> (0x0000000085da1078) thrown at [./src/hotspot/share/interpreter/linkResolver.cpp, line 773]
Event: 62.362 Thread 0x00000203ad835800 Exception <a 'java/lang/NoSuchMethodError'{0x0000000086c58e88}: 'java.lang.Object java.lang.invoke.DirectMethodHandle$Holder.invokeSpecialIFC(java.lang.Object, java.lang.Object, java.lang.Object)'> (0x0000000086c58e88) thrown at [./src/hotspot/share/interpreter/linkResolver.cpp, line 773]
Event: 62.362 Thread 0x00000203ad830800 Exception <a 'java/lang/NoSuchMethodError'{0x0000000086c89170}: 'java.lang.Object java.lang.invoke.DirectMethodHandle$Holder.invokeSpecialIFC(java.lang.Object, java.lang.Object, java.lang.Object)'> (0x0000000086c89170) thrown at [./src/hotspot/share/interpreter/linkResolver.cpp, line 773]
Event: 63.539 Thread 0x00000203ad82d000 Exception <a 'java/lang/NoSuchMethodError'{0x00000000859b2de8}: 'void java.lang.invoke.DirectMethodHandle$Holder.invokeVirtual(java.lang.Object, java.lang.Object)'> (0x00000000859b2de8) thrown at [./src/hotspot/share/interpreter/linkResolver.cpp, line 773]

Events (20 events):
Event: 63.574 Executing VM operation: RevokeBias
Event: 63.575 Executing coalesced safepoint VM operation: RevokeBias
Event: 63.575 Executing coalesced safepoint VM operation: RevokeBias done
Event: 63.575 Executing VM operation: RevokeBias done
Event: 63.583 Executing VM operation: RevokeBias
Event: 63.586 Executing VM operation: RevokeBias done
Event: 63.586 loading class org/gradle/api/internal/artifacts/transform/CacheableInvocation$2
Event: 63.586 loading class org/gradle/api/internal/artifacts/transform/CacheableInvocation$2 done
Event: 63.589 loading class org/gradle/internal/Try$Success$1
Event: 63.589 loading class org/gradle/internal/Try$Success$1 done
Event: 63.590 loading class org/gradle/api/internal/artifacts/transform/CacheableInvocation
Event: 63.590 loading class org/gradle/api/internal/artifacts/transform/CacheableInvocation done
Event: 63.590 loading class org/gradle/api/internal/artifacts/transform/CacheableInvocation
Event: 63.590 loading class org/gradle/api/internal/artifacts/transform/CacheableInvocation done
Event: 63.672 Executing VM operation: G1CollectForAllocation
Event: 63.693 Executing VM operation: G1CollectForAllocation done
Event: 63.763 Executing VM operation: RevokeBias
Event: 63.764 Executing VM operation: RevokeBias done
Event: 63.772 Executing VM operation: BulkRevokeBias
Event: 63.773 Executing VM operation: BulkRevokeBias done


Dynamic libraries:
0x00007ff608470000 - 0x00007ff60847a000 	C:\Program Files\Android\Android Studio\jre\bin\java.exe
0x00007ffdb19f0000 - 0x00007ffdb1be5000 	C:\WINDOWS\SYSTEM32\ntdll.dll
0x00007ffdb09c0000 - 0x00007ffdb0a7e000 	C:\WINDOWS\System32\KERNEL32.DLL
0x00007ffdaf520000 - 0x00007ffdaf7e9000 	C:\WINDOWS\System32\KERNELBASE.dll
0x00007ffdaf3c0000 - 0x00007ffdaf4c0000 	C:\WINDOWS\System32\ucrtbase.dll
0x00007ffda8480000 - 0x00007ffda8499000 	C:\Program Files\Android\Android Studio\jre\bin\jli.dll
0x00007ffda8460000 - 0x00007ffda8477000 	C:\Program Files\Android\Android Studio\jre\bin\VCRUNTIME140.dll
0x00007ffdafb10000 - 0x00007ffdafcb1000 	C:\WINDOWS\System32\USER32.dll
0x00007ffdaf870000 - 0x00007ffdaf892000 	C:\WINDOWS\System32\win32u.dll
0x00007ffdb0a80000 - 0x00007ffdb0aab000 	C:\WINDOWS\System32\GDI32.dll
0x00007ffdaf8a0000 - 0x00007ffdaf9ab000 	C:\WINDOWS\System32\gdi32full.dll
0x00007ffdaf320000 - 0x00007ffdaf3bd000 	C:\WINDOWS\System32\msvcp_win.dll
0x00007ffda21a0000 - 0x00007ffda243a000 	C:\WINDOWS\WinSxS\amd64_microsoft.windows.common-controls_6595b64144ccf1df_6.0.19041.1110_none_60b5254171f9507e\COMCTL32.dll
0x00007ffdb0e30000 - 0x00007ffdb0ece000 	C:\WINDOWS\System32\msvcrt.dll
0x00007ffdb0be0000 - 0x00007ffdb0c10000 	C:\WINDOWS\System32\IMM32.DLL
0x00007ffd7d920000 - 0x00007ffd7d9bd000 	C:\Program Files\Android\Android Studio\jre\bin\msvcp140.dll
0x00007ffd83220000 - 0x00007ffd83cef000 	C:\Program Files\Android\Android Studio\jre\bin\server\jvm.dll
0x00007ffdb1900000 - 0x00007ffdb19ac000 	C:\WINDOWS\System32\ADVAPI32.dll
0x00007ffdb0ab0000 - 0x00007ffdb0b4b000 	C:\WINDOWS\System32\sechost.dll
0x00007ffdb17d0000 - 0x00007ffdb18fa000 	C:\WINDOWS\System32\RPCRT4.dll
0x00007ffdb0ed0000 - 0x00007ffdb0ed8000 	C:\WINDOWS\System32\PSAPI.DLL
0x00007ffdac910000 - 0x00007ffdac919000 	C:\WINDOWS\SYSTEM32\WSOCK32.dll
0x00007ffdb11e0000 - 0x00007ffdb124b000 	C:\WINDOWS\System32\WS2_32.dll
0x00007ffda1a60000 - 0x00007ffda1a6a000 	C:\WINDOWS\SYSTEM32\VERSION.dll
0x00007ffdac940000 - 0x00007ffdac967000 	C:\WINDOWS\SYSTEM32\WINMM.dll
0x00007ffdad010000 - 0x00007ffdad022000 	C:\WINDOWS\SYSTEM32\kernel.appcore.dll
0x00007ffdaab60000 - 0x00007ffdaab71000 	C:\Program Files\Android\Android Studio\jre\bin\verify.dll
0x00007ffd9b0c0000 - 0x00007ffd9b2a4000 	C:\WINDOWS\SYSTEM32\DBGHELP.DLL
0x00007ffd9b070000 - 0x00007ffd9b09c000 	C:\WINDOWS\SYSTEM32\dbgcore.DLL
0x00007ffdaf9b0000 - 0x00007ffdafa33000 	C:\WINDOWS\System32\bcryptPrimitives.dll
0x00007ffda9c60000 - 0x00007ffda9c89000 	C:\Program Files\Android\Android Studio\jre\bin\java.dll
0x00007ffdac8e0000 - 0x00007ffdac8eb000 	C:\Program Files\Android\Android Studio\jre\bin\jimage.dll
0x00007ffdaab20000 - 0x00007ffdaab38000 	C:\Program Files\Android\Android Studio\jre\bin\zip.dll
0x00007ffdb0280000 - 0x00007ffdb09bf000 	C:\WINDOWS\System32\SHELL32.dll
0x00007ffdad210000 - 0x00007ffdad9a0000 	C:\WINDOWS\SYSTEM32\windows.storage.dll
0x00007ffdb1250000 - 0x00007ffdb15a5000 	C:\WINDOWS\System32\combase.dll
0x00007ffdaeb60000 - 0x00007ffdaeb8c000 	C:\WINDOWS\SYSTEM32\Wldp.dll
0x00007ffdb0ee0000 - 0x00007ffdb0f8e000 	C:\WINDOWS\System32\SHCORE.dll
0x00007ffdb1770000 - 0x00007ffdb17c5000 	C:\WINDOWS\System32\shlwapi.dll
0x00007ffdaf050000 - 0x00007ffdaf06f000 	C:\WINDOWS\SYSTEM32\profapi.dll
0x00007ffda9bf0000 - 0x00007ffda9c0a000 	C:\Program Files\Android\Android Studio\jre\bin\net.dll
0x00007ffda01c0000 - 0x00007ffda02c8000 	C:\WINDOWS\SYSTEM32\WINHTTP.dll
0x00007ffdae8c0000 - 0x00007ffdae92a000 	C:\WINDOWS\system32\mswsock.dll
0x00007ffda9ab0000 - 0x00007ffda9ac4000 	C:\Program Files\Android\Android Studio\jre\bin\nio.dll
0x00007ffda9c20000 - 0x00007ffda9c47000 	C:\Users\MinhNgan\.gradle\native\8bec1ad78214c89d9ad589b4d07fe93259594b29d510b10fafb7a158f7737e5d\windows-amd64\native-platform.dll
0x00007ffd9ef70000 - 0x00007ffd9f0ad000 	C:\Users\MinhNgan\.gradle\native\53dbd7edfb1c66fb8903c78663c9afc45aea4f116125fa6feffd364cf09443e8\windows-amd64\native-platform-file-events.dll
0x00007ffdaabe0000 - 0x00007ffdaabea000 	C:\Program Files\Android\Android Studio\jre\bin\management.dll
0x00007ffdaab50000 - 0x00007ffdaab5c000 	C:\Program Files\Android\Android Studio\jre\bin\management_ext.dll
0x00007ffdaeab0000 - 0x00007ffdaeac8000 	C:\WINDOWS\SYSTEM32\CRYPTSP.dll
0x00007ffdae1d0000 - 0x00007ffdae204000 	C:\WINDOWS\system32\rsaenh.dll
0x00007ffdaf7f0000 - 0x00007ffdaf817000 	C:\WINDOWS\System32\bcrypt.dll
0x00007ffdaefd0000 - 0x00007ffdaeffe000 	C:\WINDOWS\SYSTEM32\USERENV.dll
0x00007ffdaead0000 - 0x00007ffdaeadc000 	C:\WINDOWS\SYSTEM32\CRYPTBASE.dll
0x00007ffdae560000 - 0x00007ffdae59b000 	C:\WINDOWS\SYSTEM32\IPHLPAPI.DLL
0x00007ffdb0e20000 - 0x00007ffdb0e28000 	C:\WINDOWS\System32\NSI.dll
0x00007ffda4370000 - 0x00007ffda4387000 	C:\WINDOWS\SYSTEM32\dhcpcsvc6.DLL
0x00007ffda62e0000 - 0x00007ffda62fd000 	C:\WINDOWS\SYSTEM32\dhcpcsvc.DLL
0x00007ffdae5a0000 - 0x00007ffdae66c000 	C:\WINDOWS\SYSTEM32\DNSAPI.dll

dbghelp: loaded successfully - version: 4.0.5 - missing functions: none
symbol engine: initialized successfully - sym options: 0x614 - pdb path: .;C:\Program Files\Android\Android Studio\jre\bin;C:\WINDOWS\SYSTEM32;C:\WINDOWS\WinSxS\amd64_microsoft.windows.common-controls_6595b64144ccf1df_6.0.19041.1110_none_60b5254171f9507e;C:\Program Files\Android\Android Studio\jre\bin\server;C:\Users\MinhNgan\.gradle\native\8bec1ad78214c89d9ad589b4d07fe93259594b29d510b10fafb7a158f7737e5d\windows-amd64;C:\Users\MinhNgan\.gradle\native\53dbd7edfb1c66fb8903c78663c9afc45aea4f116125fa6feffd364cf09443e8\windows-amd64

VM Arguments:
jvm_args: --add-opens=java.base/java.util=ALL-UNNAMED --add-opens=java.base/java.lang=ALL-UNNAMED --add-opens=java.base/java.lang.invoke=ALL-UNNAMED --add-opens=java.base/java.util=ALL-UNNAMED --add-opens=java.prefs/java.util.prefs=ALL-UNNAMED --add-opens=java.prefs/java.util.prefs=ALL-UNNAMED --add-opens=java.base/java.nio.charset=ALL-UNNAMED --add-opens=java.base/java.net=ALL-UNNAMED --add-opens=java.base/java.util.concurrent.atomic=ALL-UNNAMED -Xmx2048m -Dfile.encoding=UTF-8 -Duser.country=US -Duser.language=en -Duser.variant 
java_command: org.gradle.launcher.daemon.bootstrap.GradleDaemon 7.0.2
java_class_path (initial): C:\Users\MinhNgan\.gradle\wrapper\dists\gradle-7.0.2-bin\857tjihv64xamwrf0h14cai3r\gradle-7.0.2\lib\gradle-launcher-7.0.2.jar
Launcher Type: SUN_STANDARD

[Global flags]
     intx CICompilerCount                          = 3                                         {product} {ergonomic}
     uint ConcGCThreads                            = 1                                         {product} {ergonomic}
     uint G1ConcRefinementThreads                  = 4                                         {product} {ergonomic}
   size_t G1HeapRegionSize                         = 1048576                                   {product} {ergonomic}
    uintx GCDrainStackTargetSize                   = 64                                        {product} {ergonomic}
   size_t InitialHeapSize                          = 67108864                                  {product} {ergonomic}
   size_t MarkStackSize                            = 4194304                                   {product} {ergonomic}
   size_t MaxHeapSize                              = 2147483648                                {product} {command line}
   size_t MaxNewSize                               = 1287651328                                {product} {ergonomic}
   size_t MinHeapDeltaBytes                        = 1048576                                   {product} {ergonomic}
    uintx NonNMethodCodeHeapSize                   = 5830732                                {pd product} {ergonomic}
    uintx NonProfiledCodeHeapSize                  = 122913754                              {pd product} {ergonomic}
    uintx ProfiledCodeHeapSize                     = 122913754                              {pd product} {ergonomic}
    uintx ReservedCodeCacheSize                    = 251658240                              {pd product} {ergonomic}
     bool SegmentedCodeCache                       = true                                      {product} {ergonomic}
     bool UseCompressedClassPointers               = true                                 {lp64_product} {ergonomic}
     bool UseCompressedOops                        = true                                 {lp64_product} {ergonomic}
     bool UseG1GC                                  = true                                      {product} {ergonomic}
     bool UseLargePagesIndividualAllocation        = false                                  {pd product} {ergonomic}

Logging:
Log output configuration:
 #0: stdout all=warning uptime,level,tags
 #1: stderr all=off uptime,level,tags

Environment Variables:
PATH=C:\Program Files\Common Files\Oracle\Java\javapath;C:\WINDOWS\system32;C:\WINDOWS;C:\WINDOWS\System32\Wbem;C:\WINDOWS\System32\WindowsPowerShell\v1.0\;C:\WINDOWS\System32\OpenSSH\;C:\Program Files\dotnet\;C:\Program Files\Microsoft SQL Server\130\Tools\Binn\;C:\Program Files\Microsoft SQL Server\Client SDK\ODBC\170\Tools\Binn\;C:\Users\MinhNgan\AppData\Local\Microsoft\WindowsApps;
USERNAME=MinhNgan
OS=Windows_NT
PROCESSOR_IDENTIFIER=Intel64 Family 6 Model 69 Stepping 1, GenuineIntel



---------------  S Y S T E M  ---------------

OS: Windows 10 , 64 bit Build 19041 (10.0.19041.1202)
OS uptime: 0 days 10:10 hours

CPU:total 4 (initial active 4) (2 cores per cpu, 2 threads per core) family 6 model 69 stepping 1 microcode 0x25, cmov, cx8, fxsr, mmx, sse, sse2, sse3, ssse3, sse4.1, sse4.2, popcnt, avx, avx2, aes, clmul, erms, lzcnt, ht, tsc, tscinvbit, bmi1, bmi2, fma

Memory: 4k page, system-wide physical 3979M (121M free)
TotalPageFile size 10379M (AvailPageFile size 5M)
current process WorkingSet (physical memory assigned to process): 226M, peak: 249M
current process commit charge ("private bytes"): 351M, peak: 352M

vm_info: OpenJDK 64-Bit Server VM (11.0.10+0-b96-7249189) for windows-amd64 JRE (11.0.10+0-b96-7249189), built on Mar 31 2021 21:44:00 by "builder" with MS VC++ 14.0 (VS2015)

END.
