#
# There is insufficient memory for the Java Runtime Environment to continue.
# Native memory allocation (malloc) failed to allocate 1370736 bytes for Chunk::new
# Possible reasons:
#   The system is out of physical RAM or swap space
#   The process is running with CompressedOops enabled, and the Java Heap may be blocking the growth of the native heap
# Possible solutions:
#   Reduce memory load on the system
#   Increase physical memory or swap space
#   Check if swap backing store is full
#   Decrease Java heap size (-Xmx/-Xms)
#   Decrease number of Java threads
#   Decrease Java thread stack sizes (-Xss)
#   Set larger code cache with -XX:ReservedCodeCacheSize=
#   JVM is running with Unscaled Compressed Oops mode in which the Java heap is
#     placed in the first 4GB address space. The Java Heap base address is the
#     maximum limit for the native heap growth. Please use -XX:HeapBaseMinAddress
#     to set the Java Heap base and to place the Java Heap above 4GB virtual address.
# This output file may be truncated or incomplete.
#
#  Out of Memory Error (./src/hotspot/share/memory/arena.cpp:197), pid=11116, tid=11216
#
# JRE version: OpenJDK Runtime Environment (11.0.10) (build 11.0.10+0-b96-7249189)
# Java VM: OpenJDK 64-Bit Server VM (11.0.10+0-b96-7249189, mixed mode, tiered, compressed oops, g1 gc, windows-amd64)
# No core dump will be written. Minidumps are not enabled by default on client versions of Windows
#

---------------  S U M M A R Y ------------

Command Line: --add-opens=java.base/java.util=ALL-UNNAMED --add-opens=java.base/java.lang=ALL-UNNAMED --add-opens=java.base/java.lang.invoke=ALL-UNNAMED --add-opens=java.base/java.util=ALL-UNNAMED --add-opens=java.prefs/java.util.prefs=ALL-UNNAMED --add-opens=java.prefs/java.util.prefs=ALL-UNNAMED --add-opens=java.base/java.nio.charset=ALL-UNNAMED --add-opens=java.base/java.net=ALL-UNNAMED --add-opens=java.base/java.util.concurrent.atomic=ALL-UNNAMED -Xmx2048m -Dfile.encoding=UTF-8 -Duser.country=US -Duser.language=en -Duser.variant org.gradle.launcher.daemon.bootstrap.GradleDaemon 7.0.2

Host: Intel(R) Core(TM) i5-4210U CPU @ 1.70GHz, 4 cores, 3G,  Windows 10 , 64 bit Build 19041 (10.0.19041.1202)
Time: Mon Nov  1 21:38:07 2021 SE Asia Standard Time elapsed time: 16.817288 seconds (0d 0h 0m 16s)

---------------  T H R E A D  ---------------

Current thread (0x00000218e7f00800):  JavaThread "C2 CompilerThread0" daemon [_thread_in_native, id=11216, stack(0x000000efab800000,0x000000efab900000)]


Current CompileTask:
C2:  16817 2456   !   4       java.net.URL::<init> (543 bytes)

Stack: [0x000000efab800000,0x000000efab900000]
Native frames: (J=compiled Java code, j=interpreted, Vv=VM code, C=native code)
V  [jvm.dll+0x5ecfaa]
V  [jvm.dll+0x722bd5]
V  [jvm.dll+0x72412d]
V  [jvm.dll+0x7247e3]
V  [jvm.dll+0x242928]
V  [jvm.dll+0xbc4fc]
V  [jvm.dll+0xbca0c]
V  [jvm.dll+0x352d7d]
V  [jvm.dll+0x320ad3]
V  [jvm.dll+0x31ffca]
V  [jvm.dll+0x1fb602]
V  [jvm.dll+0x1fa7f4]
V  [jvm.dll+0x18354c]
V  [jvm.dll+0x208ee7]
V  [jvm.dll+0x207731]
V  [jvm.dll+0x6eb1cf]
V  [jvm.dll+0x6e3d45]
V  [jvm.dll+0x5ebe96]
C  [ucrtbase.dll+0x21bb2]
C  [KERNEL32.DLL+0x17034]
C  [ntdll.dll+0x52651]


---------------  P R O C E S S  ---------------

Threads class SMR info:
_java_thread_list=0x00000218ecbfc6d0, length=32, elements={
0x00000218cdbba000, 0x00000218e7e9a800, 0x00000218e7e9c000, 0x00000218e7ef1800,
0x00000218e7ef4800, 0x00000218e7ef8800, 0x00000218e7f00800, 0x00000218e7f0d000,
0x00000218e7f17000, 0x00000218e897f000, 0x00000218e9bdd800, 0x00000218ea266000,
0x00000218e8e30800, 0x00000218e986f800, 0x00000218e8b21000, 0x00000218e93a5800,
0x00000218e9982000, 0x00000218e8b6d000, 0x00000218e7f0e000, 0x00000218e7f0f000,
0x00000218e7f0c800, 0x00000218e7f0f800, 0x00000218e7f10800, 0x00000218e7f11000,
0x00000218e7f12000, 0x00000218e7f13000, 0x00000218ead24800, 0x00000218ead20800,
0x00000218ead21800, 0x00000218ead22000, 0x00000218ead23000, 0x00000218ead24000
}

Java Threads: ( => current thread )
  0x00000218cdbba000 JavaThread "main" [_thread_blocked, id=2272, stack(0x000000efaac00000,0x000000efaad00000)]
  0x00000218e7e9a800 JavaThread "Reference Handler" daemon [_thread_blocked, id=5224, stack(0x000000efab300000,0x000000efab400000)]
  0x00000218e7e9c000 JavaThread "Finalizer" daemon [_thread_blocked, id=6828, stack(0x000000efab400000,0x000000efab500000)]
  0x00000218e7ef1800 JavaThread "Signal Dispatcher" daemon [_thread_blocked, id=4156, stack(0x000000efab500000,0x000000efab600000)]
  0x00000218e7ef4800 JavaThread "Attach Listener" daemon [_thread_blocked, id=8392, stack(0x000000efab600000,0x000000efab700000)]
  0x00000218e7ef8800 JavaThread "Service Thread" daemon [_thread_blocked, id=5356, stack(0x000000efab700000,0x000000efab800000)]
=>0x00000218e7f00800 JavaThread "C2 CompilerThread0" daemon [_thread_in_native, id=11216, stack(0x000000efab800000,0x000000efab900000)]
  0x00000218e7f0d000 JavaThread "C1 CompilerThread0" daemon [_thread_blocked, id=10340, stack(0x000000efab900000,0x000000efaba00000)]
  0x00000218e7f17000 JavaThread "Sweeper thread" daemon [_thread_blocked, id=7304, stack(0x000000efaba00000,0x000000efabb00000)]
  0x00000218e897f000 JavaThread "Common-Cleaner" daemon [_thread_blocked, id=1624, stack(0x000000efabb00000,0x000000efabc00000)]
  0x00000218e9bdd800 JavaThread "Daemon health stats" [_thread_blocked, id=10532, stack(0x000000efabe00000,0x000000efabf00000)]
  0x00000218ea266000 JavaThread "Incoming local TCP Connector on port 56262" [_thread_in_native, id=3816, stack(0x000000efac100000,0x000000efac200000)]
  0x00000218e8e30800 JavaThread "Daemon periodic checks" [_thread_blocked, id=2496, stack(0x000000efac200000,0x000000efac300000)]
  0x00000218e986f800 JavaThread "Daemon" [_thread_blocked, id=8184, stack(0x000000efac300000,0x000000efac400000)]
  0x00000218e8b21000 JavaThread "Handler for socket connection from /127.0.0.1:56262 to /127.0.0.1:56263" [_thread_in_native, id=7496, stack(0x000000efac400000,0x000000efac500000)]
  0x00000218e93a5800 JavaThread "Cancel handler" [_thread_blocked, id=8468, stack(0x000000efac500000,0x000000efac600000)]
  0x00000218e9982000 JavaThread "Daemon worker" [_thread_in_native, id=9432, stack(0x000000efac600000,0x000000efac700000)]
  0x00000218e8b6d000 JavaThread "Asynchronous log dispatcher for DefaultDaemonConnection: socket connection from /127.0.0.1:56262 to /127.0.0.1:56263" [_thread_blocked, id=6736, stack(0x000000efac700000,0x000000efac800000)]
  0x00000218e7f0e000 JavaThread "Stdin handler" [_thread_blocked, id=3136, stack(0x000000efac800000,0x000000efac900000)]
  0x00000218e7f0f000 JavaThread "Daemon client event forwarder" [_thread_blocked, id=1888, stack(0x000000efac900000,0x000000efaca00000)]
  0x00000218e7f0c800 JavaThread "Cache worker for file hash cache (C:\Users\MinhNgan\.gradle\caches\7.0.2\fileHashes)" [_thread_blocked, id=8096, stack(0x000000efaca00000,0x000000efacb00000)]
  0x00000218e7f0f800 JavaThread "File lock request listener" [_thread_in_native, id=9160, stack(0x000000efacb00000,0x000000efacc00000)]
  0x00000218e7f10800 JavaThread "Cache worker for journal cache (C:\Users\MinhNgan\.gradle\caches\journal-1)" [_thread_blocked, id=2212, stack(0x000000efacc00000,0x000000efacd00000)]
  0x00000218e7f11000 JavaThread "Cache worker for file hash cache (C:\Users\MinhNgan\AndroidStudioProjects\login\.gradle\7.0.2\fileHashes)" [_thread_blocked, id=1596, stack(0x000000efacd00000,0x000000eface00000)]
  0x00000218e7f12000 JavaThread "File watcher server" daemon [_thread_in_native, id=9072, stack(0x000000eface00000,0x000000efacf00000)]
  0x00000218e7f13000 JavaThread "File watcher consumer" daemon [_thread_blocked, id=8792, stack(0x000000efacf00000,0x000000efad000000)]
  0x00000218ead24800 JavaThread "jar transforms" [_thread_blocked, id=6676, stack(0x000000efad000000,0x000000efad100000)]
  0x00000218ead20800 JavaThread "jar transforms Thread 2" [_thread_blocked, id=2032, stack(0x000000efad100000,0x000000efad200000)]
  0x00000218ead21800 JavaThread "jar transforms Thread 3" [_thread_blocked, id=2748, stack(0x000000efad200000,0x000000efad300000)]
  0x00000218ead22000 JavaThread "jar transforms Thread 4" [_thread_blocked, id=10812, stack(0x000000efad300000,0x000000efad400000)]
  0x00000218ead23000 JavaThread "Cache worker for checksums cache (C:\Users\MinhNgan\AndroidStudioProjects\login\.gradle\checksums)" [_thread_blocked, id=10672, stack(0x000000efad400000,0x000000efad500000)]
  0x00000218ead24000 JavaThread "Cache worker for cache directory md-supplier (C:\Users\MinhNgan\.gradle\caches\7.0.2\md-supplier)" [_thread_blocked, id=6200, stack(0x000000efad500000,0x000000efad600000)]

Other Threads:
  0x00000218e7e90800 VMThread "VM Thread" [stack: 0x000000efab200000,0x000000efab300000] [id=4316]
  0x00000218e89aa800 WatcherThread [stack: 0x000000efabc00000,0x000000efabd00000] [id=4092]
  0x00000218cdbd2800 GCTaskThread "GC Thread#0" [stack: 0x000000efaad00000,0x000000efaae00000] [id=9844]
  0x00000218e88bb000 GCTaskThread "GC Thread#1" [stack: 0x000000efabd00000,0x000000efabe00000] [id=8716]
  0x00000218e88b4800 GCTaskThread "GC Thread#2" [stack: 0x000000efabf00000,0x000000efac000000] [id=5316]
  0x00000218e88bb800 GCTaskThread "GC Thread#3" [stack: 0x000000efac000000,0x000000efac100000] [id=9532]
  0x00000218cdc02000 ConcurrentGCThread "G1 Main Marker" [stack: 0x000000efaae00000,0x000000efaaf00000] [id=2548]
  0x00000218cdc04800 ConcurrentGCThread "G1 Conc#0" [stack: 0x000000efaaf00000,0x000000efab000000] [id=5560]
  0x00000218cdc5e800 ConcurrentGCThread "G1 Refine#0" [stack: 0x000000efab000000,0x000000efab100000] [id=8916]
  0x00000218cdc5f800 ConcurrentGCThread "G1 Young RemSet Sampling" [stack: 0x000000efab100000,0x000000efab200000] [id=8624]

Threads with active compile tasks:
C2 CompilerThread0  17014 2456   !   4       java.net.URL::<init> (543 bytes)

VM state:not at safepoint (normal execution)

VM Mutex/Monitor currently owned by a thread: None

Heap address: 0x0000000080000000, size: 2048 MB, Compressed Oops mode: 32-bit
Narrow klass base: 0x0000000000000000, Narrow klass shift: 3
Compressed class space size: 1073741824 Address: 0x0000000100000000

Heap:
 garbage-first heap   total 65536K, used 34172K [0x0000000080000000, 0x0000000100000000)
  region size 1024K, 7 young (7168K), 4 survivors (4096K)
 Metaspace       used 28059K, capacity 28850K, committed 28928K, reserved 1075200K
  class space    used 3726K, capacity 4032K, committed 4096K, reserved 1048576K
Heap Regions: E=young(eden), S=young(survivor), O=old, HS=humongous(starts), HC=humongous(continues), CS=collection set, F=free, A=archive, TAMS=top-at-mark-start (previous, next)
|   0|0x0000000080000000, 0x0000000080100000, 0x0000000080100000|100%| O|  |TAMS 0x0000000080100000, 0x0000000080000000| Untracked 
|   1|0x0000000080100000, 0x0000000080200000, 0x0000000080200000|100%| O|  |TAMS 0x0000000080200000, 0x0000000080100000| Untracked 
|   2|0x0000000080200000, 0x0000000080300000, 0x0000000080300000|100%| O|  |TAMS 0x0000000080300000, 0x0000000080200000| Untracked 
|   3|0x0000000080300000, 0x0000000080400000, 0x0000000080400000|100%|HS|  |TAMS 0x0000000080400000, 0x0000000080300000| Complete 
|   4|0x0000000080400000, 0x0000000080500000, 0x0000000080500000|100%|HC|  |TAMS 0x0000000080500000, 0x0000000080400000| Complete 
|   5|0x0000000080500000, 0x0000000080600000, 0x0000000080600000|100%|HC|  |TAMS 0x0000000080600000, 0x0000000080500000| Complete 
|   6|0x0000000080600000, 0x0000000080700000, 0x0000000080700000|100%| O|  |TAMS 0x0000000080700000, 0x0000000080600000| Untracked 
|   7|0x0000000080700000, 0x0000000080800000, 0x0000000080800000|100%| O|  |TAMS 0x0000000080800000, 0x0000000080700000| Untracked 
|   8|0x0000000080800000, 0x0000000080900000, 0x0000000080900000|100%| O|  |TAMS 0x0000000080900000, 0x0000000080800000| Untracked 
|   9|0x0000000080900000, 0x0000000080a00000, 0x0000000080a00000|100%| O|  |TAMS 0x0000000080a00000, 0x0000000080900000| Untracked 
|  10|0x0000000080a00000, 0x0000000080b00000, 0x0000000080b00000|100%| O|  |TAMS 0x0000000080b00000, 0x0000000080a00000| Untracked 
|  11|0x0000000080b00000, 0x0000000080c00000, 0x0000000080c00000|100%| O|  |TAMS 0x0000000080c00000, 0x0000000080b00000| Untracked 
|  12|0x0000000080c00000, 0x0000000080d00000, 0x0000000080d00000|100%| O|  |TAMS 0x0000000080d00000, 0x0000000080c00000| Untracked 
|  13|0x0000000080d00000, 0x0000000080e00000, 0x0000000080e00000|100%| O|  |TAMS 0x0000000080e00000, 0x0000000080d00000| Untracked 
|  14|0x0000000080e00000, 0x0000000080f00000, 0x0000000080f00000|100%| O|  |TAMS 0x0000000080e8f000, 0x0000000080e00000| Untracked 
|  15|0x0000000080f00000, 0x0000000081000000, 0x0000000081000000|100%|HS|  |TAMS 0x0000000080f00000, 0x0000000080f00000| Complete 
|  16|0x0000000081000000, 0x0000000081100000, 0x0000000081100000|100%|HC|  |TAMS 0x0000000081000000, 0x0000000081000000| Complete 
|  17|0x0000000081100000, 0x0000000081200000, 0x0000000081200000|100%|HS|  |TAMS 0x0000000081100000, 0x0000000081100000| Complete 
|  18|0x0000000081200000, 0x0000000081300000, 0x0000000081300000|100%|HC|  |TAMS 0x0000000081200000, 0x0000000081200000| Complete 
|  19|0x0000000081300000, 0x0000000081400000, 0x0000000081400000|100%|HC|  |TAMS 0x0000000081300000, 0x0000000081300000| Complete 
|  20|0x0000000081400000, 0x0000000081500000, 0x0000000081500000|100%| O|  |TAMS 0x0000000081400000, 0x0000000081400000| Untracked 
|  21|0x0000000081500000, 0x0000000081600000, 0x0000000081600000|100%|HS|  |TAMS 0x0000000081500000, 0x0000000081500000| Complete 
|  22|0x0000000081600000, 0x0000000081700000, 0x0000000081700000|100%|HC|  |TAMS 0x0000000081600000, 0x0000000081600000| Complete 
|  23|0x0000000081700000, 0x0000000081800000, 0x0000000081800000|100%|HC|  |TAMS 0x0000000081700000, 0x0000000081700000| Complete 
|  24|0x0000000081800000, 0x0000000081900000, 0x0000000081900000|100%|HC|  |TAMS 0x0000000081800000, 0x0000000081800000| Complete 
|  25|0x0000000081900000, 0x0000000081a00000, 0x0000000081a00000|100%|HC|  |TAMS 0x0000000081900000, 0x0000000081900000| Complete 
|  26|0x0000000081a00000, 0x0000000081b00000, 0x0000000081b00000|100%| O|  |TAMS 0x0000000081a00000, 0x0000000081a00000| Untracked 
|  27|0x0000000081b00000, 0x0000000081b5f200, 0x0000000081c00000| 37%| O|  |TAMS 0x0000000081b00000, 0x0000000081b00000| Untracked 
|  28|0x0000000081c00000, 0x0000000081c00000, 0x0000000081d00000|  0%| F|  |TAMS 0x0000000081c00000, 0x0000000081c00000| Untracked 
|  29|0x0000000081d00000, 0x0000000081d00000, 0x0000000081e00000|  0%| F|  |TAMS 0x0000000081d00000, 0x0000000081d00000| Untracked 
|  30|0x0000000081e00000, 0x0000000081e00000, 0x0000000081f00000|  0%| F|  |TAMS 0x0000000081e00000, 0x0000000081e00000| Untracked 
|  31|0x0000000081f00000, 0x0000000081f00000, 0x0000000082000000|  0%| F|  |TAMS 0x0000000081f00000, 0x0000000081f00000| Untracked 
|  32|0x0000000082000000, 0x0000000082000000, 0x0000000082100000|  0%| F|  |TAMS 0x0000000082000000, 0x0000000082000000| Untracked 
|  33|0x0000000082100000, 0x0000000082100000, 0x0000000082200000|  0%| F|  |TAMS 0x0000000082100000, 0x0000000082100000| Untracked 
|  34|0x0000000082200000, 0x0000000082200000, 0x0000000082300000|  0%| F|  |TAMS 0x0000000082200000, 0x0000000082200000| Untracked 
|  35|0x0000000082300000, 0x0000000082400000, 0x0000000082400000|100%| S|CS|TAMS 0x0000000082300000, 0x0000000082300000| Complete 
|  36|0x0000000082400000, 0x0000000082500000, 0x0000000082500000|100%| S|CS|TAMS 0x0000000082400000, 0x0000000082400000| Complete 
|  37|0x0000000082500000, 0x0000000082500000, 0x0000000082600000|  0%| F|  |TAMS 0x0000000082500000, 0x0000000082500000| Untracked 
|  38|0x0000000082600000, 0x0000000082700000, 0x0000000082700000|100%| S|CS|TAMS 0x0000000082600000, 0x0000000082600000| Complete 
|  39|0x0000000082700000, 0x0000000082800000, 0x0000000082800000|100%| S|CS|TAMS 0x0000000082700000, 0x0000000082700000| Complete 
|  40|0x0000000082800000, 0x0000000082800000, 0x0000000082900000|  0%| F|  |TAMS 0x0000000082800000, 0x0000000082800000| Untracked 
|  41|0x0000000082900000, 0x0000000082900000, 0x0000000082a00000|  0%| F|  |TAMS 0x0000000082900000, 0x0000000082900000| Untracked 
|  42|0x0000000082a00000, 0x0000000082a00000, 0x0000000082b00000|  0%| F|  |TAMS 0x0000000082a00000, 0x0000000082a00000| Untracked 
|  43|0x0000000082b00000, 0x0000000082b00000, 0x0000000082c00000|  0%| F|  |TAMS 0x0000000082b00000, 0x0000000082b00000| Untracked 
|  44|0x0000000082c00000, 0x0000000082c00000, 0x0000000082d00000|  0%| F|  |TAMS 0x0000000082c00000, 0x0000000082c00000| Untracked 
|  45|0x0000000082d00000, 0x0000000082d00000, 0x0000000082e00000|  0%| F|  |TAMS 0x0000000082d00000, 0x0000000082d00000| Untracked 
|  46|0x0000000082e00000, 0x0000000082e00000, 0x0000000082f00000|  0%| F|  |TAMS 0x0000000082e00000, 0x0000000082e00000| Untracked 
|  47|0x0000000082f00000, 0x0000000082f00000, 0x0000000083000000|  0%| F|  |TAMS 0x0000000082f00000, 0x0000000082f00000| Untracked 
|  48|0x0000000083000000, 0x0000000083000000, 0x0000000083100000|  0%| F|  |TAMS 0x0000000083000000, 0x0000000083000000| Untracked 
|  49|0x0000000083100000, 0x0000000083100000, 0x0000000083200000|  0%| F|  |TAMS 0x0000000083100000, 0x0000000083100000| Untracked 
|  50|0x0000000083200000, 0x0000000083200000, 0x0000000083300000|  0%| F|  |TAMS 0x0000000083200000, 0x0000000083200000| Untracked 
|  51|0x0000000083300000, 0x0000000083300000, 0x0000000083400000|  0%| F|  |TAMS 0x0000000083300000, 0x0000000083300000| Untracked 
|  52|0x0000000083400000, 0x0000000083400000, 0x0000000083500000|  0%| F|  |TAMS 0x0000000083400000, 0x0000000083400000| Untracked 
|  53|0x0000000083500000, 0x0000000083500000, 0x0000000083600000|  0%| F|  |TAMS 0x0000000083500000, 0x0000000083500000| Untracked 
|  54|0x0000000083600000, 0x0000000083600000, 0x0000000083700000|  0%| F|  |TAMS 0x0000000083600000, 0x0000000083600000| Untracked 
|  55|0x0000000083700000, 0x0000000083700000, 0x0000000083800000|  0%| F|  |TAMS 0x0000000083700000, 0x0000000083700000| Untracked 
|  56|0x0000000083800000, 0x0000000083800000, 0x0000000083900000|  0%| F|  |TAMS 0x0000000083800000, 0x0000000083800000| Untracked 
|  57|0x0000000083900000, 0x0000000083900000, 0x0000000083a00000|  0%| F|  |TAMS 0x0000000083900000, 0x0000000083900000| Untracked 
|  58|0x0000000083a00000, 0x0000000083a00000, 0x0000000083b00000|  0%| F|  |TAMS 0x0000000083a00000, 0x0000000083a00000| Untracked 
|  59|0x0000000083b00000, 0x0000000083b00000, 0x0000000083c00000|  0%| F|  |TAMS 0x0000000083b00000, 0x0000000083b00000| Untracked 
|  60|0x0000000083c00000, 0x0000000083c00000, 0x0000000083d00000|  0%| F|  |TAMS 0x0000000083c00000, 0x0000000083c00000| Untracked 
|  61|0x0000000083d00000, 0x0000000083dafaf8, 0x0000000083e00000| 68%| E|  |TAMS 0x0000000083d00000, 0x0000000083d00000| Complete 
|  62|0x0000000083e00000, 0x0000000083f00000, 0x0000000083f00000|100%| E|CS|TAMS 0x0000000083e00000, 0x0000000083e00000| Complete 
|  63|0x0000000083f00000, 0x0000000084000000, 0x0000000084000000|100%| E|CS|TAMS 0x0000000083f00000, 0x0000000083f00000| Complete 

Card table byte_map: [0x00000218e10e0000,0x00000218e14e0000] _byte_map_base: 0x00000218e0ce0000

Marking Bits (Prev, Next): (CMBitMap*) 0x00000218cdbf93a0, (CMBitMap*) 0x00000218cdbf9368
 Prev Bits: [0x00000218e38e0000, 0x00000218e58e0000)
 Next Bits: [0x00000218e18e0000, 0x00000218e38e0000)

Polling page: 0x00000218cc300000

Metaspace:

Usage:
  Non-class:     24.24 MB capacity,    23.78 MB ( 98%) used,   402.10 KB (  2%) free+waste,    64.44 KB ( <1%) overhead. 
      Class:      3.94 MB capacity,     3.64 MB ( 93%) used,   269.17 KB (  7%) free+waste,    32.75 KB ( <1%) overhead. 
       Both:     28.17 MB capacity,    27.42 MB ( 97%) used,   671.27 KB (  2%) free+waste,    97.19 KB ( <1%) overhead. 

Virtual space:
  Non-class space:       26.00 MB reserved,      24.25 MB ( 93%) committed 
      Class space:        1.00 GB reserved,       4.00 MB ( <1%) committed 
             Both:        1.03 GB reserved,      28.25 MB (  3%) committed 

Chunk freelists:
   Non-Class:  14.00 KB
       Class:  0 bytes
        Both:  14.00 KB

MaxMetaspaceSize: 17179869184.00 GB
CompressedClassSpaceSize: 1.00 GB

CodeHeap 'non-profiled nmethods': size=120064Kb used=1148Kb max_used=1148Kb free=118915Kb
 bounds [0x00000218d9170000, 0x00000218d93e0000, 0x00000218e06b0000]
CodeHeap 'profiled nmethods': size=120000Kb used=5403Kb max_used=5403Kb free=114597Kb
 bounds [0x00000218d1c40000, 0x00000218d2190000, 0x00000218d9170000]
CodeHeap 'non-nmethods': size=5696Kb used=1160Kb max_used=1195Kb free=4535Kb
 bounds [0x00000218d16b0000, 0x00000218d1920000, 0x00000218d1c40000]
 total_blobs=2996 nmethods=2491 adapters=416
 compilation: enabled
              stopped_count=0, restarted_count=0
 full_count=0

Compilation events (20 events):
Event: 16.727 Thread 0x00000218e7f0d000 2472       3       com.google.common.base.MoreObjects::firstNonNull (22 bytes)
Event: 16.727 Thread 0x00000218e7f0d000 nmethod 2472 0x00000218d2171f10 code [0x00000218d21720e0, 0x00000218d2172308]
Event: 16.747 Thread 0x00000218e7f0d000 2473       3       java.util.concurrent.locks.AbstractQueuedSynchronizer$Node::setPrevRelaxed (9 bytes)
Event: 16.748 Thread 0x00000218e7f0d000 nmethod 2473 0x00000218d2172410 code [0x00000218d2172660, 0x00000218d2172e58]
Event: 16.748 Thread 0x00000218e7f0d000 2474       3       java.util.concurrent.locks.AbstractQueuedSynchronizer::compareAndSetTail (10 bytes)
Event: 16.749 Thread 0x00000218e7f0d000 nmethod 2474 0x00000218d2173110 code [0x00000218d21733a0, 0x00000218d2173e58]
Event: 16.749 Thread 0x00000218e7f0d000 2475       3       java.util.concurrent.locks.AbstractQueuedSynchronizer::setHead (16 bytes)
Event: 16.750 Thread 0x00000218e7f0d000 nmethod 2475 0x00000218d2174210 code [0x00000218d21743c0, 0x00000218d21745f8]
Event: 16.765 Thread 0x00000218e7f0d000 2477       3       jdk.internal.org.objectweb.asm.ClassWriter::visitField (16 bytes)
Event: 16.765 Thread 0x00000218e7f0d000 nmethod 2477 0x00000218d2174710 code [0x00000218d21748c0, 0x00000218d2174a88]
Event: 16.765 Thread 0x00000218e7f0d000 2478       3       jdk.internal.org.objectweb.asm.FieldWriter::<init> (97 bytes)
Event: 16.766 Thread 0x00000218e7f0d000 nmethod 2478 0x00000218d2174b90 code [0x00000218d2174dc0, 0x00000218d2175348]
Event: 16.766 Thread 0x00000218e7f0d000 2479       3       jdk.internal.org.objectweb.asm.FieldVisitor::<init> (7 bytes)
Event: 16.766 Thread 0x00000218e7f0d000 nmethod 2479 0x00000218d2175590 code [0x00000218d2175760, 0x00000218d2175a88]
Event: 16.768 Thread 0x00000218e7f0d000 2480       3       java.util.concurrent.locks.AbstractQueuedSynchronizer$ConditionObject::checkInterruptWhileWaiting (27 bytes)
Event: 16.769 Thread 0x00000218e7f0d000 nmethod 2480 0x00000218d2175b90 code [0x00000218d2175e40, 0x00000218d21768c8]
Event: 16.769 Thread 0x00000218e7f0d000 2481       3       java.util.concurrent.locks.AbstractQueuedSynchronizer::enq (37 bytes)
Event: 16.773 Thread 0x00000218e7f0d000 nmethod 2481 0x00000218d2176d10 code [0x00000218d2177140, 0x00000218d2178e48]
Event: 16.789 Thread 0x00000218e7f0d000 2483       3       java.lang.invoke.Invokers::checkCustomized (23 bytes)
Event: 16.790 Thread 0x00000218e7f0d000 nmethod 2483 0x00000218d2179890 code [0x00000218d2179a60, 0x00000218d2179c28]

GC Heap History (16 events):
Event: 3.892 GC heap before
{Heap before GC invocations=0 (full 0):
 garbage-first heap   total 65536K, used 19456K [0x0000000080000000, 0x0000000100000000)
  region size 1024K, 14 young (14336K), 0 survivors (0K)
 Metaspace       used 6756K, capacity 6929K, committed 7168K, reserved 1056768K
  class space    used 582K, capacity 650K, committed 768K, reserved 1048576K
}
Event: 3.909 GC heap after
{Heap after GC invocations=1 (full 0):
 garbage-first heap   total 65536K, used 7934K [0x0000000080000000, 0x0000000100000000)
  region size 1024K, 2 young (2048K), 2 survivors (2048K)
 Metaspace       used 6756K, capacity 6929K, committed 7168K, reserved 1056768K
  class space    used 582K, capacity 650K, committed 768K, reserved 1048576K
}
Event: 6.208 GC heap before
{Heap before GC invocations=1 (full 0):
 garbage-first heap   total 65536K, used 20222K [0x0000000080000000, 0x0000000100000000)
  region size 1024K, 14 young (14336K), 2 survivors (2048K)
 Metaspace       used 9896K, capacity 10058K, committed 10112K, reserved 1058816K
  class space    used 1021K, capacity 1102K, committed 1152K, reserved 1048576K
}
Event: 6.217 GC heap after
{Heap after GC invocations=2 (full 0):
 garbage-first heap   total 65536K, used 9188K [0x0000000080000000, 0x0000000100000000)
  region size 1024K, 2 young (2048K), 2 survivors (2048K)
 Metaspace       used 9896K, capacity 10058K, committed 10112K, reserved 1058816K
  class space    used 1021K, capacity 1102K, committed 1152K, reserved 1048576K
}
Event: 8.151 GC heap before
{Heap before GC invocations=2 (full 0):
 garbage-first heap   total 65536K, used 30692K [0x0000000080000000, 0x0000000100000000)
  region size 1024K, 24 young (24576K), 2 survivors (2048K)
 Metaspace       used 10791K, capacity 11011K, committed 11264K, reserved 1058816K
  class space    used 1122K, capacity 1206K, committed 1280K, reserved 1048576K
}
Event: 8.157 GC heap after
{Heap after GC invocations=3 (full 0):
 garbage-first heap   total 65536K, used 9660K [0x0000000080000000, 0x0000000100000000)
  region size 1024K, 2 young (2048K), 2 survivors (2048K)
 Metaspace       used 10791K, capacity 11011K, committed 11264K, reserved 1058816K
  class space    used 1122K, capacity 1206K, committed 1280K, reserved 1048576K
}
Event: 11.488 GC heap before
{Heap before GC invocations=3 (full 0):
 garbage-first heap   total 65536K, used 44476K [0x0000000080000000, 0x0000000100000000)
  region size 1024K, 35 young (35840K), 2 survivors (2048K)
 Metaspace       used 14951K, capacity 15298K, committed 15488K, reserved 1062912K
  class space    used 1707K, capacity 1829K, committed 1920K, reserved 1048576K
}
Event: 11.505 GC heap after
{Heap after GC invocations=4 (full 0):
 garbage-first heap   total 65536K, used 14912K [0x0000000080000000, 0x0000000100000000)
  region size 1024K, 5 young (5120K), 5 survivors (5120K)
 Metaspace       used 14951K, capacity 15298K, committed 15488K, reserved 1062912K
  class space    used 1707K, capacity 1829K, committed 1920K, reserved 1048576K
}
Event: 13.680 GC heap before
{Heap before GC invocations=4 (full 0):
 garbage-first heap   total 65536K, used 41536K [0x0000000080000000, 0x0000000100000000)
  region size 1024K, 31 young (31744K), 5 survivors (5120K)
 Metaspace       used 19211K, capacity 19619K, committed 19712K, reserved 1067008K
  class space    used 2326K, capacity 2479K, committed 2560K, reserved 1048576K
}
Event: 13.701 GC heap after
{Heap after GC invocations=5 (full 0):
 garbage-first heap   total 65536K, used 16512K [0x0000000080000000, 0x0000000100000000)
  region size 1024K, 2 young (2048K), 2 survivors (2048K)
 Metaspace       used 19211K, capacity 19619K, committed 19712K, reserved 1067008K
  class space    used 2326K, capacity 2479K, committed 2560K, reserved 1048576K
}
Event: 14.275 GC heap before
{Heap before GC invocations=5 (full 0):
 garbage-first heap   total 65536K, used 25728K [0x0000000080000000, 0x0000000100000000)
  region size 1024K, 12 young (12288K), 2 survivors (2048K)
 Metaspace       used 20589K, capacity 21093K, committed 21248K, reserved 1067008K
  class space    used 2509K, capacity 2699K, committed 2816K, reserved 1048576K
}
Event: 14.282 GC heap after
{Heap after GC invocations=6 (full 0):
 garbage-first heap   total 65536K, used 16692K [0x0000000080000000, 0x0000000100000000)
  region size 1024K, 2 young (2048K), 2 survivors (2048K)
 Metaspace       used 20589K, capacity 21093K, committed 21248K, reserved 1067008K
  class space    used 2509K, capacity 2699K, committed 2816K, reserved 1048576K
}
Event: 15.269 GC heap before
{Heap before GC invocations=7 (full 0):
 garbage-first heap   total 65536K, used 42292K [0x0000000080000000, 0x0000000100000000)
  region size 1024K, 27 young (27648K), 2 survivors (2048K)
 Metaspace       used 23172K, capacity 23790K, committed 23936K, reserved 1071104K
  class space    used 2941K, capacity 3154K, committed 3200K, reserved 1048576K
}
Event: 15.275 GC heap after
{Heap after GC invocations=8 (full 0):
 garbage-first heap   total 65536K, used 17435K [0x0000000080000000, 0x0000000100000000)
  region size 1024K, 3 young (3072K), 3 survivors (3072K)
 Metaspace       used 23172K, capacity 23790K, committed 23936K, reserved 1071104K
  class space    used 2941K, capacity 3154K, committed 3200K, reserved 1048576K
}
Event: 16.169 GC heap before
{Heap before GC invocations=8 (full 0):
 garbage-first heap   total 65536K, used 49179K [0x0000000080000000, 0x0000000100000000)
  region size 1024K, 29 young (29696K), 3 survivors (3072K)
 Metaspace       used 26062K, capacity 26685K, committed 26752K, reserved 1073152K
  class space    used 3412K, capacity 3649K, committed 3712K, reserved 1048576K
}
Event: 16.178 GC heap after
{Heap after GC invocations=9 (full 0):
 garbage-first heap   total 65536K, used 24374K [0x0000000080000000, 0x0000000100000000)
  region size 1024K, 3 young (3072K), 3 survivors (3072K)
 Metaspace       used 26062K, capacity 26685K, committed 26752K, reserved 1073152K
  class space    used 3412K, capacity 3649K, committed 3712K, reserved 1048576K
}

Deoptimization events (20 events):
Event: 16.117 Thread 0x00000218e9982000 DEOPT PACKING pc=0x00000218d925d558 sp=0x000000efac6f9d10
Event: 16.117 Thread 0x00000218e9982000 DEOPT UNPACKING pc=0x00000218d16d78af sp=0x000000efac6f9d60 mode 2
Event: 16.183 Thread 0x00000218e9982000 Uncommon trap: trap_request=0xffffff4d fr.pc=0x00000218d91e6a28 relative=0x0000000000001ae8
Event: 16.183 Thread 0x00000218e9982000 Uncommon trap: reason=unstable_if action=reinterpret pc=0x00000218d91e6a28 method=java.util.zip.ZipFile$Source.initCEN(ILjava/util/zip/ZipCoder;)V @ 582 c2
Event: 16.183 Thread 0x00000218e9982000 DEOPT PACKING pc=0x00000218d91e6a28 sp=0x000000efac6f5d80
Event: 16.183 Thread 0x00000218e9982000 DEOPT UNPACKING pc=0x00000218d16d78af sp=0x000000efac6f5d68 mode 2
Event: 16.201 Thread 0x00000218e9982000 Uncommon trap: trap_request=0xffffff4d fr.pc=0x00000218d927689c relative=0x0000000000005f5c
Event: 16.201 Thread 0x00000218e9982000 Uncommon trap: reason=unstable_if action=reinterpret pc=0x00000218d927689c method=java.net.URLClassLoader.getAndVerifyPackage(Ljava/lang/String;Ljava/util/jar/Manifest;Ljava/net/URL;)Ljava/lang/Package; @ 62 c2
Event: 16.201 Thread 0x00000218e9982000 DEOPT PACKING pc=0x00000218d927689c sp=0x000000efac6f6570
Event: 16.201 Thread 0x00000218e9982000 DEOPT UNPACKING pc=0x00000218d16d78af sp=0x000000efac6f64b0 mode 2
Event: 16.215 Thread 0x00000218e9982000 DEOPT PACKING pc=0x00000218d1d17ba8 sp=0x000000efac6f4100
Event: 16.215 Thread 0x00000218e9982000 DEOPT UNPACKING pc=0x00000218d16d76ce sp=0x000000efac6f35d0 mode 0
Event: 16.217 Thread 0x00000218e9982000 DEOPT PACKING pc=0x00000218d1d17ba8 sp=0x000000efac6f5950
Event: 16.217 Thread 0x00000218e9982000 DEOPT UNPACKING pc=0x00000218d16d76ce sp=0x000000efac6f4e20 mode 0
Event: 16.243 Thread 0x00000218e9982000 DEOPT PACKING pc=0x00000218d2121294 sp=0x000000efac6f4c70
Event: 16.243 Thread 0x00000218e9982000 DEOPT UNPACKING pc=0x00000218d16d76ce sp=0x000000efac6f4260 mode 0
Event: 16.301 Thread 0x00000218e9982000 DEOPT PACKING pc=0x00000218d2121294 sp=0x000000efac6f4c70
Event: 16.301 Thread 0x00000218e9982000 DEOPT UNPACKING pc=0x00000218d16d76ce sp=0x000000efac6f4260 mode 0
Event: 16.343 Thread 0x00000218e9982000 DEOPT PACKING pc=0x00000218d1d0779b sp=0x000000efac6f40f0
Event: 16.343 Thread 0x00000218e9982000 DEOPT UNPACKING pc=0x00000218d16d76ce sp=0x000000efac6f3630 mode 0

Classes redefined (0 events):
No events

Internal exceptions (20 events):
Event: 16.356 Thread 0x00000218e9982000 Exception <a 'java/lang/NoSuchMethodError'{0x0000000083ba7908}: <clinit>> (0x0000000083ba7908) thrown at [./src/hotspot/share/prims/jni.cpp, line 1362]
Event: 16.360 Thread 0x00000218e9982000 Exception <a 'java/lang/NoSuchMethodError'{0x0000000083bc5798}: <clinit>> (0x0000000083bc5798) thrown at [./src/hotspot/share/prims/jni.cpp, line 1362]
Event: 16.365 Thread 0x00000218e9982000 Exception <a 'java/lang/NoSuchMethodError'{0x0000000083be0ad8}: <clinit>> (0x0000000083be0ad8) thrown at [./src/hotspot/share/prims/jni.cpp, line 1362]
Event: 16.366 Thread 0x00000218e9982000 Exception <a 'java/lang/NoSuchMethodError'{0x0000000083bea8d0}: <clinit>> (0x0000000083bea8d0) thrown at [./src/hotspot/share/prims/jni.cpp, line 1362]
Event: 16.367 Thread 0x00000218e9982000 Exception <a 'java/lang/NoSuchMethodError'{0x0000000083bf3fb0}: <clinit>> (0x0000000083bf3fb0) thrown at [./src/hotspot/share/prims/jni.cpp, line 1362]
Event: 16.368 Thread 0x00000218e9982000 Exception <a 'java/lang/NoSuchMethodError'{0x0000000083bfe508}: <clinit>> (0x0000000083bfe508) thrown at [./src/hotspot/share/prims/jni.cpp, line 1362]
Event: 16.382 Thread 0x00000218e9982000 Exception <a 'java/lang/NoSuchMethodError'{0x0000000083ab1c40}: <clinit>> (0x0000000083ab1c40) thrown at [./src/hotspot/share/prims/jni.cpp, line 1362]
Event: 16.382 Thread 0x00000218e9982000 Exception <a 'java/lang/NoSuchMethodError'{0x0000000083ab4678}: <clinit>> (0x0000000083ab4678) thrown at [./src/hotspot/share/prims/jni.cpp, line 1362]
Event: 16.383 Thread 0x00000218e9982000 Exception <a 'java/lang/NoSuchMethodError'{0x0000000083ab5c80}: <clinit>> (0x0000000083ab5c80) thrown at [./src/hotspot/share/prims/jni.cpp, line 1362]
Event: 16.383 Thread 0x00000218e9982000 Exception <a 'java/lang/NoSuchMethodError'{0x0000000083ab7218}: <clinit>> (0x0000000083ab7218) thrown at [./src/hotspot/share/prims/jni.cpp, line 1362]
Event: 16.383 Thread 0x00000218e9982000 Exception <a 'java/lang/NoSuchMethodError'{0x0000000083ab8978}: <clinit>> (0x0000000083ab8978) thrown at [./src/hotspot/share/prims/jni.cpp, line 1362]
Event: 16.383 Thread 0x00000218e9982000 Exception <a 'java/lang/NoSuchMethodError'{0x0000000083aba010}: <clinit>> (0x0000000083aba010) thrown at [./src/hotspot/share/prims/jni.cpp, line 1362]
Event: 16.384 Thread 0x00000218e9982000 Exception <a 'java/lang/NoSuchMethodError'{0x0000000083abb548}: <clinit>> (0x0000000083abb548) thrown at [./src/hotspot/share/prims/jni.cpp, line 1362]
Event: 16.582 Thread 0x00000218e9982000 Exception <a 'java/lang/NoSuchMethodError'{0x0000000082f11ab8}: 'java.lang.Object java.lang.invoke.DirectMethodHandle$Holder.invokeSpecialIFC(java.lang.Object, java.lang.Object, java.lang.Object, java.lang.Object)'> (0x0000000082f11ab8) thrown at [./src/hotspot/share/interpreter/linkResolver.cpp, line 773]
Event: 16.601 Thread 0x00000218e9982000 Exception <a 'java/lang/NoSuchMethodError'{0x0000000082fe7d30}: 'java.lang.Object java.lang.invoke.DirectMethodHandle$Holder.invokeSpecial(java.lang.Object, java.lang.Object, java.lang.Object, java.lang.Object, java.lang.Object, java.lang.Object, java.lang.Object, java.lang.Object, java.lang.Object, java.lang.Object, java.lang.Object, java.lang.Object, java.lang.Object)'> (0x0000000082fe7d30) thrown at [./src/hotspot/share/interpreter/linkResolver.cpp, line 773]
Event: 16.604 Thread 0x00000218e9982000 Exception <a 'java/lang/NoSuchMethodError'{0x0000000082ff8fb8}: 'java.lang.Object java.lang.invoke.DirectMethodHandle$Holder.invokeSpecial(java.lang.Object, java.lang.Object, java.lang.Object, java.lang.Object, java.lang.Object, java.lang.Object, java.lang.Object, java.lang.Object, java.lang.Object, java.lang.Object, java.lang.Object, java.lang.Object)'> (0x0000000082ff8fb8) thrown at [./src/hotspot/share/interpreter/linkResolver.cpp, line 773]
Event: 16.605 Thread 0x00000218e9982000 Exception <a 'java/lang/NoSuchMethodError'{0x0000000082ffe0e0}: 'java.lang.Object java.lang.invoke.Invokers$Holder.linkToTargetMethod(java.lang.Object, java.lang.Object, java.lang.Object, java.lang.Object, java.lang.Object, java.lang.Object, java.lang.Object, java.lang.Object, java.lang.Object, java.lang.Object, java.lang.Object)'> (0x0000000082ffe0e0) thrown at [./src/hotspot/share/interpreter/linkResolver.cpp, line 773]
Event: 16.637 Thread 0x00000218e9982000 Exception <a 'java/lang/NoSuchMethodError'{0x0000000082d36238}: 'java.lang.Object java.lang.invoke.DirectMethodHandle$Holder.invokeSpecial(java.lang.Object, java.lang.Object, java.lang.Object, java.lang.Object, java.lang.Object, java.lang.Object, java.lang.Object, java.lang.Object, java.lang.Object, java.lang.Object, java.lang.Object, java.lang.Object, java.lang.Object, java.lang.Object)'> (0x0000000082d36238) thrown at [./src/hotspot/share/interpreter/linkResolver.cpp, line 773]
Event: 16.638 Thread 0x00000218e9982000 Exception <a 'java/lang/NoSuchMethodError'{0x0000000082d47830}: 'java.lang.Object java.lang.invoke.Invokers$Holder.linkToTargetMethod(java.lang.Object, java.lang.Object, java.lang.Object, java.lang.Object, java.lang.Object, java.lang.Object, java.lang.Object, java.lang.Object, java.lang.Object, java.lang.Object, java.lang.Object, java.lang.Object)'> (0x0000000082d47830) thrown at [./src/hotspot/share/interpreter/linkResolver.cpp, line 773]
Event: 16.665 Thread 0x00000218e9982000 Exception <a 'java/lang/NoSuchMethodError'{0x0000000082dd5b40}: 'java.lang.Object java.lang.invoke.DirectMethodHandle$Holder.invokeStaticInit(java.lang.Object, java.lang.Object, java.lang.Object, java.lang.Object)'> (0x0000000082dd5b40) thrown at [./src/hotspot/share/interpreter/linkResolver.cpp, line 773]

Events (20 events):
Event: 16.785 loading class org/gradle/internal/resource/local/AbstractLocallyAvailableResourceFinder
Event: 16.785 loading class org/gradle/internal/resource/local/AbstractLocallyAvailableResourceFinder done
Event: 16.787 loading class org/gradle/internal/resource/local/LocallyAvailableResourceCandidates
Event: 16.787 loading class org/gradle/internal/resource/local/LocallyAvailableResourceCandidates done
Event: 16.788 loading class org/gradle/internal/component/external/model/ModuleComponentArtifactMetadata
Event: 16.788 loading class org/gradle/internal/component/external/model/ModuleComponentArtifactMetadata done
Event: 16.789 loading class org/gradle/internal/component/external/model/ModuleComponentArtifactMetadata
Event: 16.789 loading class org/gradle/internal/component/external/model/ModuleComponentArtifactMetadata done
Event: 16.789 loading class org/gradle/internal/resource/local/ivy/LocallyAvailableResourceFinderFactory
Event: 16.789 loading class org/gradle/internal/resource/local/ivy/LocallyAvailableResourceFinderFactory done
Event: 16.789 loading class org/gradle/internal/resource/local/FileStoreSearcher
Event: 16.789 loading class org/gradle/internal/resource/local/FileStoreSearcher done
Event: 16.789 loading class org/gradle/internal/Factory
Event: 16.789 loading class org/gradle/internal/Factory done
Event: 16.789 loading class org/gradle/internal/resource/local/FileStoreSearcher
Event: 16.789 loading class org/gradle/internal/resource/local/FileStoreSearcher done
Event: 16.792 loading class org/gradle/api/internal/artifacts/repositories/resolver/IvyResourcePattern
Event: 16.792 loading class org/gradle/api/internal/artifacts/repositories/resolver/IvyResourcePattern done
Event: 16.794 loading class org/gradle/api/internal/artifacts/repositories/resolver/AbstractResourcePattern
Event: 16.794 loading class org/gradle/api/internal/artifacts/repositories/resolver/AbstractResourcePattern done


Dynamic libraries:
0x00007ff7aee10000 - 0x00007ff7aee1a000 	C:\Program Files\Android\Android Studio\jre\bin\java.exe
0x00007ffdb19f0000 - 0x00007ffdb1be5000 	C:\WINDOWS\SYSTEM32\ntdll.dll
0x00007ffdb09c0000 - 0x00007ffdb0a7e000 	C:\WINDOWS\System32\KERNEL32.DLL
0x00007ffdaf520000 - 0x00007ffdaf7e9000 	C:\WINDOWS\System32\KERNELBASE.dll
0x00007ffdaf3c0000 - 0x00007ffdaf4c0000 	C:\WINDOWS\System32\ucrtbase.dll
0x00007ffda8460000 - 0x00007ffda8479000 	C:\Program Files\Android\Android Studio\jre\bin\jli.dll
0x00007ffd9fac0000 - 0x00007ffd9fad7000 	C:\Program Files\Android\Android Studio\jre\bin\VCRUNTIME140.dll
0x00007ffdafb10000 - 0x00007ffdafcb1000 	C:\WINDOWS\System32\USER32.dll
0x00007ffdaf870000 - 0x00007ffdaf892000 	C:\WINDOWS\System32\win32u.dll
0x00007ffdb0a80000 - 0x00007ffdb0aab000 	C:\WINDOWS\System32\GDI32.dll
0x00007ffdaf8a0000 - 0x00007ffdaf9ab000 	C:\WINDOWS\System32\gdi32full.dll
0x00007ffdaf320000 - 0x00007ffdaf3bd000 	C:\WINDOWS\System32\msvcp_win.dll
0x00007ffda21a0000 - 0x00007ffda243a000 	C:\WINDOWS\WinSxS\amd64_microsoft.windows.common-controls_6595b64144ccf1df_6.0.19041.1110_none_60b5254171f9507e\COMCTL32.dll
0x00007ffdb0e30000 - 0x00007ffdb0ece000 	C:\WINDOWS\System32\msvcrt.dll
0x00007ffdb0be0000 - 0x00007ffdb0c10000 	C:\WINDOWS\System32\IMM32.DLL
0x00007ffd767c0000 - 0x00007ffd7685d000 	C:\Program Files\Android\Android Studio\jre\bin\msvcp140.dll
0x00007ffd83220000 - 0x00007ffd83cef000 	C:\Program Files\Android\Android Studio\jre\bin\server\jvm.dll
0x00007ffdb1900000 - 0x00007ffdb19ac000 	C:\WINDOWS\System32\ADVAPI32.dll
0x00007ffdb0ab0000 - 0x00007ffdb0b4b000 	C:\WINDOWS\System32\sechost.dll
0x00007ffdb17d0000 - 0x00007ffdb18fa000 	C:\WINDOWS\System32\RPCRT4.dll
0x00007ffdb0ed0000 - 0x00007ffdb0ed8000 	C:\WINDOWS\System32\PSAPI.DLL
0x00007ffdac910000 - 0x00007ffdac919000 	C:\WINDOWS\SYSTEM32\WSOCK32.dll
0x00007ffdb11e0000 - 0x00007ffdb124b000 	C:\WINDOWS\System32\WS2_32.dll
0x00007ffdac940000 - 0x00007ffdac967000 	C:\WINDOWS\SYSTEM32\WINMM.dll
0x00007ffda1a60000 - 0x00007ffda1a6a000 	C:\WINDOWS\SYSTEM32\VERSION.dll
0x00007ffdad010000 - 0x00007ffdad022000 	C:\WINDOWS\SYSTEM32\kernel.appcore.dll
0x00007ffdaab60000 - 0x00007ffdaab71000 	C:\Program Files\Android\Android Studio\jre\bin\verify.dll
0x00007ffd9b0c0000 - 0x00007ffd9b2a4000 	C:\WINDOWS\SYSTEM32\DBGHELP.DLL
0x00007ffd9b070000 - 0x00007ffd9b09c000 	C:\WINDOWS\SYSTEM32\dbgcore.DLL
0x00007ffdaf9b0000 - 0x00007ffdafa33000 	C:\WINDOWS\System32\bcryptPrimitives.dll
0x00007ffda9c60000 - 0x00007ffda9c89000 	C:\Program Files\Android\Android Studio\jre\bin\java.dll
0x00007ffdac8e0000 - 0x00007ffdac8eb000 	C:\Program Files\Android\Android Studio\jre\bin\jimage.dll
0x00007ffdaab20000 - 0x00007ffdaab38000 	C:\Program Files\Android\Android Studio\jre\bin\zip.dll
0x00007ffdb0280000 - 0x00007ffdb09bf000 	C:\WINDOWS\System32\SHELL32.dll
0x00007ffdad210000 - 0x00007ffdad9a0000 	C:\WINDOWS\SYSTEM32\windows.storage.dll
0x00007ffdb1250000 - 0x00007ffdb15a5000 	C:\WINDOWS\System32\combase.dll
0x00007ffdaeb60000 - 0x00007ffdaeb8c000 	C:\WINDOWS\SYSTEM32\Wldp.dll
0x00007ffdb0ee0000 - 0x00007ffdb0f8e000 	C:\WINDOWS\System32\SHCORE.dll
0x00007ffdb1770000 - 0x00007ffdb17c5000 	C:\WINDOWS\System32\shlwapi.dll
0x00007ffdaf050000 - 0x00007ffdaf06f000 	C:\WINDOWS\SYSTEM32\profapi.dll
0x00007ffda9bf0000 - 0x00007ffda9c0a000 	C:\Program Files\Android\Android Studio\jre\bin\net.dll
0x00007ffda01c0000 - 0x00007ffda02c8000 	C:\WINDOWS\SYSTEM32\WINHTTP.dll
0x00007ffdae8c0000 - 0x00007ffdae92a000 	C:\WINDOWS\system32\mswsock.dll
0x00007ffda9ab0000 - 0x00007ffda9ac4000 	C:\Program Files\Android\Android Studio\jre\bin\nio.dll
0x00007ffda9c20000 - 0x00007ffda9c47000 	C:\Users\MinhNgan\.gradle\native\8bec1ad78214c89d9ad589b4d07fe93259594b29d510b10fafb7a158f7737e5d\windows-amd64\native-platform.dll
0x00007ffd9ef70000 - 0x00007ffd9f0ad000 	C:\Users\MinhNgan\.gradle\native\53dbd7edfb1c66fb8903c78663c9afc45aea4f116125fa6feffd364cf09443e8\windows-amd64\native-platform-file-events.dll
0x00007ffdaabe0000 - 0x00007ffdaabea000 	C:\Program Files\Android\Android Studio\jre\bin\management.dll
0x00007ffdaab50000 - 0x00007ffdaab5c000 	C:\Program Files\Android\Android Studio\jre\bin\management_ext.dll
0x00007ffdaeab0000 - 0x00007ffdaeac8000 	C:\WINDOWS\SYSTEM32\CRYPTSP.dll
0x00007ffdae1d0000 - 0x00007ffdae204000 	C:\WINDOWS\system32\rsaenh.dll
0x00007ffdaf7f0000 - 0x00007ffdaf817000 	C:\WINDOWS\System32\bcrypt.dll
0x00007ffdaefd0000 - 0x00007ffdaeffe000 	C:\WINDOWS\SYSTEM32\USERENV.dll
0x00007ffdaead0000 - 0x00007ffdaeadc000 	C:\WINDOWS\SYSTEM32\CRYPTBASE.dll
0x00007ffdae560000 - 0x00007ffdae59b000 	C:\WINDOWS\SYSTEM32\IPHLPAPI.DLL
0x00007ffdb0e20000 - 0x00007ffdb0e28000 	C:\WINDOWS\System32\NSI.dll
0x00007ffda4370000 - 0x00007ffda4387000 	C:\WINDOWS\SYSTEM32\dhcpcsvc6.DLL
0x00007ffda62e0000 - 0x00007ffda62fd000 	C:\WINDOWS\SYSTEM32\dhcpcsvc.DLL
0x00007ffdae5a0000 - 0x00007ffdae66c000 	C:\WINDOWS\SYSTEM32\DNSAPI.dll

dbghelp: loaded successfully - version: 4.0.5 - missing functions: none
symbol engine: initialized successfully - sym options: 0x614 - pdb path: .;C:\Program Files\Android\Android Studio\jre\bin;C:\WINDOWS\SYSTEM32;C:\WINDOWS\WinSxS\amd64_microsoft.windows.common-controls_6595b64144ccf1df_6.0.19041.1110_none_60b5254171f9507e;C:\Program Files\Android\Android Studio\jre\bin\server;C:\Users\MinhNgan\.gradle\native\8bec1ad78214c89d9ad589b4d07fe93259594b29d510b10fafb7a158f7737e5d\windows-amd64;C:\Users\MinhNgan\.gradle\native\53dbd7edfb1c66fb8903c78663c9afc45aea4f116125fa6feffd364cf09443e8\windows-amd64

VM Arguments:
jvm_args: --add-opens=java.base/java.util=ALL-UNNAMED --add-opens=java.base/java.lang=ALL-UNNAMED --add-opens=java.base/java.lang.invoke=ALL-UNNAMED --add-opens=java.base/java.util=ALL-UNNAMED --add-opens=java.prefs/java.util.prefs=ALL-UNNAMED --add-opens=java.prefs/java.util.prefs=ALL-UNNAMED --add-opens=java.base/java.nio.charset=ALL-UNNAMED --add-opens=java.base/java.net=ALL-UNNAMED --add-opens=java.base/java.util.concurrent.atomic=ALL-UNNAMED -Xmx2048m -Dfile.encoding=UTF-8 -Duser.country=US -Duser.language=en -Duser.variant 
java_command: org.gradle.launcher.daemon.bootstrap.GradleDaemon 7.0.2
java_class_path (initial): C:\Users\MinhNgan\.gradle\wrapper\dists\gradle-7.0.2-bin\857tjihv64xamwrf0h14cai3r\gradle-7.0.2\lib\gradle-launcher-7.0.2.jar
Launcher Type: SUN_STANDARD

[Global flags]
     intx CICompilerCount                          = 3                                         {product} {ergonomic}
     uint ConcGCThreads                            = 1                                         {product} {ergonomic}
     uint G1ConcRefinementThreads                  = 4                                         {product} {ergonomic}
   size_t G1HeapRegionSize                         = 1048576                                   {product} {ergonomic}
    uintx GCDrainStackTargetSize                   = 64                                        {product} {ergonomic}
   size_t InitialHeapSize                          = 67108864                                  {product} {ergonomic}
   size_t MarkStackSize                            = 4194304                                   {product} {ergonomic}
   size_t MaxHeapSize                              = 2147483648                                {product} {command line}
   size_t MaxNewSize                               = 1287651328                                {product} {ergonomic}
   size_t MinHeapDeltaBytes                        = 1048576                                   {product} {ergonomic}
    uintx NonNMethodCodeHeapSize                   = 5830732                                {pd product} {ergonomic}
    uintx NonProfiledCodeHeapSize                  = 122913754                              {pd product} {ergonomic}
    uintx ProfiledCodeHeapSize                     = 122913754                              {pd product} {ergonomic}
    uintx ReservedCodeCacheSize                    = 251658240                              {pd product} {ergonomic}
     bool SegmentedCodeCache                       = true                                      {product} {ergonomic}
     bool UseCompressedClassPointers               = true                                 {lp64_product} {ergonomic}
     bool UseCompressedOops                        = true                                 {lp64_product} {ergonomic}
     bool UseG1GC                                  = true                                      {product} {ergonomic}
     bool UseLargePagesIndividualAllocation        = false                                  {pd product} {ergonomic}

Logging:
Log output configuration:
 #0: stdout all=warning uptime,level,tags
 #1: stderr all=off uptime,level,tags

Environment Variables:
PATH=C:\Program Files\Common Files\Oracle\Java\javapath;C:\WINDOWS\system32;C:\WINDOWS;C:\WINDOWS\System32\Wbem;C:\WINDOWS\System32\WindowsPowerShell\v1.0\;C:\WINDOWS\System32\OpenSSH\;C:\Program Files\dotnet\;C:\Program Files\Microsoft SQL Server\130\Tools\Binn\;C:\Program Files\Microsoft SQL Server\Client SDK\ODBC\170\Tools\Binn\;C:\Users\MinhNgan\AppData\Local\Microsoft\WindowsApps;
USERNAME=MinhNgan
OS=Windows_NT
PROCESSOR_IDENTIFIER=Intel64 Family 6 Model 69 Stepping 1, GenuineIntel



---------------  S Y S T E M  ---------------

OS: Windows 10 , 64 bit Build 19041 (10.0.19041.1202)
OS uptime: 0 days 10:17 hours

CPU:total 4 (initial active 4) (2 cores per cpu, 2 threads per core) family 6 model 69 stepping 1 microcode 0x25, cmov, cx8, fxsr, mmx, sse, sse2, sse3, ssse3, sse4.1, sse4.2, popcnt, avx, avx2, aes, clmul, erms, lzcnt, ht, tsc, tscinvbit, bmi1, bmi2, fma

Memory: 4k page, system-wide physical 3979M (54M free)
TotalPageFile size 10379M (AvailPageFile size 4M)
current process WorkingSet (physical memory assigned to process): 157M, peak: 157M
current process commit charge ("private bytes"): 208M, peak: 209M

vm_info: OpenJDK 64-Bit Server VM (11.0.10+0-b96-7249189) for windows-amd64 JRE (11.0.10+0-b96-7249189), built on Mar 31 2021 21:44:00 by "builder" with MS VC++ 14.0 (VS2015)

END.
