#
# There is insufficient memory for the Java Runtime Environment to continue.
# Native memory allocation (mmap) failed to map 13631488 bytes for Failed to commit area from 0x0000000084000000 to 0x0000000084d00000 of length 13631488.
# Possible reasons:
#   The system is out of physical RAM or swap space
#   The process is running with CompressedOops enabled, and the Java Heap may be blocking the growth of the native heap
# Possible solutions:
#   Reduce memory load on the system
#   Increase physical memory or swap space
#   Check if swap backing store is full
#   Decrease Java heap size (-Xmx/-Xms)
#   Decrease number of Java threads
#   Decrease Java thread stack sizes (-Xss)
#   Set larger code cache with -XX:ReservedCodeCacheSize=
#   JVM is running with Unscaled Compressed Oops mode in which the Java heap is
#     placed in the first 4GB address space. The Java Heap base address is the
#     maximum limit for the native heap growth. Please use -XX:HeapBaseMinAddress
#     to set the Java Heap base and to place the Java Heap above 4GB virtual address.
# This output file may be truncated or incomplete.
#
#  Out of Memory Error (./src/hotspot/os/windows/os_windows.cpp:3301), pid=3400, tid=9516
#
# JRE version: OpenJDK Runtime Environment (11.0.10) (build 11.0.10+0-b96-7249189)
# Java VM: OpenJDK 64-Bit Server VM (11.0.10+0-b96-7249189, mixed mode, tiered, compressed oops, g1 gc, windows-amd64)
# No core dump will be written. Minidumps are not enabled by default on client versions of Windows
#

---------------  S U M M A R Y ------------

Command Line: --add-opens=java.base/java.util=ALL-UNNAMED --add-opens=java.base/java.lang=ALL-UNNAMED --add-opens=java.base/java.lang.invoke=ALL-UNNAMED --add-opens=java.base/java.util=ALL-UNNAMED --add-opens=java.prefs/java.util.prefs=ALL-UNNAMED --add-opens=java.prefs/java.util.prefs=ALL-UNNAMED --add-opens=java.base/java.nio.charset=ALL-UNNAMED --add-opens=java.base/java.net=ALL-UNNAMED --add-opens=java.base/java.util.concurrent.atomic=ALL-UNNAMED -Xmx2048m -Dfile.encoding=UTF-8 -Duser.country=US -Duser.language=en -Duser.variant org.gradle.launcher.daemon.bootstrap.GradleDaemon 7.0.2

Host: Intel(R) Core(TM) i5-4210U CPU @ 1.70GHz, 4 cores, 3G,  Windows 10 , 64 bit Build 19041 (10.0.19041.1202)
Time: Mon Nov  1 21:36:06 2021 SE Asia Standard Time elapsed time: 18.933567 seconds (0d 0h 0m 18s)

---------------  T H R E A D  ---------------

Current thread (0x00000297c1850800):  VMThread "VM Thread" [stack: 0x000000a125b00000,0x000000a125c00000] [id=9516]

Stack: [0x000000a125b00000,0x000000a125c00000]
[error occurred during error reporting (printing stack bounds), id 0xc0000005, EXCEPTION_ACCESS_VIOLATION (0xc0000005) at pc=0x00000297ab030f2d]

Native frames: (J=compiled Java code, j=interpreted, Vv=VM code, C=native code)
V  [jvm.dll+0x5ecfaa]
V  [jvm.dll+0x722bd5]
V  [jvm.dll+0x72412d]
V  [jvm.dll+0x724745]
V  [jvm.dll+0x7246fb]
V  [jvm.dll+0x5ec348]
V  [jvm.dll+0x5ecad8]
C  [ntdll.dll+0xa20cf]
C  [ntdll.dll+0x51454]
C  [ntdll.dll+0xa0bfe]
C  0x00000297ab030f2d

VM_Operation (0x000000a126ff5600): G1CollectForAllocation, mode: safepoint, requested by thread 0x00000297c23cf000


---------------  P R O C E S S  ---------------

Threads class SMR info:
_java_thread_list=0x00000297c2bbfab0, length=35, elements={
0x00000297a753a000, 0x00000297c185a800, 0x00000297c1864800, 0x00000297c18b2800,
0x00000297c18b4800, 0x00000297c18b8000, 0x00000297c18bb000, 0x00000297c18c0800,
0x00000297c18de000, 0x00000297c2352000, 0x00000297c3010800, 0x00000297c303f800,
0x00000297c3b3e000, 0x00000297c3518000, 0x00000297c366d800, 0x00000297c23ce000,
0x00000297c23cf000, 0x00000297c2757000, 0x00000297c2758000, 0x00000297c3b0a800,
0x00000297c3b0f800, 0x00000297c3b0c800, 0x00000297c3b0e000, 0x00000297c3b0d000,
0x00000297c3b0f000, 0x00000297c3b10800, 0x00000297c3b11000, 0x00000297c3b0b800,
0x00000297c6295800, 0x00000297c6297000, 0x00000297c6298800, 0x00000297c6299800,
0x00000297c6294000, 0x00000297c6294800, 0x00000297c629d800
}

Java Threads: ( => current thread )
  0x00000297a753a000 JavaThread "main" [_thread_blocked, id=3100, stack(0x000000a125500000,0x000000a125600000)]
  0x00000297c185a800 JavaThread "Reference Handler" daemon [_thread_blocked, id=9252, stack(0x000000a125c00000,0x000000a125d00000)]
  0x00000297c1864800 JavaThread "Finalizer" daemon [_thread_blocked, id=7908, stack(0x000000a125d00000,0x000000a125e00000)]
  0x00000297c18b2800 JavaThread "Signal Dispatcher" daemon [_thread_blocked, id=10008, stack(0x000000a125e00000,0x000000a125f00000)]
  0x00000297c18b4800 JavaThread "Attach Listener" daemon [_thread_blocked, id=8236, stack(0x000000a125f00000,0x000000a126000000)]
  0x00000297c18b8000 JavaThread "Service Thread" daemon [_thread_blocked, id=1072, stack(0x000000a126000000,0x000000a126100000)]
  0x00000297c18bb000 JavaThread "C2 CompilerThread0" daemon [_thread_blocked, id=10360, stack(0x000000a126100000,0x000000a126200000)]
  0x00000297c18c0800 JavaThread "C1 CompilerThread0" daemon [_thread_blocked, id=6724, stack(0x000000a126200000,0x000000a126300000)]
  0x00000297c18de000 JavaThread "Sweeper thread" daemon [_thread_blocked, id=316, stack(0x000000a126300000,0x000000a126400000)]
  0x00000297c2352000 JavaThread "Common-Cleaner" daemon [_thread_blocked, id=6448, stack(0x000000a126400000,0x000000a126500000)]
  0x00000297c3010800 JavaThread "Daemon health stats" [_thread_blocked, id=9364, stack(0x000000a126700000,0x000000a126800000)]
  0x00000297c303f800 JavaThread "Incoming local TCP Connector on port 56198" [_thread_in_native, id=4532, stack(0x000000a126a00000,0x000000a126b00000)]
  0x00000297c3b3e000 JavaThread "Daemon periodic checks" [_thread_blocked, id=3692, stack(0x000000a126b00000,0x000000a126c00000)]
  0x00000297c3518000 JavaThread "Daemon" [_thread_blocked, id=10048, stack(0x000000a126c00000,0x000000a126d00000)]
  0x00000297c366d800 JavaThread "Handler for socket connection from /127.0.0.1:56198 to /127.0.0.1:56199" [_thread_in_native, id=2060, stack(0x000000a126d00000,0x000000a126e00000)]
  0x00000297c23ce000 JavaThread "Cancel handler" [_thread_blocked, id=7704, stack(0x000000a126e00000,0x000000a126f00000)]
  0x00000297c23cf000 JavaThread "Daemon worker" [_thread_blocked, id=10772, stack(0x000000a126f00000,0x000000a127000000)]
  0x00000297c2757000 JavaThread "Asynchronous log dispatcher for DefaultDaemonConnection: socket connection from /127.0.0.1:56198 to /127.0.0.1:56199" [_thread_blocked, id=11048, stack(0x000000a127000000,0x000000a127100000)]
  0x00000297c2758000 JavaThread "Stdin handler" [_thread_blocked, id=1084, stack(0x000000a127100000,0x000000a127200000)]
  0x00000297c3b0a800 JavaThread "Daemon client event forwarder" [_thread_blocked, id=5840, stack(0x000000a127200000,0x000000a127300000)]
  0x00000297c3b0f800 JavaThread "Cache worker for file hash cache (C:\Users\MinhNgan\.gradle\caches\7.0.2\fileHashes)" [_thread_blocked, id=8804, stack(0x000000a127300000,0x000000a127400000)]
  0x00000297c3b0c800 JavaThread "File lock request listener" [_thread_in_native, id=1416, stack(0x000000a127400000,0x000000a127500000)]
  0x00000297c3b0e000 JavaThread "Cache worker for journal cache (C:\Users\MinhNgan\.gradle\caches\journal-1)" [_thread_blocked, id=9152, stack(0x000000a127500000,0x000000a127600000)]
  0x00000297c3b0d000 JavaThread "Cache worker for file hash cache (C:\Users\MinhNgan\AndroidStudioProjects\login\.gradle\7.0.2\fileHashes)" [_thread_blocked, id=9812, stack(0x000000a127600000,0x000000a127700000)]
  0x00000297c3b0f000 JavaThread "File watcher server" daemon [_thread_in_native, id=2728, stack(0x000000a127700000,0x000000a127800000)]
  0x00000297c3b10800 JavaThread "File watcher consumer" daemon [_thread_blocked, id=7232, stack(0x000000a127800000,0x000000a127900000)]
  0x00000297c3b11000 JavaThread "jar transforms" [_thread_blocked, id=1824, stack(0x000000a127900000,0x000000a127a00000)]
  0x00000297c3b0b800 JavaThread "jar transforms Thread 2" [_thread_blocked, id=4932, stack(0x000000a127a00000,0x000000a127b00000)]
  0x00000297c6295800 JavaThread "jar transforms Thread 3" [_thread_blocked, id=5216, stack(0x000000a127b00000,0x000000a127c00000)]
  0x00000297c6297000 JavaThread "jar transforms Thread 4" [_thread_blocked, id=768, stack(0x000000a127c00000,0x000000a127d00000)]
  0x00000297c6298800 JavaThread "Cache worker for checksums cache (C:\Users\MinhNgan\AndroidStudioProjects\login\.gradle\checksums)" [_thread_blocked, id=9128, stack(0x000000a127d00000,0x000000a127e00000)]
  0x00000297c6299800 JavaThread "Cache worker for cache directory md-supplier (C:\Users\MinhNgan\.gradle\caches\7.0.2\md-supplier)" [_thread_blocked, id=7916, stack(0x000000a127e00000,0x000000a127f00000)]
  0x00000297c6294000 JavaThread "Cache worker for cache directory md-rule (C:\Users\MinhNgan\.gradle\caches\7.0.2\md-rule)" [_thread_blocked, id=1004, stack(0x000000a127f00000,0x000000a128000000)]
  0x00000297c6294800 JavaThread "Cache worker for execution history cache (C:\Users\MinhNgan\.gradle\caches\7.0.2\executionHistory)" [_thread_blocked, id=6356, stack(0x000000a128000000,0x000000a128100000)]
  0x00000297c629d800 JavaThread "Cache worker for file content cache (C:\Users\MinhNgan\.gradle\caches\7.0.2\fileContent)" [_thread_blocked, id=10016, stack(0x000000a128100000,0x000000a128200000)]

Other Threads:
=>0x00000297c1850800 VMThread "VM Thread" [stack: 0x000000a125b00000,0x000000a125c00000] [id=9516]
  0x00000297c2367000 WatcherThread [stack: 0x000000a126500000,0x000000a126600000] [id=10712]
  0x00000297a7551000 GCTaskThread "GC Thread#0" [stack: 0x000000a125600000,0x000000a125700000] [id=1792]
  0x00000297c2d7a000 GCTaskThread "GC Thread#1" [stack: 0x000000a126600000,0x000000a126700000] [id=7380]
  0x00000297c32b1800 GCTaskThread "GC Thread#2" [stack: 0x000000a126800000,0x000000a126900000] [id=1752]
  0x00000297c34e3000 GCTaskThread "GC Thread#3" [stack: 0x000000a126900000,0x000000a126a00000] [id=5048]
  0x00000297a7582800 ConcurrentGCThread "G1 Main Marker" [stack: 0x000000a125700000,0x000000a125800000] [id=10264]
  0x00000297a7584000 ConcurrentGCThread "G1 Conc#0" [stack: 0x000000a125800000,0x000000a125900000] [id=1632]
  0x00000297a75de000 ConcurrentGCThread "G1 Refine#0" [stack: 0x000000a125900000,0x000000a125a00000] [id=4468]
  0x00000297a75df000 ConcurrentGCThread "G1 Young RemSet Sampling" [stack: 0x000000a125a00000,0x000000a125b00000] [id=10112]

Threads with active compile tasks:
C2 CompilerThread0  18973 3898       4       java.security.CodeSource::<init> (52 bytes)

VM state:at safepoint (normal execution)

VM Mutex/Monitor currently owned by a thread:  ([mutex/lock_event])
[0x00000297a7536960] Threads_lock - owner thread: 0x00000297c1850800
[0x00000297a7535eb0] Heap_lock - owner thread: 0x00000297c23cf000

Heap address: 0x0000000080000000, size: 2048 MB, Compressed Oops mode: 32-bit
Narrow klass base: 0x0000000000000000, Narrow klass shift: 3
Compressed class space size: 1073741824 Address: 0x0000000100000000

Heap:
 garbage-first heap   total 78848K, used 50920K [0x0000000080000000, 0x0000000100000000)
  region size 1024K, 1 young (1024K), 1 survivors (1024K)
 Metaspace       used 43812K, capacity 45063K, committed 45184K, reserved 1089536K
  class space    used 5517K, capacity 5975K, committed 6016K, reserved 1048576K
Heap Regions: E=young(eden), S=young(survivor), O=old, HS=humongous(starts), HC=humongous(continues), CS=collection set, F=free, A=archive, TAMS=top-at-mark-start (previous, next)
|   0|0x0000000080000000, 0x0000000080100000, 0x0000000080100000|100%| O|  |TAMS 0x0000000080100000, 0x0000000080000000| Untracked 
|   1|0x0000000080100000, 0x0000000080200000, 0x0000000080200000|100%| O|  |TAMS 0x0000000080200000, 0x0000000080100000| Untracked 
|   2|0x0000000080200000, 0x0000000080300000, 0x0000000080300000|100%| O|  |TAMS 0x0000000080300000, 0x0000000080200000| Untracked 
|   3|0x0000000080300000, 0x0000000080400000, 0x0000000080400000|100%|HS|  |TAMS 0x0000000080400000, 0x0000000080300000| Complete 
|   4|0x0000000080400000, 0x0000000080500000, 0x0000000080500000|100%|HC|  |TAMS 0x0000000080500000, 0x0000000080400000| Complete 
|   5|0x0000000080500000, 0x0000000080600000, 0x0000000080600000|100%|HC|  |TAMS 0x0000000080600000, 0x0000000080500000| Complete 
|   6|0x0000000080600000, 0x0000000080700000, 0x0000000080700000|100%| O|  |TAMS 0x0000000080700000, 0x0000000080600000| Untracked 
|   7|0x0000000080700000, 0x0000000080800000, 0x0000000080800000|100%| O|  |TAMS 0x0000000080800000, 0x0000000080700000| Untracked 
|   8|0x0000000080800000, 0x0000000080900000, 0x0000000080900000|100%| O|  |TAMS 0x0000000080900000, 0x0000000080800000| Untracked 
|   9|0x0000000080900000, 0x0000000080a00000, 0x0000000080a00000|100%| O|  |TAMS 0x0000000080a00000, 0x0000000080900000| Untracked 
|  10|0x0000000080a00000, 0x0000000080b00000, 0x0000000080b00000|100%| O|  |TAMS 0x0000000080b00000, 0x0000000080a00000| Untracked 
|  11|0x0000000080b00000, 0x0000000080c00000, 0x0000000080c00000|100%| O|  |TAMS 0x0000000080c00000, 0x0000000080b00000| Untracked 
|  12|0x0000000080c00000, 0x0000000080d00000, 0x0000000080d00000|100%| O|  |TAMS 0x0000000080d00000, 0x0000000080c00000| Untracked 
|  13|0x0000000080d00000, 0x0000000080e00000, 0x0000000080e00000|100%| O|  |TAMS 0x0000000080e00000, 0x0000000080d00000| Untracked 
|  14|0x0000000080e00000, 0x0000000080f00000, 0x0000000080f00000|100%| O|  |TAMS 0x0000000080f00000, 0x0000000080e00000| Untracked 
|  15|0x0000000080f00000, 0x0000000081000000, 0x0000000081000000|100%|HS|  |TAMS 0x0000000081000000, 0x0000000080f00000| Complete 
|  16|0x0000000081000000, 0x0000000081100000, 0x0000000081100000|100%|HC|  |TAMS 0x0000000081100000, 0x0000000081000000| Complete 
|  17|0x0000000081100000, 0x0000000081200000, 0x0000000081200000|100%|HS|  |TAMS 0x0000000081200000, 0x0000000081100000| Complete 
|  18|0x0000000081200000, 0x0000000081300000, 0x0000000081300000|100%|HC|  |TAMS 0x0000000081300000, 0x0000000081200000| Complete 
|  19|0x0000000081300000, 0x0000000081400000, 0x0000000081400000|100%|HC|  |TAMS 0x0000000081400000, 0x0000000081300000| Complete 
|  20|0x0000000081400000, 0x0000000081500000, 0x0000000081500000|100%| O|  |TAMS 0x0000000081500000, 0x0000000081400000| Untracked 
|  21|0x0000000081500000, 0x0000000081600000, 0x0000000081600000|100%|HS|  |TAMS 0x0000000081600000, 0x0000000081500000| Complete 
|  22|0x0000000081600000, 0x0000000081700000, 0x0000000081700000|100%|HC|  |TAMS 0x0000000081700000, 0x0000000081600000| Complete 
|  23|0x0000000081700000, 0x0000000081800000, 0x0000000081800000|100%|HC|  |TAMS 0x0000000081800000, 0x0000000081700000| Complete 
|  24|0x0000000081800000, 0x0000000081900000, 0x0000000081900000|100%|HC|  |TAMS 0x0000000081900000, 0x0000000081800000| Complete 
|  25|0x0000000081900000, 0x0000000081a00000, 0x0000000081a00000|100%|HC|  |TAMS 0x0000000081a00000, 0x0000000081900000| Complete 
|  26|0x0000000081a00000, 0x0000000081b00000, 0x0000000081b00000|100%| O|  |TAMS 0x0000000081b00000, 0x0000000081a00000| Untracked 
|  27|0x0000000081b00000, 0x0000000081c00000, 0x0000000081c00000|100%| O|  |TAMS 0x0000000081c00000, 0x0000000081b00000| Untracked 
|  28|0x0000000081c00000, 0x0000000081d00000, 0x0000000081d00000|100%| O|  |TAMS 0x0000000081d00000, 0x0000000081c00000| Untracked 
|  29|0x0000000081d00000, 0x0000000081e00000, 0x0000000081e00000|100%| O|  |TAMS 0x0000000081e00000, 0x0000000081d00000| Untracked 
|  30|0x0000000081e00000, 0x0000000081f00000, 0x0000000081f00000|100%| O|  |TAMS 0x0000000081f00000, 0x0000000081e00000| Untracked 
|  31|0x0000000081f00000, 0x0000000082000000, 0x0000000082000000|100%| O|  |TAMS 0x0000000082000000, 0x0000000081f00000| Untracked 
|  32|0x0000000082000000, 0x0000000082100000, 0x0000000082100000|100%| O|  |TAMS 0x0000000082100000, 0x0000000082000000| Untracked 
|  33|0x0000000082100000, 0x0000000082200000, 0x0000000082200000|100%| O|  |TAMS 0x0000000082200000, 0x0000000082100000| Untracked 
|  34|0x0000000082200000, 0x0000000082300000, 0x0000000082300000|100%| O|  |TAMS 0x0000000082300000, 0x0000000082200000| Untracked 
|  35|0x0000000082300000, 0x0000000082400000, 0x0000000082400000|100%| O|  |TAMS 0x0000000082400000, 0x0000000082300000| Untracked 
|  36|0x0000000082400000, 0x0000000082500000, 0x0000000082500000|100%| O|  |TAMS 0x0000000082500000, 0x0000000082400000| Untracked 
|  37|0x0000000082500000, 0x0000000082600000, 0x0000000082600000|100%| O|  |TAMS 0x0000000082600000, 0x0000000082500000| Untracked 
|  38|0x0000000082600000, 0x0000000082700000, 0x0000000082700000|100%| O|  |TAMS 0x0000000082700000, 0x0000000082600000| Untracked 
|  39|0x0000000082700000, 0x0000000082800000, 0x0000000082800000|100%| O|  |TAMS 0x0000000082800000, 0x0000000082700000| Untracked 
|  40|0x0000000082800000, 0x0000000082900000, 0x0000000082900000|100%|HS|  |TAMS 0x0000000082900000, 0x0000000082800000| Complete 
|  41|0x0000000082900000, 0x0000000082a00000, 0x0000000082a00000|100%|HC|  |TAMS 0x0000000082a00000, 0x0000000082900000| Complete 
|  42|0x0000000082a00000, 0x0000000082b00000, 0x0000000082b00000|100%|HC|  |TAMS 0x0000000082b00000, 0x0000000082a00000| Complete 
|  43|0x0000000082b00000, 0x0000000082c00000, 0x0000000082c00000|100%|HC|  |TAMS 0x0000000082c00000, 0x0000000082b00000| Complete 
|  44|0x0000000082c00000, 0x0000000082d00000, 0x0000000082d00000|100%|HC|  |TAMS 0x0000000082d00000, 0x0000000082c00000| Complete 
|  45|0x0000000082d00000, 0x0000000082e00000, 0x0000000082e00000|100%|HS|  |TAMS 0x0000000082e00000, 0x0000000082d00000| Complete 
|  46|0x0000000082e00000, 0x0000000082f00000, 0x0000000082f00000|100%|HC|  |TAMS 0x0000000082f00000, 0x0000000082e00000| Complete 
|  47|0x0000000082f00000, 0x0000000083000000, 0x0000000083000000|100%|HC|  |TAMS 0x0000000083000000, 0x0000000082f00000| Complete 
|  48|0x0000000083000000, 0x0000000083100000, 0x0000000083100000|100%| O|  |TAMS 0x0000000083100000, 0x0000000083000000| Untracked 
|  49|0x0000000083100000, 0x0000000083180600, 0x0000000083200000| 50%| O|  |TAMS 0x0000000083151a00, 0x0000000083100000| Untracked 
|  50|0x0000000083200000, 0x0000000083200000, 0x0000000083300000|  0%| F|  |TAMS 0x0000000083200000, 0x0000000083200000| Untracked 
|  51|0x0000000083300000, 0x0000000083300000, 0x0000000083400000|  0%| F|  |TAMS 0x0000000083300000, 0x0000000083300000| Untracked 
|  52|0x0000000083400000, 0x0000000083400000, 0x0000000083500000|  0%| F|  |TAMS 0x0000000083400000, 0x0000000083400000| Untracked 
|  53|0x0000000083500000, 0x0000000083500000, 0x0000000083600000|  0%| F|  |TAMS 0x0000000083500000, 0x0000000083500000| Untracked 
|  54|0x0000000083600000, 0x0000000083600000, 0x0000000083700000|  0%| F|  |TAMS 0x0000000083600000, 0x0000000083600000| Untracked 
|  55|0x0000000083700000, 0x0000000083700000, 0x0000000083800000|  0%| F|  |TAMS 0x0000000083700000, 0x0000000083700000| Untracked 
|  56|0x0000000083800000, 0x0000000083800000, 0x0000000083900000|  0%| F|  |TAMS 0x0000000083800000, 0x0000000083800000| Untracked 
|  57|0x0000000083900000, 0x0000000083900000, 0x0000000083a00000|  0%| F|  |TAMS 0x0000000083900000, 0x0000000083900000| Untracked 
|  58|0x0000000083a00000, 0x0000000083a00000, 0x0000000083b00000|  0%| F|  |TAMS 0x0000000083a00000, 0x0000000083a00000| Untracked 
|  59|0x0000000083b00000, 0x0000000083b39a80, 0x0000000083c00000| 22%| S|CS|TAMS 0x0000000083b00000, 0x0000000083b00000| Complete 
|  60|0x0000000083c00000, 0x0000000083c00000, 0x0000000083d00000|  0%| F|  |TAMS 0x0000000083c00000, 0x0000000083c00000| Untracked 
|  61|0x0000000083d00000, 0x0000000083d00000, 0x0000000083e00000|  0%| F|  |TAMS 0x0000000083d00000, 0x0000000083d00000| Untracked 
|  62|0x0000000083e00000, 0x0000000083e00000, 0x0000000083f00000|  0%| F|  |TAMS 0x0000000083e00000, 0x0000000083e00000| Untracked 
|  63|0x0000000083f00000, 0x0000000083f00000, 0x0000000084000000|  0%| F|  |TAMS 0x0000000083f00000, 0x0000000083f00000| Untracked 

Card table byte_map: [0x00000297baa50000,0x00000297bae50000] _byte_map_base: 0x00000297ba650000

Marking Bits (Prev, Next): (CMBitMap*) 0x00000297a7579b08, (CMBitMap*) 0x00000297a7579b40
 Prev Bits: [0x00000297bb250000, 0x00000297bd250000)
 Next Bits: [0x00000297bd250000, 0x00000297bf250000)

Polling page: 0x00000297a5d10000

Metaspace:

Usage:
  Non-class:     38.17 MB capacity,    37.40 MB ( 98%) used,   685.70 KB (  2%) free+waste,   107.88 KB ( <1%) overhead. 
      Class:      5.83 MB capacity,     5.39 MB ( 92%) used,   404.96 KB (  7%) free+waste,    52.06 KB ( <1%) overhead. 
       Both:     44.01 MB capacity,    42.79 MB ( 97%) used,     1.07 MB (  2%) free+waste,   159.94 KB ( <1%) overhead. 

Virtual space:
  Non-class space:       40.00 MB reserved,      38.25 MB ( 96%) committed 
      Class space:        1.00 GB reserved,       5.88 MB ( <1%) committed 
             Both:        1.04 GB reserved,      44.13 MB (  4%) committed 

Chunk freelists:
   Non-Class:  16.00 KB
       Class:  9.00 KB
        Both:  25.00 KB

MaxMetaspaceSize: 17179869184.00 GB
CompressedClassSpaceSize: 1.00 GB

CodeHeap 'non-profiled nmethods': size=120064Kb used=1796Kb max_used=1796Kb free=118267Kb
 bounds [0x00000297b2af0000, 0x00000297b2d60000, 0x00000297ba030000]
CodeHeap 'profiled nmethods': size=120000Kb used=8063Kb max_used=8063Kb free=111936Kb
 bounds [0x00000297ab5c0000, 0x00000297abda0000, 0x00000297b2af0000]
CodeHeap 'non-nmethods': size=5696Kb used=2212Kb max_used=2249Kb free=3483Kb
 bounds [0x00000297ab030000, 0x00000297ab2a0000, 0x00000297ab5c0000]
 total_blobs=4666 nmethods=3886 adapters=691
 compilation: enabled
              stopped_count=0, restarted_count=0
 full_count=0

Compilation events (20 events):
Event: 18.897 Thread 0x00000297c18c0800 3917       3       java.util.stream.SpinedBuffer::<init> (18 bytes)
Event: 18.898 Thread 0x00000297c18c0800 nmethod 3917 0x00000297abd99b10 code [0x00000297abd99ce0, 0x00000297abd99f98]
Event: 18.898 Thread 0x00000297c18c0800 3920       3       java.util.stream.SpinedBuffer::ensureCapacity (138 bytes)
Event: 18.899 Thread 0x00000297c18c0800 nmethod 3920 0x00000297abd9a090 code [0x00000297abd9a320, 0x00000297abd9b448]
Event: 18.899 Thread 0x00000297c18c0800 3918       3       java.util.stream.AbstractSpinedBuffer::<init> (10 bytes)
Event: 18.899 Thread 0x00000297c18c0800 nmethod 3918 0x00000297abd9b990 code [0x00000297abd9bb40, 0x00000297abd9bc98]
Event: 18.899 Thread 0x00000297c18c0800 3919       3       java.util.Spliterators$ArraySpliterator::estimateSize (11 bytes)
Event: 18.900 Thread 0x00000297c18c0800 nmethod 3919 0x00000297abd9bd90 code [0x00000297abd9bf40, 0x00000297abd9c058]
Event: 18.902 Thread 0x00000297c18c0800 3922       3       groovy.lang.MetaClassImpl::copyNonPrivateFields (100 bytes)
Event: 18.904 Thread 0x00000297c18c0800 nmethod 3922 0x00000297abd9c110 code [0x00000297abd9c3a0, 0x00000297abd9d198]
Event: 18.904 Thread 0x00000297c18c0800 3923       3       java.util.Arrays::stream (8 bytes)
Event: 18.905 Thread 0x00000297c18c0800 nmethod 3923 0x00000297abd9d690 code [0x00000297abd9d8e0, 0x00000297abd9dfc8]
Event: 18.905 Thread 0x00000297c18c0800 3924       3       java.util.Arrays::stream (11 bytes)
Event: 18.905 Thread 0x00000297c18c0800 nmethod 3924 0x00000297abd9e310 code [0x00000297abd9e540, 0x00000297abd9ebc8]
Event: 18.908 Thread 0x00000297c18c0800 3925       3       com.google.common.collect.MapMakerInternalMap$StrongKeyWeakValueEntry::<init> (15 bytes)
Event: 18.908 Thread 0x00000297c18c0800 nmethod 3925 0x00000297abd9ee90 code [0x00000297abd9f060, 0x00000297abd9f398]
Event: 18.908 Thread 0x00000297c18c0800 3926       3       com.google.common.collect.MapMakerInternalMap::unsetWeakValueReference (4 bytes)
Event: 18.908 Thread 0x00000297c18c0800 nmethod 3926 0x00000297abd9f490 code [0x00000297abd9f640, 0x00000297abd9f738]
Event: 18.908 Thread 0x00000297c18c0800 3927       3       com.google.common.collect.MapMakerInternalMap$WeakValueReferenceImpl::<init> (12 bytes)
Event: 18.909 Thread 0x00000297c18c0800 nmethod 3927 0x00000297abd9f810 code [0x00000297abd9f9e0, 0x00000297abd9fd78]

GC Heap History (20 events):
Event: 16.476 GC heap after
{Heap after GC invocations=13 (full 0):
 garbage-first heap   total 65536K, used 34525K [0x0000000080000000, 0x0000000100000000)
  region size 1024K, 3 young (3072K), 3 survivors (3072K)
 Metaspace       used 33963K, capacity 34853K, committed 35072K, reserved 1079296K
  class space    used 4466K, capacity 4797K, committed 4864K, reserved 1048576K
}
Event: 16.981 GC heap before
{Heap before GC invocations=13 (full 0):
 garbage-first heap   total 65536K, used 50909K [0x0000000080000000, 0x0000000100000000)
  region size 1024K, 20 young (20480K), 3 survivors (3072K)
 Metaspace       used 37626K, capacity 38639K, committed 38784K, reserved 1083392K
  class space    used 4869K, capacity 5207K, committed 5248K, reserved 1048576K
}
Event: 16.994 GC heap after
{Heap after GC invocations=14 (full 0):
 garbage-first heap   total 65536K, used 36975K [0x0000000080000000, 0x0000000100000000)
  region size 1024K, 3 young (3072K), 3 survivors (3072K)
 Metaspace       used 37626K, capacity 38639K, committed 38784K, reserved 1083392K
  class space    used 4869K, capacity 5207K, committed 5248K, reserved 1048576K
}
Event: 17.133 GC heap before
{Heap before GC invocations=15 (full 0):
 garbage-first heap   total 65536K, used 52335K [0x0000000080000000, 0x0000000100000000)
  region size 1024K, 18 young (18432K), 3 survivors (3072K)
 Metaspace       used 37661K, capacity 38650K, committed 38784K, reserved 1083392K
  class space    used 4871K, capacity 5208K, committed 5248K, reserved 1048576K
}
Event: 17.141 GC heap after
{Heap after GC invocations=16 (full 0):
 garbage-first heap   total 65536K, used 37463K [0x0000000080000000, 0x0000000100000000)
  region size 1024K, 2 young (2048K), 2 survivors (2048K)
 Metaspace       used 37661K, capacity 38650K, committed 38784K, reserved 1083392K
  class space    used 4871K, capacity 5208K, committed 5248K, reserved 1048576K
}
Event: 17.263 GC heap before
{Heap before GC invocations=16 (full 0):
 garbage-first heap   total 65536K, used 41559K [0x0000000080000000, 0x0000000100000000)
  region size 1024K, 8 young (8192K), 2 survivors (2048K)
 Metaspace       used 38004K, capacity 38989K, committed 39168K, reserved 1083392K
  class space    used 4920K, capacity 5257K, committed 5376K, reserved 1048576K
}
Event: 17.267 GC heap after
{Heap after GC invocations=17 (full 0):
 garbage-first heap   total 65536K, used 38280K [0x0000000080000000, 0x0000000100000000)
  region size 1024K, 3 young (3072K), 3 survivors (3072K)
 Metaspace       used 38004K, capacity 38989K, committed 39168K, reserved 1083392K
  class space    used 4920K, capacity 5257K, committed 5376K, reserved 1048576K
}
Event: 17.665 GC heap before
{Heap before GC invocations=18 (full 0):
 garbage-first heap   total 65536K, used 54664K [0x0000000080000000, 0x0000000100000000)
  region size 1024K, 16 young (16384K), 3 survivors (3072K)
 Metaspace       used 39984K, capacity 40963K, committed 41088K, reserved 1085440K
  class space    used 5118K, capacity 5467K, committed 5504K, reserved 1048576K
}
Event: 17.670 GC heap after
{Heap after GC invocations=19 (full 0):
 garbage-first heap   total 65536K, used 38424K [0x0000000080000000, 0x0000000100000000)
  region size 1024K, 2 young (2048K), 2 survivors (2048K)
 Metaspace       used 39984K, capacity 40963K, committed 41088K, reserved 1085440K
  class space    used 5118K, capacity 5467K, committed 5504K, reserved 1048576K
}
Event: 17.882 GC heap before
{Heap before GC invocations=19 (full 0):
 garbage-first heap   total 65536K, used 52760K [0x0000000080000000, 0x0000000100000000)
  region size 1024K, 16 young (16384K), 2 survivors (2048K)
 Metaspace       used 41152K, capacity 42196K, committed 42368K, reserved 1085440K
  class space    used 5291K, capacity 5689K, committed 5760K, reserved 1048576K
}
Event: 17.886 GC heap after
{Heap after GC invocations=20 (full 0):
 garbage-first heap   total 65536K, used 38632K [0x0000000080000000, 0x0000000100000000)
  region size 1024K, 2 young (2048K), 2 survivors (2048K)
 Metaspace       used 41152K, capacity 42196K, committed 42368K, reserved 1085440K
  class space    used 5291K, capacity 5689K, committed 5760K, reserved 1048576K
}
Event: 18.134 GC heap before
{Heap before GC invocations=21 (full 0):
 garbage-first heap   total 65536K, used 47848K [0x0000000080000000, 0x0000000100000000)
  region size 1024K, 12 young (12288K), 2 survivors (2048K)
 Metaspace       used 41820K, capacity 42884K, committed 43008K, reserved 1087488K
  class space    used 5394K, capacity 5812K, committed 5888K, reserved 1048576K
}
Event: 18.142 GC heap after
{Heap after GC invocations=22 (full 0):
 garbage-first heap   total 65536K, used 39145K [0x0000000080000000, 0x0000000100000000)
  region size 1024K, 2 young (2048K), 2 survivors (2048K)
 Metaspace       used 41820K, capacity 42884K, committed 43008K, reserved 1087488K
  class space    used 5394K, capacity 5812K, committed 5888K, reserved 1048576K
}
Event: 18.408 GC heap before
{Heap before GC invocations=23 (full 0):
 garbage-first heap   total 65536K, used 48361K [0x0000000080000000, 0x0000000100000000)
  region size 1024K, 7 young (7168K), 2 survivors (2048K)
 Metaspace       used 42051K, capacity 43127K, committed 43264K, reserved 1087488K
  class space    used 5411K, capacity 5823K, committed 5888K, reserved 1048576K
}
Event: 18.415 GC heap after
{Heap after GC invocations=24 (full 0):
 garbage-first heap   total 65536K, used 45456K [0x0000000080000000, 0x0000000100000000)
  region size 1024K, 2 young (2048K), 2 survivors (2048K)
 Metaspace       used 42051K, capacity 43127K, committed 43264K, reserved 1087488K
  class space    used 5411K, capacity 5823K, committed 5888K, reserved 1048576K
}
Event: 18.656 GC heap before
{Heap before GC invocations=25 (full 0):
 garbage-first heap   total 65536K, used 56720K [0x0000000080000000, 0x0000000100000000)
  region size 1024K, 10 young (10240K), 2 survivors (2048K)
 Metaspace       used 42418K, capacity 43655K, committed 43904K, reserved 1087488K
  class space    used 5464K, capacity 5911K, committed 6016K, reserved 1048576K
}
Event: 18.662 GC heap after
{Heap after GC invocations=26 (full 0):
 garbage-first heap   total 65536K, used 50620K [0x0000000080000000, 0x0000000100000000)
  region size 1024K, 2 young (2048K), 2 survivors (2048K)
 Metaspace       used 42418K, capacity 43655K, committed 43904K, reserved 1087488K
  class space    used 5464K, capacity 5911K, committed 6016K, reserved 1048576K
}
Event: 18.721 GC heap before
{Heap before GC invocations=26 (full 0):
 garbage-first heap   total 65536K, used 53692K [0x0000000080000000, 0x0000000100000000)
  region size 1024K, 7 young (7168K), 2 survivors (2048K)
 Metaspace       used 42732K, capacity 43911K, committed 44160K, reserved 1087488K
  class space    used 5484K, capacity 5911K, committed 6016K, reserved 1048576K
}
Event: 18.727 GC heap after
{Heap after GC invocations=27 (full 0):
 garbage-first heap   total 65536K, used 51231K [0x0000000080000000, 0x0000000100000000)
  region size 1024K, 1 young (1024K), 1 survivors (1024K)
 Metaspace       used 42732K, capacity 43911K, committed 44160K, reserved 1087488K
  class space    used 5484K, capacity 5911K, committed 6016K, reserved 1048576K
}
Event: 18.920 GC heap before
{Heap before GC invocations=28 (full 0):
 garbage-first heap   total 65536K, used 55327K [0x0000000080000000, 0x0000000100000000)
  region size 1024K, 5 young (5120K), 1 survivors (1024K)
 Metaspace       used 43812K, capacity 45063K, committed 45184K, reserved 1089536K
  class space    used 5517K, capacity 5975K, committed 6016K, reserved 1048576K
}

Deoptimization events (20 events):
Event: 18.588 Thread 0x00000297c23cf000 DEOPT PACKING pc=0x00000297b2c4df0c sp=0x000000a126ff74d0
Event: 18.588 Thread 0x00000297c23cf000 DEOPT UNPACKING pc=0x00000297ab0578af sp=0x000000a126ff7440 mode 2
Event: 18.694 Thread 0x00000297c23cf000 Uncommon trap: trap_request=0xffffffbe fr.pc=0x00000297b2c6f53c relative=0x000000000000095c
Event: 18.694 Thread 0x00000297c23cf000 Uncommon trap: reason=profile_predicate action=maybe_recompile pc=0x00000297b2c6f53c method=jdk.internal.jimage.ImageStringsReader.charsFromByteBuffer([CLjava/nio/ByteBuffer;)V @ 6 c2
Event: 18.694 Thread 0x00000297c23cf000 DEOPT PACKING pc=0x00000297b2c6f53c sp=0x000000a126ff66e0
Event: 18.694 Thread 0x00000297c23cf000 DEOPT UNPACKING pc=0x00000297ab0578af sp=0x000000a126ff65b8 mode 2
Event: 18.694 Thread 0x00000297c23cf000 Uncommon trap: trap_request=0xffffffbe fr.pc=0x00000297b2c6f53c relative=0x000000000000095c
Event: 18.694 Thread 0x00000297c23cf000 Uncommon trap: reason=profile_predicate action=maybe_recompile pc=0x00000297b2c6f53c method=jdk.internal.jimage.ImageStringsReader.charsFromByteBuffer([CLjava/nio/ByteBuffer;)V @ 6 c2
Event: 18.694 Thread 0x00000297c23cf000 DEOPT PACKING pc=0x00000297b2c6f53c sp=0x000000a126ff66e0
Event: 18.694 Thread 0x00000297c23cf000 DEOPT UNPACKING pc=0x00000297ab0578af sp=0x000000a126ff65b8 mode 2
Event: 18.694 Thread 0x00000297c23cf000 Uncommon trap: trap_request=0xffffffbe fr.pc=0x00000297b2c6f53c relative=0x000000000000095c
Event: 18.694 Thread 0x00000297c23cf000 Uncommon trap: reason=profile_predicate action=maybe_recompile pc=0x00000297b2c6f53c method=jdk.internal.jimage.ImageStringsReader.charsFromByteBuffer([CLjava/nio/ByteBuffer;)V @ 6 c2
Event: 18.694 Thread 0x00000297c23cf000 DEOPT PACKING pc=0x00000297b2c6f53c sp=0x000000a126ff66e0
Event: 18.694 Thread 0x00000297c23cf000 DEOPT UNPACKING pc=0x00000297ab0578af sp=0x000000a126ff65b8 mode 2
Event: 18.695 Thread 0x00000297c23cf000 Uncommon trap: trap_request=0xffffffbe fr.pc=0x00000297b2c6f53c relative=0x000000000000095c
Event: 18.695 Thread 0x00000297c23cf000 Uncommon trap: reason=profile_predicate action=maybe_recompile pc=0x00000297b2c6f53c method=jdk.internal.jimage.ImageStringsReader.charsFromByteBuffer([CLjava/nio/ByteBuffer;)V @ 6 c2
Event: 18.695 Thread 0x00000297c23cf000 DEOPT PACKING pc=0x00000297b2c6f53c sp=0x000000a126ff66e0
Event: 18.695 Thread 0x00000297c23cf000 DEOPT UNPACKING pc=0x00000297ab0578af sp=0x000000a126ff65b8 mode 2
Event: 18.837 Thread 0x00000297c23cf000 DEOPT PACKING pc=0x00000297ab82f997 sp=0x000000a126ff7ff0
Event: 18.837 Thread 0x00000297c23cf000 DEOPT UNPACKING pc=0x00000297ab0576ce sp=0x000000a126ff7578 mode 0

Classes redefined (0 events):
No events

Internal exceptions (20 events):
Event: 18.613 Thread 0x00000297c23cf000 Exception <a 'java/lang/ClassNotFoundException'{0x00000000838d85b0}: java/lang/StringBeanInfo> (0x00000000838d85b0) thrown at [./src/hotspot/share/classfile/systemDictionary.cpp, line 231]
Event: 18.613 Thread 0x00000297c23cf000 Exception <a 'java/lang/ClassNotFoundException'{0x00000000838e0660}: java/lang/StringCustomizer> (0x00000000838e0660) thrown at [./src/hotspot/share/classfile/systemDictionary.cpp, line 231]
Event: 18.630 Thread 0x00000297c23cf000 Exception <a 'java/lang/ClassNotFoundException'{0x000000008377ab00}: org/gradle/internal/classloader/VisitableURLClassLoaderBeanInfo> (0x000000008377ab00) thrown at [./src/hotspot/share/classfile/systemDictionary.cpp, line 231]
Event: 18.630 Thread 0x00000297c23cf000 Exception <a 'java/lang/ClassNotFoundException'{0x0000000083782cc0}: java/net/URLClassLoaderBeanInfo> (0x0000000083782cc0) thrown at [./src/hotspot/share/classfile/systemDictionary.cpp, line 231]
Event: 18.631 Thread 0x00000297c23cf000 Exception <a 'java/lang/ClassNotFoundException'{0x000000008378b028}: java/security/SecureClassLoaderBeanInfo> (0x000000008378b028) thrown at [./src/hotspot/share/classfile/systemDictionary.cpp, line 231]
Event: 18.631 Thread 0x00000297c23cf000 Exception <a 'java/lang/ClassNotFoundException'{0x00000000837931b0}: java/lang/ClassLoaderBeanInfo> (0x00000000837931b0) thrown at [./src/hotspot/share/classfile/systemDictionary.cpp, line 231]
Event: 18.631 Thread 0x00000297c23cf000 Exception <a 'java/lang/ClassNotFoundException'{0x000000008379b340}: java/lang/ClassLoaderCustomizer> (0x000000008379b340) thrown at [./src/hotspot/share/classfile/systemDictionary.cpp, line 231]
Event: 18.633 Thread 0x00000297c23cf000 Exception <a 'java/lang/ClassNotFoundException'{0x00000000837b0680}: java/security/SecureClassLoaderCustomizer> (0x00000000837b0680) thrown at [./src/hotspot/share/classfile/systemDictionary.cpp, line 231]
Event: 18.633 Thread 0x00000297c23cf000 Exception <a 'java/lang/ClassNotFoundException'{0x00000000837ba920}: java/net/URLClassLoaderCustomizer> (0x00000000837ba920) thrown at [./src/hotspot/share/classfile/systemDictionary.cpp, line 231]
Event: 18.635 Thread 0x00000297c23cf000 Exception <a 'java/lang/ClassNotFoundException'{0x00000000837ec180}: org/gradle/internal/classloader/VisitableURLClassLoaderCustomizer> (0x00000000837ec180) thrown at [./src/hotspot/share/classfile/systemDictionary.cpp, line 231]
Event: 18.644 Thread 0x00000297c23cf000 Exception <a 'java/lang/ClassNotFoundException'{0x0000000083633e78}: org/jetbrains/plugins/gradle/tooling/internal/ExtraModelBuilder$ForGradle44BeanInfo> (0x0000000083633e78) thrown at [./src/hotspot/share/classfile/systemDictionary.cpp, line 231]
Event: 18.645 Thread 0x00000297c23cf000 Exception <a 'java/lang/ClassNotFoundException'{0x00000000836400f8}: org/jetbrains/plugins/gradle/tooling/internal/ExtraModelBuilder$ForGradle44Customizer> (0x00000000836400f8) thrown at [./src/hotspot/share/classfile/systemDictionary.cpp, line 231]
Event: 18.854 Thread 0x00000297c23cf000 Exception <a 'java/lang/ClassNotFoundException'{0x0000000083d0fd60}: org/jetbrains/plugins/gradle/tooling/builder/WarModelBuilderImplBeanInfo> (0x0000000083d0fd60) thrown at [./src/hotspot/share/classfile/systemDictionary.cpp, line 231]
Event: 18.855 Thread 0x00000297c23cf000 Exception <a 'java/lang/ClassNotFoundException'{0x0000000083d1c4d8}: org/jetbrains/plugins/gradle/tooling/AbstractModelBuilderServiceBeanInfo> (0x0000000083d1c4d8) thrown at [./src/hotspot/share/classfile/systemDictionary.cpp, line 231]
Event: 18.856 Thread 0x00000297c23cf000 Exception <a 'java/lang/ClassNotFoundException'{0x0000000083d28ab0}: org/jetbrains/plugins/gradle/tooling/AbstractModelBuilderServiceCustomizer> (0x0000000083d28ab0) thrown at [./src/hotspot/share/classfile/systemDictionary.cpp, line 231]
Event: 18.858 Thread 0x00000297c23cf000 Exception <a 'java/lang/ClassNotFoundException'{0x0000000083d37ce0}: org/jetbrains/plugins/gradle/tooling/builder/WarModelBuilderImplCustomizer> (0x0000000083d37ce0) thrown at [./src/hotspot/share/classfile/systemDictionary.cpp, line 231]
Event: 18.873 Thread 0x00000297c23cf000 Exception <a 'java/lang/ClassNotFoundException'{0x0000000083da7538}: org/jetbrains/plugins/gradle/tooling/builder/EarModelBuilderImplBeanInfo> (0x0000000083da7538) thrown at [./src/hotspot/share/classfile/systemDictionary.cpp, line 231]
Event: 18.873 Thread 0x00000297c23cf000 Exception <a 'java/lang/ClassNotFoundException'{0x0000000083db3b68}: org/jetbrains/plugins/gradle/tooling/builder/EarModelBuilderImplCustomizer> (0x0000000083db3b68) thrown at [./src/hotspot/share/classfile/systemDictionary.cpp, line 231]
Event: 18.901 Thread 0x00000297c23cf000 Exception <a 'java/lang/ClassNotFoundException'{0x0000000083ca05c0}: org/jetbrains/plugins/gradle/tooling/builder/ScalaModelBuilderImplBeanInfo> (0x0000000083ca05c0) thrown at [./src/hotspot/share/classfile/systemDictionary.cpp, line 231]
Event: 18.902 Thread 0x00000297c23cf000 Exception <a 'java/lang/ClassNotFoundException'{0x0000000083caca60}: org/jetbrains/plugins/gradle/tooling/builder/ScalaModelBuilderImplCustomizer> (0x0000000083caca60) thrown at [./src/hotspot/share/classfile/systemDictionary.cpp, line 231]

Events (20 events):
Event: 18.900 loading class org/jetbrains/plugins/gradle/tooling/builder/ScalaModelBuilderImplBeanInfo done
Event: 18.901 loading class org/jetbrains/plugins/gradle/tooling/builder/ScalaModelBuilderImplBeanInfo
Event: 18.901 loading class org/jetbrains/plugins/gradle/tooling/builder/ScalaModelBuilderImplBeanInfo done
Event: 18.901 loading class org/jetbrains/plugins/gradle/tooling/builder/ScalaModelBuilderImplCustomizer
Event: 18.901 loading class org/jetbrains/plugins/gradle/tooling/builder/ScalaModelBuilderImplCustomizer done
Event: 18.902 loading class org/jetbrains/plugins/gradle/tooling/builder/ScalaModelBuilderImplCustomizer
Event: 18.902 loading class org/jetbrains/plugins/gradle/tooling/builder/ScalaModelBuilderImplCustomizer done
Event: 18.903 loading class org/jetbrains/plugins/gradle/tooling/builder/ExternalProjectBuilderImpl
Event: 18.903 loading class org/jetbrains/plugins/gradle/tooling/builder/ExternalProjectBuilderImpl done
Event: 18.907 loading class org/gradle/api/DomainObjectCollection
Event: 18.907 loading class org/gradle/api/DomainObjectCollection done
Event: 18.907 loading class org/jetbrains/plugins/gradle/tooling/builder/ExternalProjectBuilderImpl$_addArtifactsData_closure1
Event: 18.907 loading class org/jetbrains/plugins/gradle/tooling/builder/ExternalProjectBuilderImpl$_addArtifactsData_closure1 done
Event: 18.912 loading class org/gradle/api/plugins/ExtensionAware
Event: 18.912 loading class org/gradle/api/plugins/ExtensionAware done
Event: 18.913 loading class org/jetbrains/plugins/gradle/tooling/builder/ExternalProjectBuilderImpl$1
Event: 18.913 loading class org/jetbrains/plugins/gradle/tooling/builder/ExternalProjectBuilderImpl$1 done
Event: 18.919 loading class groovy/runtime/metaclass/org/jetbrains/plugins/gradle/tooling/builder/ExternalProjectBuilderImpl$1MetaClass
Event: 18.919 loading class groovy/runtime/metaclass/org/jetbrains/plugins/gradle/tooling/builder/ExternalProjectBuilderImpl$1MetaClass done
Event: 18.920 Executing VM operation: G1CollectForAllocation


Dynamic libraries:
0x00007ff6b6bb0000 - 0x00007ff6b6bba000 	C:\Program Files\Android\Android Studio\jre\bin\java.exe
0x00007ffdb19f0000 - 0x00007ffdb1be5000 	C:\WINDOWS\SYSTEM32\ntdll.dll
0x00007ffdb09c0000 - 0x00007ffdb0a7e000 	C:\WINDOWS\System32\KERNEL32.DLL
0x00007ffdaf520000 - 0x00007ffdaf7e9000 	C:\WINDOWS\System32\KERNELBASE.dll
0x00007ffdaf3c0000 - 0x00007ffdaf4c0000 	C:\WINDOWS\System32\ucrtbase.dll
0x00007ffda8480000 - 0x00007ffda8499000 	C:\Program Files\Android\Android Studio\jre\bin\jli.dll
0x00007ffdafb10000 - 0x00007ffdafcb1000 	C:\WINDOWS\System32\USER32.dll
0x00007ffdaf870000 - 0x00007ffdaf892000 	C:\WINDOWS\System32\win32u.dll
0x00007ffdb0a80000 - 0x00007ffdb0aab000 	C:\WINDOWS\System32\GDI32.dll
0x00007ffdaf8a0000 - 0x00007ffdaf9ab000 	C:\WINDOWS\System32\gdi32full.dll
0x00007ffdaf320000 - 0x00007ffdaf3bd000 	C:\WINDOWS\System32\msvcp_win.dll
0x00007ffda8460000 - 0x00007ffda8477000 	C:\Program Files\Android\Android Studio\jre\bin\VCRUNTIME140.dll
0x00007ffda21a0000 - 0x00007ffda243a000 	C:\WINDOWS\WinSxS\amd64_microsoft.windows.common-controls_6595b64144ccf1df_6.0.19041.1110_none_60b5254171f9507e\COMCTL32.dll
0x00007ffdb0e30000 - 0x00007ffdb0ece000 	C:\WINDOWS\System32\msvcrt.dll
0x00007ffdb0be0000 - 0x00007ffdb0c10000 	C:\WINDOWS\System32\IMM32.DLL
0x00007ffd78870000 - 0x00007ffd7890d000 	C:\Program Files\Android\Android Studio\jre\bin\msvcp140.dll
0x00007ffd83220000 - 0x00007ffd83cef000 	C:\Program Files\Android\Android Studio\jre\bin\server\jvm.dll
0x00007ffdb1900000 - 0x00007ffdb19ac000 	C:\WINDOWS\System32\ADVAPI32.dll
0x00007ffdb0ab0000 - 0x00007ffdb0b4b000 	C:\WINDOWS\System32\sechost.dll
0x00007ffdb17d0000 - 0x00007ffdb18fa000 	C:\WINDOWS\System32\RPCRT4.dll
0x00007ffdb0ed0000 - 0x00007ffdb0ed8000 	C:\WINDOWS\System32\PSAPI.DLL
0x00007ffdac910000 - 0x00007ffdac919000 	C:\WINDOWS\SYSTEM32\WSOCK32.dll
0x00007ffdb11e0000 - 0x00007ffdb124b000 	C:\WINDOWS\System32\WS2_32.dll
0x00007ffda1a60000 - 0x00007ffda1a6a000 	C:\WINDOWS\SYSTEM32\VERSION.dll
0x00007ffdac940000 - 0x00007ffdac967000 	C:\WINDOWS\SYSTEM32\WINMM.dll
0x00007ffdad010000 - 0x00007ffdad022000 	C:\WINDOWS\SYSTEM32\kernel.appcore.dll
0x00007ffdaab60000 - 0x00007ffdaab71000 	C:\Program Files\Android\Android Studio\jre\bin\verify.dll
0x00007ffd9b0c0000 - 0x00007ffd9b2a4000 	C:\WINDOWS\SYSTEM32\DBGHELP.DLL
0x00007ffd9b070000 - 0x00007ffd9b09c000 	C:\WINDOWS\SYSTEM32\dbgcore.DLL
0x00007ffdaf9b0000 - 0x00007ffdafa33000 	C:\WINDOWS\System32\bcryptPrimitives.dll
0x00007ffda9c60000 - 0x00007ffda9c89000 	C:\Program Files\Android\Android Studio\jre\bin\java.dll
0x00007ffdac8e0000 - 0x00007ffdac8eb000 	C:\Program Files\Android\Android Studio\jre\bin\jimage.dll
0x00007ffdaab20000 - 0x00007ffdaab38000 	C:\Program Files\Android\Android Studio\jre\bin\zip.dll
0x00007ffdb0280000 - 0x00007ffdb09bf000 	C:\WINDOWS\System32\SHELL32.dll
0x00007ffdad210000 - 0x00007ffdad9a0000 	C:\WINDOWS\SYSTEM32\windows.storage.dll
0x00007ffdb1250000 - 0x00007ffdb15a5000 	C:\WINDOWS\System32\combase.dll
0x00007ffdaeb60000 - 0x00007ffdaeb8c000 	C:\WINDOWS\SYSTEM32\Wldp.dll
0x00007ffdb0ee0000 - 0x00007ffdb0f8e000 	C:\WINDOWS\System32\SHCORE.dll
0x00007ffdb1770000 - 0x00007ffdb17c5000 	C:\WINDOWS\System32\shlwapi.dll
0x00007ffdaf050000 - 0x00007ffdaf06f000 	C:\WINDOWS\SYSTEM32\profapi.dll
0x00007ffda9bf0000 - 0x00007ffda9c0a000 	C:\Program Files\Android\Android Studio\jre\bin\net.dll
0x00007ffda01c0000 - 0x00007ffda02c8000 	C:\WINDOWS\SYSTEM32\WINHTTP.dll
0x00007ffdae8c0000 - 0x00007ffdae92a000 	C:\WINDOWS\system32\mswsock.dll
0x00007ffda9ab0000 - 0x00007ffda9ac4000 	C:\Program Files\Android\Android Studio\jre\bin\nio.dll
0x00007ffda9c20000 - 0x00007ffda9c47000 	C:\Users\MinhNgan\.gradle\native\8bec1ad78214c89d9ad589b4d07fe93259594b29d510b10fafb7a158f7737e5d\windows-amd64\native-platform.dll
0x00007ffd9ef70000 - 0x00007ffd9f0ad000 	C:\Users\MinhNgan\.gradle\native\53dbd7edfb1c66fb8903c78663c9afc45aea4f116125fa6feffd364cf09443e8\windows-amd64\native-platform-file-events.dll
0x00007ffdaabe0000 - 0x00007ffdaabea000 	C:\Program Files\Android\Android Studio\jre\bin\management.dll
0x00007ffdaab50000 - 0x00007ffdaab5c000 	C:\Program Files\Android\Android Studio\jre\bin\management_ext.dll
0x00007ffdaeab0000 - 0x00007ffdaeac8000 	C:\WINDOWS\SYSTEM32\CRYPTSP.dll
0x00007ffdae1d0000 - 0x00007ffdae204000 	C:\WINDOWS\system32\rsaenh.dll
0x00007ffdaf7f0000 - 0x00007ffdaf817000 	C:\WINDOWS\System32\bcrypt.dll
0x00007ffdaefd0000 - 0x00007ffdaeffe000 	C:\WINDOWS\SYSTEM32\USERENV.dll
0x00007ffdaead0000 - 0x00007ffdaeadc000 	C:\WINDOWS\SYSTEM32\CRYPTBASE.dll
0x00007ffdae560000 - 0x00007ffdae59b000 	C:\WINDOWS\SYSTEM32\IPHLPAPI.DLL
0x00007ffdb0e20000 - 0x00007ffdb0e28000 	C:\WINDOWS\System32\NSI.dll
0x00007ffda4370000 - 0x00007ffda4387000 	C:\WINDOWS\SYSTEM32\dhcpcsvc6.DLL
0x00007ffda62e0000 - 0x00007ffda62fd000 	C:\WINDOWS\SYSTEM32\dhcpcsvc.DLL
0x00007ffdae5a0000 - 0x00007ffdae66c000 	C:\WINDOWS\SYSTEM32\DNSAPI.dll

dbghelp: loaded successfully - version: 4.0.5 - missing functions: none
symbol engine: initialized successfully - sym options: 0x614 - pdb path: .;C:\Program Files\Android\Android Studio\jre\bin;C:\WINDOWS\SYSTEM32;C:\WINDOWS\WinSxS\amd64_microsoft.windows.common-controls_6595b64144ccf1df_6.0.19041.1110_none_60b5254171f9507e;C:\Program Files\Android\Android Studio\jre\bin\server;C:\Users\MinhNgan\.gradle\native\8bec1ad78214c89d9ad589b4d07fe93259594b29d510b10fafb7a158f7737e5d\windows-amd64;C:\Users\MinhNgan\.gradle\native\53dbd7edfb1c66fb8903c78663c9afc45aea4f116125fa6feffd364cf09443e8\windows-amd64

VM Arguments:
jvm_args: --add-opens=java.base/java.util=ALL-UNNAMED --add-opens=java.base/java.lang=ALL-UNNAMED --add-opens=java.base/java.lang.invoke=ALL-UNNAMED --add-opens=java.base/java.util=ALL-UNNAMED --add-opens=java.prefs/java.util.prefs=ALL-UNNAMED --add-opens=java.prefs/java.util.prefs=ALL-UNNAMED --add-opens=java.base/java.nio.charset=ALL-UNNAMED --add-opens=java.base/java.net=ALL-UNNAMED --add-opens=java.base/java.util.concurrent.atomic=ALL-UNNAMED -Xmx2048m -Dfile.encoding=UTF-8 -Duser.country=US -Duser.language=en -Duser.variant 
java_command: org.gradle.launcher.daemon.bootstrap.GradleDaemon 7.0.2
java_class_path (initial): C:\Users\MinhNgan\.gradle\wrapper\dists\gradle-7.0.2-bin\857tjihv64xamwrf0h14cai3r\gradle-7.0.2\lib\gradle-launcher-7.0.2.jar
Launcher Type: SUN_STANDARD

[Global flags]
     intx CICompilerCount                          = 3                                         {product} {ergonomic}
     uint ConcGCThreads                            = 1                                         {product} {ergonomic}
     uint G1ConcRefinementThreads                  = 4                                         {product} {ergonomic}
   size_t G1HeapRegionSize                         = 1048576                                   {product} {ergonomic}
    uintx GCDrainStackTargetSize                   = 64                                        {product} {ergonomic}
   size_t InitialHeapSize                          = 67108864                                  {product} {ergonomic}
   size_t MarkStackSize                            = 4194304                                   {product} {ergonomic}
   size_t MaxHeapSize                              = 2147483648                                {product} {command line}
   size_t MaxNewSize                               = 1287651328                                {product} {ergonomic}
   size_t MinHeapDeltaBytes                        = 1048576                                   {product} {ergonomic}
    uintx NonNMethodCodeHeapSize                   = 5830732                                {pd product} {ergonomic}
    uintx NonProfiledCodeHeapSize                  = 122913754                              {pd product} {ergonomic}
    uintx ProfiledCodeHeapSize                     = 122913754                              {pd product} {ergonomic}
    uintx ReservedCodeCacheSize                    = 251658240                              {pd product} {ergonomic}
     bool SegmentedCodeCache                       = true                                      {product} {ergonomic}
     bool UseCompressedClassPointers               = true                                 {lp64_product} {ergonomic}
     bool UseCompressedOops                        = true                                 {lp64_product} {ergonomic}
     bool UseG1GC                                  = true                                      {product} {ergonomic}
     bool UseLargePagesIndividualAllocation        = false                                  {pd product} {ergonomic}

Logging:
Log output configuration:
 #0: stdout all=warning uptime,level,tags
 #1: stderr all=off uptime,level,tags

Environment Variables:
PATH=C:\Program Files\Common Files\Oracle\Java\javapath;C:\WINDOWS\system32;C:\WINDOWS;C:\WINDOWS\System32\Wbem;C:\WINDOWS\System32\WindowsPowerShell\v1.0\;C:\WINDOWS\System32\OpenSSH\;C:\Program Files\dotnet\;C:\Program Files\Microsoft SQL Server\130\Tools\Binn\;C:\Program Files\Microsoft SQL Server\Client SDK\ODBC\170\Tools\Binn\;C:\Users\MinhNgan\AppData\Local\Microsoft\WindowsApps;
USERNAME=MinhNgan
OS=Windows_NT
PROCESSOR_IDENTIFIER=Intel64 Family 6 Model 69 Stepping 1, GenuineIntel



---------------  S Y S T E M  ---------------

OS: Windows 10 , 64 bit Build 19041 (10.0.19041.1202)
OS uptime: 0 days 10:15 hours

CPU:total 4 (initial active 4) (2 cores per cpu, 2 threads per core) family 6 model 69 stepping 1 microcode 0x25, cmov, cx8, fxsr, mmx, sse, sse2, sse3, ssse3, sse4.1, sse4.2, popcnt, avx, avx2, aes, clmul, erms, lzcnt, ht, tsc, tscinvbit, bmi1, bmi2, fma

Memory: 4k page, system-wide physical 3979M (7M free)
TotalPageFile size 10379M (AvailPageFile size 3M)
current process WorkingSet (physical memory assigned to process): 182M, peak: 182M
current process commit charge ("private bytes"): 231M, peak: 244M

vm_info: OpenJDK 64-Bit Server VM (11.0.10+0-b96-7249189) for windows-amd64 JRE (11.0.10+0-b96-7249189), built on Mar 31 2021 21:44:00 by "builder" with MS VC++ 14.0 (VS2015)

END.
