#
# There is insufficient memory for the Java Runtime Environment to continue.
# Native memory allocation (mmap) failed to map 27262976 bytes for Failed to commit area from 0x0000000087e00000 to 0x0000000089800000 of length 27262976.
# Possible reasons:
#   The system is out of physical RAM or swap space
#   The process is running with CompressedOops enabled, and the Java Heap may be blocking the growth of the native heap
# Possible solutions:
#   Reduce memory load on the system
#   Increase physical memory or swap space
#   Check if swap backing store is full
#   Decrease Java heap size (-Xmx/-Xms)
#   Decrease number of Java threads
#   Decrease Java thread stack sizes (-Xss)
#   Set larger code cache with -XX:ReservedCodeCacheSize=
#   JVM is running with Unscaled Compressed Oops mode in which the Java heap is
#     placed in the first 4GB address space. The Java Heap base address is the
#     maximum limit for the native heap growth. Please use -XX:HeapBaseMinAddress
#     to set the Java Heap base and to place the Java Heap above 4GB virtual address.
# This output file may be truncated or incomplete.
#
#  Out of Memory Error (./src/hotspot/os/windows/os_windows.cpp:3301), pid=8900, tid=1312
#
# JRE version: OpenJDK Runtime Environment (11.0.10) (build 11.0.10+0-b96-7249189)
# Java VM: OpenJDK 64-Bit Server VM (11.0.10+0-b96-7249189, mixed mode, tiered, compressed oops, g1 gc, windows-amd64)
# No core dump will be written. Minidumps are not enabled by default on client versions of Windows
#

---------------  S U M M A R Y ------------

Command Line: --add-opens=java.base/java.util=ALL-UNNAMED --add-opens=java.base/java.lang=ALL-UNNAMED --add-opens=java.base/java.lang.invoke=ALL-UNNAMED --add-opens=java.base/java.util=ALL-UNNAMED --add-opens=java.prefs/java.util.prefs=ALL-UNNAMED --add-opens=java.prefs/java.util.prefs=ALL-UNNAMED --add-opens=java.base/java.nio.charset=ALL-UNNAMED --add-opens=java.base/java.net=ALL-UNNAMED --add-opens=java.base/java.util.concurrent.atomic=ALL-UNNAMED -Xmx2048m -Dfile.encoding=UTF-8 -Duser.country=US -Duser.language=en -Duser.variant org.gradle.launcher.daemon.bootstrap.GradleDaemon 7.0.2

Host: Intel(R) Core(TM) i5-4210U CPU @ 1.70GHz, 4 cores, 3G,  Windows 10 , 64 bit Build 19041 (10.0.19041.1202)
Time: Mon Nov  1 21:29:07 2021 SE Asia Standard Time elapsed time: 44.533319 seconds (0d 0h 0m 44s)

---------------  T H R E A D  ---------------

Current thread (0x000001b87e75f800):  VMThread "VM Thread" [stack: 0x0000009aed000000,0x0000009aed100000] [id=1312]

Stack: [0x0000009aed000000,0x0000009aed100000]
[error occurred during error reporting (printing stack bounds), id 0xc0000005, EXCEPTION_ACCESS_VIOLATION (0xc0000005) at pc=0x000001b800000f2d]

Native frames: (J=compiled Java code, j=interpreted, Vv=VM code, C=native code)
V  [jvm.dll+0x5ecfaa]
V  [jvm.dll+0x722bd5]
V  [jvm.dll+0x72412d]
V  [jvm.dll+0x724745]
V  [jvm.dll+0x7246fb]
V  [jvm.dll+0x5ec348]
V  [jvm.dll+0x5ecad8]
C  [ntdll.dll+0xa20cf]
C  [ntdll.dll+0x51454]
C  [ntdll.dll+0xa0bfe]
C  0x000001b800000f2d

VM_Operation (0x0000009af03fa240): G1CollectForAllocation, mode: safepoint, requested by thread 0x000001b81108e000


---------------  P R O C E S S  ---------------

Threads class SMR info:
_java_thread_list=0x000001b814b23580, length=49, elements={
0x000001b87549a000, 0x000001b87e769000, 0x000001b87e76a000, 0x000001b87e7c0000,
0x000001b87e7c1000, 0x000001b87e7c5000, 0x000001b87e7c8800, 0x000001b87e7cb800,
0x000001b87f135000, 0x000001b87f238000, 0x000001b812155800, 0x000001b812152800,
0x000001b812151800, 0x000001b812153000, 0x000001b812156800, 0x000001b812157000,
0x000001b812155000, 0x000001b812158000, 0x000001b812154000, 0x000001b87fcd2000,
0x000001b87fccd000, 0x000001b87fcd3800, 0x000001b87fcce000, 0x000001b87fcd4800,
0x000001b87fcd3000, 0x000001b87fcd1800, 0x000001b87fccf800, 0x000001b87fcd0800,
0x000001b87fccf000, 0x000001b87fcd9800, 0x000001b87fcd8800, 0x000001b87fcda800,
0x000001b87fcd5800, 0x000001b87fcdb000, 0x000001b87fcd6000, 0x000001b87fcdc000,
0x000001b811086000, 0x000001b811085000, 0x000001b811087000, 0x000001b811089800,
0x000001b811087800, 0x000001b81108b800, 0x000001b81108c800, 0x000001b81108b000,
0x000001b81108d800, 0x000001b81108e000, 0x000001b811088800, 0x000001b811093000,
0x000001b811094000
}

Java Threads: ( => current thread )
  0x000001b87549a000 JavaThread "main" [_thread_blocked, id=1788, stack(0x0000009aeca00000,0x0000009aecb00000)]
  0x000001b87e769000 JavaThread "Reference Handler" daemon [_thread_blocked, id=5416, stack(0x0000009aed100000,0x0000009aed200000)]
  0x000001b87e76a000 JavaThread "Finalizer" daemon [_thread_blocked, id=1872, stack(0x0000009aed200000,0x0000009aed300000)]
  0x000001b87e7c0000 JavaThread "Signal Dispatcher" daemon [_thread_blocked, id=8872, stack(0x0000009aed300000,0x0000009aed400000)]
  0x000001b87e7c1000 JavaThread "Attach Listener" daemon [_thread_blocked, id=10724, stack(0x0000009aed400000,0x0000009aed500000)]
  0x000001b87e7c5000 JavaThread "Service Thread" daemon [_thread_blocked, id=3856, stack(0x0000009aed500000,0x0000009aed600000)]
  0x000001b87e7c8800 JavaThread "C2 CompilerThread0" daemon [_thread_blocked, id=6936, stack(0x0000009aed600000,0x0000009aed700000)]
  0x000001b87e7cb800 JavaThread "C1 CompilerThread0" daemon [_thread_blocked, id=3240, stack(0x0000009aed700000,0x0000009aed800000)]
  0x000001b87f135000 JavaThread "Sweeper thread" daemon [_thread_blocked, id=3932, stack(0x0000009aed800000,0x0000009aed900000)]
  0x000001b87f238000 JavaThread "Common-Cleaner" daemon [_thread_blocked, id=9240, stack(0x0000009aed900000,0x0000009aeda00000)]
  0x000001b812155800 JavaThread "Daemon health stats" [_thread_blocked, id=7464, stack(0x0000009aedc00000,0x0000009aedd00000)]
  0x000001b812152800 JavaThread "Incoming local TCP Connector on port 55711" [_thread_in_native, id=7636, stack(0x0000009aedf00000,0x0000009aee000000)]
  0x000001b812151800 JavaThread "Daemon periodic checks" [_thread_blocked, id=1172, stack(0x0000009aee000000,0x0000009aee100000)]
  0x000001b812153000 JavaThread "Daemon" [_thread_blocked, id=10248, stack(0x0000009aee100000,0x0000009aee200000)]
  0x000001b812156800 JavaThread "Handler for socket connection from /127.0.0.1:55711 to /127.0.0.1:55712" [_thread_in_native, id=10180, stack(0x0000009aee200000,0x0000009aee300000)]
  0x000001b812157000 JavaThread "Cancel handler" [_thread_blocked, id=2388, stack(0x0000009aee300000,0x0000009aee400000)]
  0x000001b812155000 JavaThread "Daemon worker" [_thread_blocked, id=8700, stack(0x0000009aee400000,0x0000009aee500000)]
  0x000001b812158000 JavaThread "Asynchronous log dispatcher for DefaultDaemonConnection: socket connection from /127.0.0.1:55711 to /127.0.0.1:55712" [_thread_blocked, id=2180, stack(0x0000009aee500000,0x0000009aee600000)]
  0x000001b812154000 JavaThread "Stdin handler" [_thread_blocked, id=10072, stack(0x0000009aee600000,0x0000009aee700000)]
  0x000001b87fcd2000 JavaThread "Daemon client event forwarder" [_thread_blocked, id=4364, stack(0x0000009aee700000,0x0000009aee800000)]
  0x000001b87fccd000 JavaThread "Cache worker for file hash cache (C:\Users\MinhNgan\.gradle\caches\7.0.2\fileHashes)" [_thread_blocked, id=6152, stack(0x0000009aee800000,0x0000009aee900000)]
  0x000001b87fcd3800 JavaThread "File lock request listener" [_thread_in_native, id=8536, stack(0x0000009aee900000,0x0000009aeea00000)]
  0x000001b87fcce000 JavaThread "Cache worker for journal cache (C:\Users\MinhNgan\.gradle\caches\journal-1)" [_thread_blocked, id=11236, stack(0x0000009aeea00000,0x0000009aeeb00000)]
  0x000001b87fcd4800 JavaThread "Cache worker for file hash cache (C:\Users\MinhNgan\AndroidStudioProjects\login\.gradle\7.0.2\fileHashes)" [_thread_blocked, id=10404, stack(0x0000009aeeb00000,0x0000009aeec00000)]
  0x000001b87fcd3000 JavaThread "File watcher server" daemon [_thread_blocked, id=7484, stack(0x0000009aeec00000,0x0000009aeed00000)]
  0x000001b87fcd1800 JavaThread "File watcher consumer" daemon [_thread_blocked, id=7376, stack(0x0000009aeed00000,0x0000009aeee00000)]
  0x000001b87fccf800 JavaThread "Cache worker for checksums cache (C:\Users\MinhNgan\AndroidStudioProjects\login\.gradle\checksums)" [_thread_blocked, id=856, stack(0x0000009aeee00000,0x0000009aeef00000)]
  0x000001b87fcd0800 JavaThread "Cache worker for cache directory md-supplier (C:\Users\MinhNgan\.gradle\caches\7.0.2\md-supplier)" [_thread_blocked, id=9896, stack(0x0000009aeef00000,0x0000009aef000000)]
  0x000001b87fccf000 JavaThread "Cache worker for cache directory md-rule (C:\Users\MinhNgan\.gradle\caches\7.0.2\md-rule)" [_thread_blocked, id=9076, stack(0x0000009aef000000,0x0000009aef100000)]
  0x000001b87fcd9800 JavaThread "Cache worker for execution history cache (C:\Users\MinhNgan\.gradle\caches\7.0.2\executionHistory)" [_thread_blocked, id=6012, stack(0x0000009aef100000,0x0000009aef200000)]
  0x000001b87fcd8800 JavaThread "jar transforms" [_thread_blocked, id=9808, stack(0x0000009aef200000,0x0000009aef300000)]
  0x000001b87fcda800 JavaThread "jar transforms Thread 2" [_thread_blocked, id=7188, stack(0x0000009aef300000,0x0000009aef400000)]
  0x000001b87fcd5800 JavaThread "Cache worker for file content cache (C:\Users\MinhNgan\.gradle\caches\7.0.2\fileContent)" [_thread_blocked, id=2156, stack(0x0000009aef400000,0x0000009aef500000)]
  0x000001b87fcdb000 JavaThread "Cache worker for dependencies-accessors (C:\Users\MinhNgan\AndroidStudioProjects\login\.gradle\7.0.2\dependencies-accessors)" [_thread_blocked, id=6924, stack(0x0000009aef500000,0x0000009aef600000)]
  0x000001b87fcd6000 JavaThread "jar transforms Thread 3" [_thread_blocked, id=3984, stack(0x0000009aef600000,0x0000009aef700000)]
  0x000001b87fcdc000 JavaThread "Cache worker for Build Output Cleanup Cache (C:\Users\MinhNgan\AndroidStudioProjects\login\.gradle\buildOutputCleanup)" [_thread_blocked, id=1912, stack(0x0000009aef700000,0x0000009aef800000)]
  0x000001b811086000 JavaThread "Build operations" [_thread_blocked, id=10436, stack(0x0000009aef800000,0x0000009aef900000)]
  0x000001b811085000 JavaThread "Build operations Thread 2" [_thread_blocked, id=6720, stack(0x0000009aef900000,0x0000009aefa00000)]
  0x000001b811087000 JavaThread "Build operations Thread 3" [_thread_blocked, id=8924, stack(0x0000009aefa00000,0x0000009aefb00000)]
  0x000001b811089800 JavaThread "Build operations Thread 4" [_thread_blocked, id=8916, stack(0x0000009aefb00000,0x0000009aefc00000)]
  0x000001b811087800 JavaThread "jar transforms Thread 4" [_thread_blocked, id=8012, stack(0x0000009aefc00000,0x0000009aefd00000)]
  0x000001b81108b800 JavaThread "Memory manager" [_thread_blocked, id=8144, stack(0x0000009aefd00000,0x0000009aefe00000)]
  0x000001b81108c800 JavaThread "build event listener" [_thread_blocked, id=1816, stack(0x0000009af0000000,0x0000009af0100000)]
  0x000001b81108b000 JavaThread "Execution worker for ':'" [_thread_blocked, id=4860, stack(0x0000009af0100000,0x0000009af0200000)]
  0x000001b81108d800 JavaThread "Execution worker for ':' Thread 2" [_thread_blocked, id=3464, stack(0x0000009af0200000,0x0000009af0300000)]
  0x000001b81108e000 JavaThread "Execution worker for ':' Thread 3" [_thread_blocked, id=3220, stack(0x0000009af0300000,0x0000009af0400000)]
  0x000001b811088800 JavaThread "Cache worker for execution history cache (C:\Users\MinhNgan\AndroidStudioProjects\login\.gradle\7.0.2\executionHistory)" [_thread_blocked, id=7716, stack(0x0000009af0400000,0x0000009af0500000)]
  0x000001b811093000 JavaThread "WorkerExecutor Queue" [_thread_blocked, id=6584, stack(0x0000009af0500000,0x0000009af0600000)]
  0x000001b811094000 JavaThread "WorkerExecutor Queue Thread 2" [_thread_blocked, id=10156, stack(0x0000009af0600000,0x0000009af0700000)]

Other Threads:
=>0x000001b87e75f800 VMThread "VM Thread" [stack: 0x0000009aed000000,0x0000009aed100000] [id=1312]
  0x000001b87f25d800 WatcherThread [stack: 0x0000009aeda00000,0x0000009aedb00000] [id=1956]
  0x000001b8754b1000 GCTaskThread "GC Thread#0" [stack: 0x0000009aecb00000,0x0000009aecc00000] [id=5052]
  0x000001b87fb94800 GCTaskThread "GC Thread#1" [stack: 0x0000009aedb00000,0x0000009aedc00000] [id=5612]
  0x000001b81217b000 GCTaskThread "GC Thread#2" [stack: 0x0000009aedd00000,0x0000009aede00000] [id=8220]
  0x000001b8120d6000 GCTaskThread "GC Thread#3" [stack: 0x0000009aede00000,0x0000009aedf00000] [id=7968]
  0x000001b8754e2000 ConcurrentGCThread "G1 Main Marker" [stack: 0x0000009aecc00000,0x0000009aecd00000] [id=3800]
  0x000001b8754e3800 ConcurrentGCThread "G1 Conc#0" [stack: 0x0000009aecd00000,0x0000009aece00000] [id=1964]
  0x000001b87553c000 ConcurrentGCThread "G1 Refine#0" [stack: 0x0000009aece00000,0x0000009aecf00000] [id=688]
  0x000001b87553e000 ConcurrentGCThread "G1 Young RemSet Sampling" [stack: 0x0000009aecf00000,0x0000009aed000000] [id=9636]

Threads with active compile tasks:
C2 CompilerThread0  44581 9100       4       org.apache.xerces.util.XMLChar::isValidName (56 bytes)

VM state:at safepoint (normal execution)

VM Mutex/Monitor currently owned by a thread:  ([mutex/lock_event])
[0x000001b875495e80] Threads_lock - owner thread: 0x000001b87e75f800
[0x000001b875497620] Heap_lock - owner thread: 0x000001b81108e000

Heap address: 0x0000000080000000, size: 2048 MB, Compressed Oops mode: 32-bit
Narrow klass base: 0x0000000000000000, Narrow klass shift: 3
Compressed class space size: 1073741824 Address: 0x0000000100000000

Heap:
 garbage-first heap   total 155648K, used 70466K [0x0000000080000000, 0x0000000100000000)
  region size 1024K, 5 young (5120K), 5 survivors (5120K)
 Metaspace       used 80926K, capacity 83006K, committed 83328K, reserved 1122304K
  class space    used 10511K, capacity 11298K, committed 11392K, reserved 1048576K
Heap Regions: E=young(eden), S=young(survivor), O=old, HS=humongous(starts), HC=humongous(continues), CS=collection set, F=free, A=archive, TAMS=top-at-mark-start (previous, next)
|   0|0x0000000080000000, 0x0000000080100000, 0x0000000080100000|100%| O|  |TAMS 0x0000000080100000, 0x0000000080000000| Untracked 
|   1|0x0000000080100000, 0x0000000080200000, 0x0000000080200000|100%| O|  |TAMS 0x0000000080200000, 0x0000000080100000| Untracked 
|   2|0x0000000080200000, 0x0000000080300000, 0x0000000080300000|100%| O|  |TAMS 0x0000000080300000, 0x0000000080200000| Untracked 
|   3|0x0000000080300000, 0x0000000080400000, 0x0000000080400000|100%|HS|  |TAMS 0x0000000080400000, 0x0000000080300000| Complete 
|   4|0x0000000080400000, 0x0000000080500000, 0x0000000080500000|100%|HC|  |TAMS 0x0000000080500000, 0x0000000080400000| Complete 
|   5|0x0000000080500000, 0x0000000080600000, 0x0000000080600000|100%|HC|  |TAMS 0x0000000080600000, 0x0000000080500000| Complete 
|   6|0x0000000080600000, 0x0000000080700000, 0x0000000080700000|100%| O|  |TAMS 0x0000000080700000, 0x0000000080600000| Untracked 
|   7|0x0000000080700000, 0x0000000080800000, 0x0000000080800000|100%| O|  |TAMS 0x0000000080800000, 0x0000000080700000| Untracked 
|   8|0x0000000080800000, 0x0000000080900000, 0x0000000080900000|100%| O|  |TAMS 0x0000000080900000, 0x0000000080800000| Untracked 
|   9|0x0000000080900000, 0x0000000080a00000, 0x0000000080a00000|100%| O|  |TAMS 0x0000000080a00000, 0x0000000080900000| Untracked 
|  10|0x0000000080a00000, 0x0000000080b00000, 0x0000000080b00000|100%| O|  |TAMS 0x0000000080b00000, 0x0000000080a00000| Untracked 
|  11|0x0000000080b00000, 0x0000000080c00000, 0x0000000080c00000|100%| O|  |TAMS 0x0000000080c00000, 0x0000000080b00000| Untracked 
|  12|0x0000000080c00000, 0x0000000080d00000, 0x0000000080d00000|100%| O|  |TAMS 0x0000000080d00000, 0x0000000080c00000| Untracked 
|  13|0x0000000080d00000, 0x0000000080e00000, 0x0000000080e00000|100%| O|  |TAMS 0x0000000080e00000, 0x0000000080d00000| Untracked 
|  14|0x0000000080e00000, 0x0000000080f00000, 0x0000000080f00000|100%| O|  |TAMS 0x0000000080f00000, 0x0000000080e00000| Untracked 
|  15|0x0000000080f00000, 0x0000000081000000, 0x0000000081000000|100%| O|  |TAMS 0x0000000081000000, 0x0000000080f00000| Untracked 
|  16|0x0000000081000000, 0x0000000081100000, 0x0000000081100000|100%| O|  |TAMS 0x0000000081100000, 0x0000000081000000| Untracked 
|  17|0x0000000081100000, 0x0000000081200000, 0x0000000081200000|100%| O|  |TAMS 0x0000000081200000, 0x0000000081100000| Untracked 
|  18|0x0000000081200000, 0x0000000081300000, 0x0000000081300000|100%| O|  |TAMS 0x0000000081300000, 0x0000000081200000| Untracked 
|  19|0x0000000081300000, 0x0000000081400000, 0x0000000081400000|100%| O|  |TAMS 0x0000000081400000, 0x0000000081300000| Untracked 
|  20|0x0000000081400000, 0x0000000081500000, 0x0000000081500000|100%| O|  |TAMS 0x0000000081500000, 0x0000000081400000| Untracked 
|  21|0x0000000081500000, 0x0000000081600000, 0x0000000081600000|100%| O|  |TAMS 0x0000000081600000, 0x0000000081500000| Untracked 
|  22|0x0000000081600000, 0x0000000081700000, 0x0000000081700000|100%| O|  |TAMS 0x0000000081700000, 0x0000000081600000| Untracked 
|  23|0x0000000081700000, 0x0000000081800000, 0x0000000081800000|100%| O|  |TAMS 0x0000000081800000, 0x0000000081700000| Untracked 
|  24|0x0000000081800000, 0x0000000081900000, 0x0000000081900000|100%| O|  |TAMS 0x0000000081900000, 0x0000000081800000| Untracked 
|  25|0x0000000081900000, 0x0000000081a00000, 0x0000000081a00000|100%| O|  |TAMS 0x0000000081a00000, 0x0000000081900000| Untracked 
|  26|0x0000000081a00000, 0x0000000081b00000, 0x0000000081b00000|100%| O|  |TAMS 0x0000000081b00000, 0x0000000081a00000| Untracked 
|  27|0x0000000081b00000, 0x0000000081c00000, 0x0000000081c00000|100%| O|  |TAMS 0x0000000081c00000, 0x0000000081b00000| Untracked 
|  28|0x0000000081c00000, 0x0000000081d00000, 0x0000000081d00000|100%|HS|  |TAMS 0x0000000081d00000, 0x0000000081c00000| Complete 
|  29|0x0000000081d00000, 0x0000000081e00000, 0x0000000081e00000|100%| O|  |TAMS 0x0000000081e00000, 0x0000000081d00000| Untracked 
|  30|0x0000000081e00000, 0x0000000081f00000, 0x0000000081f00000|100%|HS|  |TAMS 0x0000000081f00000, 0x0000000081e00000| Complete 
|  31|0x0000000081f00000, 0x0000000082000000, 0x0000000082000000|100%| O|  |TAMS 0x0000000082000000, 0x0000000081f00000| Untracked 
|  32|0x0000000082000000, 0x0000000082100000, 0x0000000082100000|100%| O|  |TAMS 0x0000000082100000, 0x0000000082000000| Untracked 
|  33|0x0000000082100000, 0x0000000082200000, 0x0000000082200000|100%| O|  |TAMS 0x0000000082200000, 0x0000000082100000| Untracked 
|  34|0x0000000082200000, 0x0000000082300000, 0x0000000082300000|100%|HS|  |TAMS 0x0000000082300000, 0x0000000082200000| Complete 
|  35|0x0000000082300000, 0x0000000082400000, 0x0000000082400000|100%|HC|  |TAMS 0x0000000082400000, 0x0000000082300000| Complete 
|  36|0x0000000082400000, 0x0000000082500000, 0x0000000082500000|100%| O|  |TAMS 0x0000000082500000, 0x0000000082400000| Untracked 
|  37|0x0000000082500000, 0x0000000082600000, 0x0000000082600000|100%| O|  |TAMS 0x0000000082600000, 0x0000000082500000| Untracked 
|  38|0x0000000082600000, 0x0000000082700000, 0x0000000082700000|100%| O|  |TAMS 0x0000000082700000, 0x0000000082600000| Untracked 
|  39|0x0000000082700000, 0x0000000082800000, 0x0000000082800000|100%| O|  |TAMS 0x0000000082800000, 0x0000000082700000| Untracked 
|  40|0x0000000082800000, 0x0000000082900000, 0x0000000082900000|100%| O|  |TAMS 0x0000000082900000, 0x0000000082800000| Untracked 
|  41|0x0000000082900000, 0x0000000082a00000, 0x0000000082a00000|100%| O|  |TAMS 0x0000000082a00000, 0x0000000082900000| Untracked 
|  42|0x0000000082a00000, 0x0000000082b00000, 0x0000000082b00000|100%| O|  |TAMS 0x0000000082b00000, 0x0000000082a00000| Untracked 
|  43|0x0000000082b00000, 0x0000000082c00000, 0x0000000082c00000|100%| O|  |TAMS 0x0000000082c00000, 0x0000000082b00000| Untracked 
|  44|0x0000000082c00000, 0x0000000082d00000, 0x0000000082d00000|100%| O|  |TAMS 0x0000000082d00000, 0x0000000082c00000| Untracked 
|  45|0x0000000082d00000, 0x0000000082e00000, 0x0000000082e00000|100%| O|  |TAMS 0x0000000082e00000, 0x0000000082d00000| Untracked 
|  46|0x0000000082e00000, 0x0000000082f00000, 0x0000000082f00000|100%| O|  |TAMS 0x0000000082f00000, 0x0000000082e00000| Untracked 
|  47|0x0000000082f00000, 0x0000000083000000, 0x0000000083000000|100%| O|  |TAMS 0x0000000083000000, 0x0000000082f00000| Untracked 
|  48|0x0000000083000000, 0x0000000083100000, 0x0000000083100000|100%| O|  |TAMS 0x0000000083100000, 0x0000000083000000| Untracked 
|  49|0x0000000083100000, 0x0000000083200000, 0x0000000083200000|100%| O|  |TAMS 0x0000000083200000, 0x0000000083100000| Untracked 
|  50|0x0000000083200000, 0x0000000083300000, 0x0000000083300000|100%| O|  |TAMS 0x0000000083300000, 0x0000000083200000| Untracked 
|  51|0x0000000083300000, 0x0000000083400000, 0x0000000083400000|100%| O|  |TAMS 0x0000000083400000, 0x0000000083300000| Untracked 
|  52|0x0000000083400000, 0x0000000083500000, 0x0000000083500000|100%| O|  |TAMS 0x0000000083500000, 0x0000000083400000| Untracked 
|  53|0x0000000083500000, 0x0000000083600000, 0x0000000083600000|100%| O|  |TAMS 0x0000000083600000, 0x0000000083500000| Untracked 
|  54|0x0000000083600000, 0x0000000083700000, 0x0000000083700000|100%| O|  |TAMS 0x0000000083700000, 0x0000000083600000| Untracked 
|  55|0x0000000083700000, 0x0000000083800000, 0x0000000083800000|100%| O|  |TAMS 0x0000000083800000, 0x0000000083700000| Untracked 
|  56|0x0000000083800000, 0x0000000083900000, 0x0000000083900000|100%| O|  |TAMS 0x0000000083900000, 0x0000000083800000| Untracked 
|  57|0x0000000083900000, 0x0000000083a00000, 0x0000000083a00000|100%| O|  |TAMS 0x0000000083a00000, 0x0000000083900000| Untracked 
|  58|0x0000000083a00000, 0x0000000083b00000, 0x0000000083b00000|100%| O|  |TAMS 0x0000000083b00000, 0x0000000083a00000| Untracked 
|  59|0x0000000083b00000, 0x0000000083c00000, 0x0000000083c00000|100%| O|  |TAMS 0x0000000083b8e600, 0x0000000083b00000| Untracked 
|  60|0x0000000083c00000, 0x0000000083d00000, 0x0000000083d00000|100%| O|  |TAMS 0x0000000083c00000, 0x0000000083c00000| Untracked 
|  61|0x0000000083d00000, 0x0000000083e00000, 0x0000000083e00000|100%| O|  |TAMS 0x0000000083d00000, 0x0000000083d00000| Untracked 
|  62|0x0000000083e00000, 0x0000000083f00000, 0x0000000083f00000|100%| O|  |TAMS 0x0000000083e00000, 0x0000000083e00000| Untracked 
|  63|0x0000000083f00000, 0x0000000083fd0a00, 0x0000000084000000| 81%| O|  |TAMS 0x0000000083f00000, 0x0000000083f00000| Untracked 
|  64|0x0000000084000000, 0x0000000084000000, 0x0000000084100000|  0%| F|  |TAMS 0x0000000084000000, 0x0000000084000000| Untracked 
|  65|0x0000000084100000, 0x0000000084100000, 0x0000000084200000|  0%| F|  |TAMS 0x0000000084100000, 0x0000000084100000| Untracked 
|  66|0x0000000084200000, 0x0000000084200000, 0x0000000084300000|  0%| F|  |TAMS 0x0000000084200000, 0x0000000084200000| Untracked 
|  67|0x0000000084300000, 0x0000000084300000, 0x0000000084400000|  0%| F|  |TAMS 0x0000000084300000, 0x0000000084300000| Untracked 
|  68|0x0000000084400000, 0x0000000084400000, 0x0000000084500000|  0%| F|  |TAMS 0x0000000084400000, 0x0000000084400000| Untracked 
|  69|0x0000000084500000, 0x0000000084500000, 0x0000000084600000|  0%| F|  |TAMS 0x0000000084500000, 0x0000000084500000| Untracked 
|  70|0x0000000084600000, 0x0000000084600000, 0x0000000084700000|  0%| F|  |TAMS 0x0000000084600000, 0x0000000084600000| Untracked 
|  71|0x0000000084700000, 0x0000000084700000, 0x0000000084800000|  0%| F|  |TAMS 0x0000000084700000, 0x0000000084700000| Untracked 
|  72|0x0000000084800000, 0x0000000084800000, 0x0000000084900000|  0%| F|  |TAMS 0x0000000084800000, 0x0000000084800000| Untracked 
|  73|0x0000000084900000, 0x0000000084900000, 0x0000000084a00000|  0%| F|  |TAMS 0x0000000084900000, 0x0000000084900000| Untracked 
|  74|0x0000000084a00000, 0x0000000084a00000, 0x0000000084b00000|  0%| F|  |TAMS 0x0000000084a00000, 0x0000000084a00000| Untracked 
|  75|0x0000000084b00000, 0x0000000084b00000, 0x0000000084c00000|  0%| F|  |TAMS 0x0000000084b00000, 0x0000000084b00000| Untracked 
|  76|0x0000000084c00000, 0x0000000084c00000, 0x0000000084d00000|  0%| F|  |TAMS 0x0000000084c00000, 0x0000000084c00000| Untracked 
|  77|0x0000000084d00000, 0x0000000084d00000, 0x0000000084e00000|  0%| F|  |TAMS 0x0000000084d00000, 0x0000000084d00000| Untracked 
|  78|0x0000000084e00000, 0x0000000084e00000, 0x0000000084f00000|  0%| F|  |TAMS 0x0000000084e00000, 0x0000000084e00000| Untracked 
|  79|0x0000000084f00000, 0x0000000084f00000, 0x0000000085000000|  0%| F|  |TAMS 0x0000000084f00000, 0x0000000084f00000| Untracked 
|  80|0x0000000085000000, 0x0000000085000000, 0x0000000085100000|  0%| F|  |TAMS 0x0000000085000000, 0x0000000085000000| Untracked 
|  81|0x0000000085100000, 0x0000000085100000, 0x0000000085200000|  0%| F|  |TAMS 0x0000000085100000, 0x0000000085100000| Untracked 
|  82|0x0000000085200000, 0x0000000085200000, 0x0000000085300000|  0%| F|  |TAMS 0x0000000085200000, 0x0000000085200000| Untracked 
|  83|0x0000000085300000, 0x0000000085400000, 0x0000000085400000|100%| S|CS|TAMS 0x0000000085300000, 0x0000000085300000| Complete 
|  84|0x0000000085400000, 0x0000000085500000, 0x0000000085500000|100%| S|CS|TAMS 0x0000000085400000, 0x0000000085400000| Complete 
|  85|0x0000000085500000, 0x0000000085600000, 0x0000000085600000|100%| S|CS|TAMS 0x0000000085500000, 0x0000000085500000| Complete 
|  86|0x0000000085600000, 0x0000000085700000, 0x0000000085700000|100%| S|CS|TAMS 0x0000000085600000, 0x0000000085600000| Complete 
|  87|0x0000000085700000, 0x0000000085800000, 0x0000000085800000|100%| S|CS|TAMS 0x0000000085700000, 0x0000000085700000| Complete 
|  88|0x0000000085800000, 0x0000000085800000, 0x0000000085900000|  0%| F|  |TAMS 0x0000000085800000, 0x0000000085800000| Untracked 
|  89|0x0000000085900000, 0x0000000085900000, 0x0000000085a00000|  0%| F|  |TAMS 0x0000000085900000, 0x0000000085900000| Untracked 
|  90|0x0000000085a00000, 0x0000000085a00000, 0x0000000085b00000|  0%| F|  |TAMS 0x0000000085a00000, 0x0000000085a00000| Untracked 
|  91|0x0000000085b00000, 0x0000000085b00000, 0x0000000085c00000|  0%| F|  |TAMS 0x0000000085b00000, 0x0000000085b00000| Untracked 
|  92|0x0000000085c00000, 0x0000000085c00000, 0x0000000085d00000|  0%| F|  |TAMS 0x0000000085c00000, 0x0000000085c00000| Untracked 
|  93|0x0000000085d00000, 0x0000000085d00000, 0x0000000085e00000|  0%| F|  |TAMS 0x0000000085d00000, 0x0000000085d00000| Untracked 
|  94|0x0000000085e00000, 0x0000000085e00000, 0x0000000085f00000|  0%| F|  |TAMS 0x0000000085e00000, 0x0000000085e00000| Untracked 
|  95|0x0000000085f00000, 0x0000000085f00000, 0x0000000086000000|  0%| F|  |TAMS 0x0000000085f00000, 0x0000000085f00000| Untracked 
|  96|0x0000000086000000, 0x0000000086000000, 0x0000000086100000|  0%| F|  |TAMS 0x0000000086000000, 0x0000000086000000| Untracked 
|  97|0x0000000086100000, 0x0000000086100000, 0x0000000086200000|  0%| F|  |TAMS 0x0000000086100000, 0x0000000086100000| Untracked 
|  98|0x0000000086200000, 0x0000000086200000, 0x0000000086300000|  0%| F|  |TAMS 0x0000000086200000, 0x0000000086200000| Untracked 
|  99|0x0000000086300000, 0x0000000086300000, 0x0000000086400000|  0%| F|  |TAMS 0x0000000086300000, 0x0000000086300000| Untracked 
| 100|0x0000000086400000, 0x0000000086400000, 0x0000000086500000|  0%| F|  |TAMS 0x0000000086400000, 0x0000000086400000| Untracked 
| 101|0x0000000086500000, 0x0000000086500000, 0x0000000086600000|  0%| F|  |TAMS 0x0000000086500000, 0x0000000086500000| Untracked 
| 102|0x0000000086600000, 0x0000000086600000, 0x0000000086700000|  0%| F|  |TAMS 0x0000000086600000, 0x0000000086600000| Untracked 
| 103|0x0000000086700000, 0x0000000086700000, 0x0000000086800000|  0%| F|  |TAMS 0x0000000086700000, 0x0000000086700000| Untracked 
| 104|0x0000000086800000, 0x0000000086800000, 0x0000000086900000|  0%| F|  |TAMS 0x0000000086800000, 0x0000000086800000| Untracked 
| 105|0x0000000086900000, 0x0000000086900000, 0x0000000086a00000|  0%| F|  |TAMS 0x0000000086900000, 0x0000000086900000| Untracked 
| 106|0x0000000086a00000, 0x0000000086a00000, 0x0000000086b00000|  0%| F|  |TAMS 0x0000000086a00000, 0x0000000086a00000| Untracked 
| 107|0x0000000086b00000, 0x0000000086b00000, 0x0000000086c00000|  0%| F|  |TAMS 0x0000000086b00000, 0x0000000086b00000| Untracked 
| 108|0x0000000086c00000, 0x0000000086c00000, 0x0000000086d00000|  0%| F|  |TAMS 0x0000000086c00000, 0x0000000086c00000| Untracked 
| 109|0x0000000086d00000, 0x0000000086d00000, 0x0000000086e00000|  0%| F|  |TAMS 0x0000000086d00000, 0x0000000086d00000| Untracked 
| 110|0x0000000086e00000, 0x0000000086e00000, 0x0000000086f00000|  0%| F|  |TAMS 0x0000000086e00000, 0x0000000086e00000| Untracked 
| 111|0x0000000086f00000, 0x0000000086f00000, 0x0000000087000000|  0%| F|  |TAMS 0x0000000086f00000, 0x0000000086f00000| Untracked 
| 112|0x0000000087000000, 0x0000000087000000, 0x0000000087100000|  0%| F|  |TAMS 0x0000000087000000, 0x0000000087000000| Untracked 
| 113|0x0000000087100000, 0x0000000087100000, 0x0000000087200000|  0%| F|  |TAMS 0x0000000087100000, 0x0000000087100000| Untracked 
| 114|0x0000000087200000, 0x0000000087200000, 0x0000000087300000|  0%| F|  |TAMS 0x0000000087200000, 0x0000000087200000| Untracked 
| 115|0x0000000087300000, 0x0000000087300000, 0x0000000087400000|  0%| F|  |TAMS 0x0000000087300000, 0x0000000087300000| Untracked 
| 116|0x0000000087400000, 0x0000000087400000, 0x0000000087500000|  0%| F|  |TAMS 0x0000000087400000, 0x0000000087400000| Untracked 
| 117|0x0000000087500000, 0x0000000087500000, 0x0000000087600000|  0%| F|  |TAMS 0x0000000087500000, 0x0000000087500000| Untracked 
| 118|0x0000000087600000, 0x0000000087600000, 0x0000000087700000|  0%| F|  |TAMS 0x0000000087600000, 0x0000000087600000| Untracked 
| 119|0x0000000087700000, 0x0000000087700000, 0x0000000087800000|  0%| F|  |TAMS 0x0000000087700000, 0x0000000087700000| Untracked 
| 120|0x0000000087800000, 0x0000000087800000, 0x0000000087900000|  0%| F|  |TAMS 0x0000000087800000, 0x0000000087800000| Untracked 
| 121|0x0000000087900000, 0x0000000087900000, 0x0000000087a00000|  0%| F|  |TAMS 0x0000000087900000, 0x0000000087900000| Untracked 
| 122|0x0000000087a00000, 0x0000000087a00000, 0x0000000087b00000|  0%| F|  |TAMS 0x0000000087a00000, 0x0000000087a00000| Untracked 
| 123|0x0000000087b00000, 0x0000000087b00000, 0x0000000087c00000|  0%| F|  |TAMS 0x0000000087b00000, 0x0000000087b00000| Untracked 
| 124|0x0000000087c00000, 0x0000000087c00000, 0x0000000087d00000|  0%| F|  |TAMS 0x0000000087c00000, 0x0000000087c00000| Untracked 
| 125|0x0000000087d00000, 0x0000000087d00000, 0x0000000087e00000|  0%| F|  |TAMS 0x0000000087d00000, 0x0000000087d00000| Untracked 

Card table byte_map: [0x000001b8799b0000,0x000001b879db0000] _byte_map_base: 0x000001b8795b0000

Marking Bits (Prev, Next): (CMBitMap*) 0x000001b8754d9660, (CMBitMap*) 0x000001b8754d9628
 Prev Bits: [0x000001b87c1b0000, 0x000001b87e1b0000)
 Next Bits: [0x000001b87a1b0000, 0x000001b87c1b0000)

Polling page: 0x000001b873be0000

Metaspace:

Usage:
  Non-class:     70.03 MB capacity,    68.76 MB ( 98%) used,     1.04 MB (  1%) free+waste,   225.13 KB ( <1%) overhead. 
      Class:     11.03 MB capacity,    10.26 MB ( 93%) used,   683.09 KB (  6%) free+waste,   103.81 KB ( <1%) overhead. 
       Both:     81.06 MB capacity,    79.03 MB ( 97%) used,     1.71 MB (  2%) free+waste,   328.94 KB ( <1%) overhead. 

Virtual space:
  Non-class space:       72.00 MB reserved,      70.25 MB ( 98%) committed 
      Class space:        1.00 GB reserved,      11.13 MB (  1%) committed 
             Both:        1.07 GB reserved,      81.38 MB (  7%) committed 

Chunk freelists:
   Non-Class:  36.00 KB
       Class:  0 bytes
        Both:  36.00 KB

MaxMetaspaceSize: 17179869184.00 GB
CompressedClassSpaceSize: 1.00 GB

CodeHeap 'non-profiled nmethods': size=120064Kb used=4687Kb max_used=4687Kb free=115376Kb
 bounds [0x000001b807ac0000, 0x000001b807f60000, 0x000001b80f000000]
CodeHeap 'profiled nmethods': size=120000Kb used=19093Kb max_used=19093Kb free=100907Kb
 bounds [0x000001b800590000, 0x000001b801840000, 0x000001b807ac0000]
CodeHeap 'non-nmethods': size=5696Kb used=2273Kb max_used=2312Kb free=3422Kb
 bounds [0x000001b800000000, 0x000001b800270000, 0x000001b800590000]
 total_blobs=9875 nmethods=9005 adapters=781
 compilation: enabled
              stopped_count=0, restarted_count=0
 full_count=0

Compilation events (20 events):
Event: 44.434 Thread 0x000001b87e7cb800 9098       3       java.lang.StringCoding::isNotContinuation (17 bytes)
Event: 44.434 Thread 0x000001b87e7cb800 nmethod 9098 0x000001b801831c10 code [0x000001b801831dc0, 0x000001b801831ef8]
Event: 44.436 Thread 0x000001b87e7cb800 9099       3       org.apache.xerces.impl.XMLScanner::normalizeWhitespace (50 bytes)
Event: 44.436 Thread 0x000001b87e7cb800 nmethod 9099 0x000001b801831f90 code [0x000001b801832160, 0x000001b8018323b8]
Event: 44.437 Thread 0x000001b87e7cb800 9101       3       com.google.common.base.CharMatcher$JavaLetter::matches (5 bytes)
Event: 44.437 Thread 0x000001b87e7cb800 nmethod 9101 0x000001b801832510 code [0x000001b801832700, 0x000001b801832a78]
Event: 44.442 Thread 0x000001b87e7cb800 9102       1       com.android.ide.common.resources.configuration.LocaleQualifier::since (2 bytes)
Event: 44.442 Thread 0x000001b87e7cb800 nmethod 9102 0x000001b807f51b10 code [0x000001b807f51cc0, 0x000001b807f51d78]
Event: 44.446 Thread 0x000001b87e7cb800 9103       1       com.android.ide.common.resources.configuration.LocaleQualifier::getFolderSegment (5 bytes)
Event: 44.446 Thread 0x000001b87e7cb800 nmethod 9103 0x000001b807f51e10 code [0x000001b807f51fc0, 0x000001b807f52078]
Event: 44.455 Thread 0x000001b87e7cb800 9104       3       java.io.FileInputStream$1::close (11 bytes)
Event: 44.455 Thread 0x000001b87e7cb800 nmethod 9104 0x000001b801832c10 code [0x000001b801832e00, 0x000001b801833458]
Event: 44.457 Thread 0x000001b87e7cb800 9105       3       org.apache.xerces.dom.ParentNode::getLength (5 bytes)
Event: 44.457 Thread 0x000001b87e7cb800 nmethod 9105 0x000001b801833690 code [0x000001b801833840, 0x000001b801833968]
Event: 44.466 Thread 0x000001b87e7cb800 9106       3       java.util.EnumMap::put (51 bytes)
Event: 44.466 Thread 0x000001b87e7cb800 nmethod 9106 0x000001b801833a10 code [0x000001b801833c00, 0x000001b8018340e8]
Event: 44.472 Thread 0x000001b87e7cb800 9107       3       kotlin.text.StringsKt__StringsKt::lastIndexOf (51 bytes)
Event: 44.473 Thread 0x000001b87e7cb800 nmethod 9107 0x000001b801834310 code [0x000001b8018345a0, 0x000001b8018350c8]
Event: 44.474 Thread 0x000001b87e7c8800 nmethod 9093 0x000001b807f52110 code [0x000001b807f52320, 0x000001b807f53648]
Event: 44.475 Thread 0x000001b87e7c8800 9100       4       org.apache.xerces.util.XMLChar::isValidName (56 bytes)

GC Heap History (20 events):
Event: 32.929 GC heap after
{Heap after GC invocations=54 (full 0):
 garbage-first heap   total 78848K, used 53175K [0x0000000080000000, 0x0000000100000000)
  region size 1024K, 2 young (2048K), 2 survivors (2048K)
 Metaspace       used 63367K, capacity 65058K, committed 65280K, reserved 1105920K
  class space    used 8053K, capacity 8631K, committed 8704K, reserved 1048576K
}
Event: 33.180 GC heap before
{Heap before GC invocations=55 (full 0):
 garbage-first heap   total 78848K, used 62391K [0x0000000080000000, 0x0000000100000000)
  region size 1024K, 11 young (11264K), 2 survivors (2048K)
 Metaspace       used 63658K, capacity 65256K, committed 65536K, reserved 1105920K
  class space    used 8083K, capacity 8633K, committed 8704K, reserved 1048576K
}
Event: 33.186 GC heap after
{Heap after GC invocations=56 (full 0):
 garbage-first heap   total 78848K, used 54154K [0x0000000080000000, 0x0000000100000000)
  region size 1024K, 2 young (2048K), 2 survivors (2048K)
 Metaspace       used 63658K, capacity 65256K, committed 65536K, reserved 1105920K
  class space    used 8083K, capacity 8633K, committed 8704K, reserved 1048576K
}
Event: 33.464 GC heap before
{Heap before GC invocations=56 (full 0):
 garbage-first heap   total 78848K, used 62346K [0x0000000080000000, 0x0000000100000000)
  region size 1024K, 10 young (10240K), 2 survivors (2048K)
 Metaspace       used 64625K, capacity 66220K, committed 66432K, reserved 1107968K
  class space    used 8218K, capacity 8761K, committed 8832K, reserved 1048576K
}
Event: 33.471 GC heap after
{Heap after GC invocations=57 (full 0):
 garbage-first heap   total 102400K, used 54717K [0x0000000080000000, 0x0000000100000000)
  region size 1024K, 2 young (2048K), 2 survivors (2048K)
 Metaspace       used 64625K, capacity 66220K, committed 66432K, reserved 1107968K
  class space    used 8218K, capacity 8761K, committed 8832K, reserved 1048576K
}
Event: 34.442 GC heap before
{Heap before GC invocations=58 (full 0):
 garbage-first heap   total 102400K, used 71101K [0x0000000080000000, 0x0000000100000000)
  region size 1024K, 18 young (18432K), 2 survivors (2048K)
 Metaspace       used 66895K, capacity 68494K, committed 68736K, reserved 1107968K
  class space    used 8640K, capacity 9218K, committed 9344K, reserved 1048576K
}
Event: 34.450 GC heap after
{Heap after GC invocations=59 (full 0):
 garbage-first heap   total 102400K, used 55429K [0x0000000080000000, 0x0000000100000000)
  region size 1024K, 3 young (3072K), 3 survivors (3072K)
 Metaspace       used 66895K, capacity 68494K, committed 68736K, reserved 1107968K
  class space    used 8640K, capacity 9218K, committed 9344K, reserved 1048576K
}
Event: 35.232 GC heap before
{Heap before GC invocations=59 (full 0):
 garbage-first heap   total 102400K, used 72837K [0x0000000080000000, 0x0000000100000000)
  region size 1024K, 20 young (20480K), 3 survivors (3072K)
 Metaspace       used 68585K, capacity 70203K, committed 70400K, reserved 1110016K
  class space    used 8867K, capacity 9462K, committed 9472K, reserved 1048576K
}
Event: 35.243 GC heap after
{Heap after GC invocations=60 (full 0):
 garbage-first heap   total 102400K, used 56515K [0x0000000080000000, 0x0000000100000000)
  region size 1024K, 3 young (3072K), 3 survivors (3072K)
 Metaspace       used 68585K, capacity 70203K, committed 70400K, reserved 1110016K
  class space    used 8867K, capacity 9462K, committed 9472K, reserved 1048576K
}
Event: 36.051 GC heap before
{Heap before GC invocations=61 (full 0):
 garbage-first heap   total 102400K, used 74947K [0x0000000080000000, 0x0000000100000000)
  region size 1024K, 21 young (21504K), 3 survivors (3072K)
 Metaspace       used 70526K, capacity 72174K, committed 72320K, reserved 1112064K
  class space    used 9157K, capacity 9732K, committed 9856K, reserved 1048576K
}
Event: 36.061 GC heap after
{Heap after GC invocations=62 (full 0):
 garbage-first heap   total 102400K, used 57669K [0x0000000080000000, 0x0000000100000000)
  region size 1024K, 3 young (3072K), 3 survivors (3072K)
 Metaspace       used 70526K, capacity 72174K, committed 72320K, reserved 1112064K
  class space    used 9157K, capacity 9732K, committed 9856K, reserved 1048576K
}
Event: 36.868 GC heap before
{Heap before GC invocations=62 (full 0):
 garbage-first heap   total 102400K, used 76101K [0x0000000080000000, 0x0000000100000000)
  region size 1024K, 21 young (21504K), 3 survivors (3072K)
 Metaspace       used 73311K, capacity 74994K, committed 75264K, reserved 1114112K
  class space    used 9554K, capacity 10172K, committed 10240K, reserved 1048576K
}
Event: 36.882 GC heap after
{Heap after GC invocations=63 (full 0):
 garbage-first heap   total 129024K, used 58739K [0x0000000080000000, 0x0000000100000000)
  region size 1024K, 3 young (3072K), 3 survivors (3072K)
 Metaspace       used 73311K, capacity 74994K, committed 75264K, reserved 1114112K
  class space    used 9554K, capacity 10172K, committed 10240K, reserved 1048576K
}
Event: 38.906 GC heap before
{Heap before GC invocations=64 (full 0):
 garbage-first heap   total 129024K, used 91507K [0x0000000080000000, 0x0000000100000000)
  region size 1024K, 35 young (35840K), 3 survivors (3072K)
 Metaspace       used 75862K, capacity 77606K, committed 77696K, reserved 1116160K
  class space    used 9871K, capacity 10539K, committed 10624K, reserved 1048576K
}
Event: 38.920 GC heap after
{Heap after GC invocations=65 (full 0):
 garbage-first heap   total 129024K, used 61012K [0x0000000080000000, 0x0000000100000000)
  region size 1024K, 5 young (5120K), 5 survivors (5120K)
 Metaspace       used 75862K, capacity 77606K, committed 77696K, reserved 1116160K
  class space    used 9871K, capacity 10539K, committed 10624K, reserved 1048576K
}
Event: 40.855 GC heap before
{Heap before GC invocations=65 (full 0):
 garbage-first heap   total 129024K, used 94804K [0x0000000080000000, 0x0000000100000000)
  region size 1024K, 38 young (38912K), 5 survivors (5120K)
 Metaspace       used 79216K, capacity 81329K, committed 81536K, reserved 1120256K
  class space    used 10353K, capacity 11115K, committed 11136K, reserved 1048576K
}
Event: 40.877 GC heap after
{Heap after GC invocations=66 (full 0):
 garbage-first heap   total 129024K, used 63154K [0x0000000080000000, 0x0000000100000000)
  region size 1024K, 5 young (5120K), 5 survivors (5120K)
 Metaspace       used 79216K, capacity 81329K, committed 81536K, reserved 1120256K
  class space    used 10353K, capacity 11115K, committed 11136K, reserved 1048576K
}
Event: 42.438 GC heap before
{Heap before GC invocations=66 (full 0):
 garbage-first heap   total 129024K, used 95922K [0x0000000080000000, 0x0000000100000000)
  region size 1024K, 38 young (38912K), 5 survivors (5120K)
 Metaspace       used 79811K, capacity 81863K, committed 82176K, reserved 1120256K
  class space    used 10405K, capacity 11157K, committed 11264K, reserved 1048576K
}
Event: 42.462 GC heap after
{Heap after GC invocations=67 (full 0):
 garbage-first heap   total 129024K, used 65288K [0x0000000080000000, 0x0000000100000000)
  region size 1024K, 5 young (5120K), 5 survivors (5120K)
 Metaspace       used 79811K, capacity 81863K, committed 82176K, reserved 1120256K
  class space    used 10405K, capacity 11157K, committed 11264K, reserved 1048576K
}
Event: 44.476 GC heap before
{Heap before GC invocations=68 (full 0):
 garbage-first heap   total 129024K, used 98056K [0x0000000080000000, 0x0000000100000000)
  region size 1024K, 38 young (38912K), 5 survivors (5120K)
 Metaspace       used 80926K, capacity 83006K, committed 83328K, reserved 1122304K
  class space    used 10511K, capacity 11298K, committed 11392K, reserved 1048576K
}

Deoptimization events (20 events):
Event: 44.005 Thread 0x000001b81108e000 DEOPT PACKING pc=0x000001b8017fae1b sp=0x0000009af03f9d50
Event: 44.005 Thread 0x000001b81108e000 DEOPT UNPACKING pc=0x000001b8000276ce sp=0x0000009af03f91c0 mode 0
Event: 44.029 Thread 0x000001b81108e000 Uncommon trap: trap_request=0xffffff4d fr.pc=0x000001b807f305b8 relative=0x0000000000000318
Event: 44.029 Thread 0x000001b81108e000 Uncommon trap: reason=unstable_if action=reinterpret pc=0x000001b807f305b8 method=java.lang.StringUTF16.compress([BI[BII)I @ 29 c2
Event: 44.029 Thread 0x000001b81108e000 DEOPT PACKING pc=0x000001b807f305b8 sp=0x0000009af03f9b00
Event: 44.029 Thread 0x000001b81108e000 DEOPT UNPACKING pc=0x000001b8000278af sp=0x0000009af03f9a80 mode 2
Event: 44.080 Thread 0x000001b81108e000 Uncommon trap: trap_request=0xffffff4d fr.pc=0x000001b807f2c32c relative=0x0000000000000b0c
Event: 44.080 Thread 0x000001b81108e000 Uncommon trap: reason=unstable_if action=reinterpret pc=0x000001b807f2c32c method=java.lang.StringCoding.decodeUTF8_0([BIIZ)Ljava/lang/StringCoding$Result; @ 240 c2
Event: 44.081 Thread 0x000001b81108e000 DEOPT PACKING pc=0x000001b807f2c32c sp=0x0000009af03fa140
Event: 44.082 Thread 0x000001b81108e000 DEOPT UNPACKING pc=0x000001b8000278af sp=0x0000009af03fa0e0 mode 2
Event: 44.082 Thread 0x000001b81108e000 Uncommon trap: trap_request=0xffffff4d fr.pc=0x000001b807f2b0d4 relative=0x00000000000003f4
Event: 44.082 Thread 0x000001b81108e000 Uncommon trap: reason=unstable_if action=reinterpret pc=0x000001b807f2b0d4 method=java.lang.StringCoding.decodeUTF8_0([BIIZ)Ljava/lang/StringCoding$Result; @ 240 c2
Event: 44.083 Thread 0x000001b81108e000 DEOPT PACKING pc=0x000001b807f2b0d4 sp=0x0000009af03fa160
Event: 44.083 Thread 0x000001b81108e000 DEOPT UNPACKING pc=0x000001b8000278af sp=0x0000009af03fa0e0 mode 2
Event: 44.419 Thread 0x000001b81108e000 DEOPT PACKING pc=0x000001b80181d46a sp=0x0000009af03f9f50
Event: 44.419 Thread 0x000001b81108e000 DEOPT UNPACKING pc=0x000001b8000276ce sp=0x0000009af03f9470 mode 0
Event: 44.434 Thread 0x000001b81108e000 DEOPT PACKING pc=0x000001b80181d46a sp=0x0000009af03f9f50
Event: 44.434 Thread 0x000001b81108e000 DEOPT UNPACKING pc=0x000001b8000276ce sp=0x0000009af03f9470 mode 0
Event: 44.454 Thread 0x000001b81108e000 DEOPT PACKING pc=0x000001b80181d46a sp=0x0000009af03f9f50
Event: 44.454 Thread 0x000001b81108e000 DEOPT UNPACKING pc=0x000001b8000276ce sp=0x0000009af03f9470 mode 0

Classes redefined (0 events):
No events

Internal exceptions (20 events):
Event: 39.251 Thread 0x000001b87fcd2000 Exception <a 'java/lang/NoSuchMethodError'{0x00000000876c0e00}: <clinit>> (0x00000000876c0e00) thrown at [./src/hotspot/share/prims/jni.cpp, line 1362]
Event: 39.266 Thread 0x000001b87fcd2000 Exception <a 'java/lang/NoSuchMethodError'{0x0000000087509480}: <clinit>> (0x0000000087509480) thrown at [./src/hotspot/share/prims/jni.cpp, line 1362]
Event: 39.268 Thread 0x000001b87fcd2000 Exception <a 'java/lang/NoSuchMethodError'{0x000000008751d698}: <clinit>> (0x000000008751d698) thrown at [./src/hotspot/share/prims/jni.cpp, line 1362]
Event: 39.268 Thread 0x000001b87fcd2000 Exception <a 'java/lang/NoSuchMethodError'{0x000000008751ee08}: <clinit>> (0x000000008751ee08) thrown at [./src/hotspot/share/prims/jni.cpp, line 1362]
Event: 39.321 Thread 0x000001b81108c800 Exception <a 'java/lang/NoSuchMethodError'{0x000000008735acb0}: <clinit>> (0x000000008735acb0) thrown at [./src/hotspot/share/prims/jni.cpp, line 1362]
Event: 39.324 Thread 0x000001b81108c800 Exception <a 'java/lang/NoSuchMethodError'{0x000000008736f0b0}: <clinit>> (0x000000008736f0b0) thrown at [./src/hotspot/share/prims/jni.cpp, line 1362]
Event: 39.327 Thread 0x000001b81108c800 Exception <a 'java/lang/NoSuchMethodError'{0x00000000873c2ff8}: <clinit>> (0x00000000873c2ff8) thrown at [./src/hotspot/share/prims/jni.cpp, line 1362]
Event: 39.417 Thread 0x000001b87fcd2000 Exception <a 'java/lang/NoSuchMethodError'{0x00000000871deea8}: <clinit>> (0x00000000871deea8) thrown at [./src/hotspot/share/prims/jni.cpp, line 1362]
Event: 39.444 Thread 0x000001b81108e000 Exception <a 'java/lang/NoSuchMethodError'{0x000000008702e780}: 'java.lang.Object java.lang.invoke.Invokers$Holder.linkToTargetMethod(java.lang.Object, java.lang.Object, java.lang.Object, int, java.lang.Object, java.lang.Object)'> (0x000000008702e780) thrown at [./src/hotspot/share/interpreter/linkResolver.cpp, line 773]
Event: 39.473 Thread 0x000001b81108e000 Exception <a 'java/lang/IncompatibleClassChangeError'{0x00000000870b1a48}: Found class java.lang.Object, but interface was expected> (0x00000000870b1a48) thrown at [./src/hotspot/share/interpreter/linkResolver.cpp, line 839]
Event: 39.544 Thread 0x000001b81108e000 Exception <a 'java/lang/NoSuchMethodError'{0x0000000086e3d210}: 'void java.lang.invoke.DirectMethodHandle$Holder.invokeVirtual(java.lang.Object, java.lang.Object)'> (0x0000000086e3d210) thrown at [./src/hotspot/share/interpreter/linkResolver.cpp, line 773]
Event: 39.740 Thread 0x000001b81108e000 Exception <a 'java/lang/NoSuchMethodError'{0x0000000086b6ee58}: 'void java.lang.invoke.DirectMethodHandle$Holder.invokeStatic(java.lang.Object, java.lang.Object, java.lang.Object, java.lang.Object, java.lang.Object, java.lang.Object, java.lang.Object)'> (0x0000000086b6ee58) thrown at [./src/hotspot/share/interpreter/linkResolver.cpp, line 773]
Event: 39.803 Thread 0x000001b87fcd2000 Exception <a 'java/lang/NoSuchMethodError'{0x0000000086ac6398}: <clinit>> (0x0000000086ac6398) thrown at [./src/hotspot/share/prims/jni.cpp, line 1362]
Event: 39.963 Thread 0x000001b81108e000 Exception <a 'sun/nio/fs/WindowsException'{0x00000000869917c0}> (0x00000000869917c0) thrown at [./src/hotspot/share/prims/jni.cpp, line 615]
Event: 39.963 Thread 0x000001b81108e000 Exception <a 'sun/nio/fs/WindowsException'{0x0000000086992678}> (0x0000000086992678) thrown at [./src/hotspot/share/prims/jni.cpp, line 615]
Event: 40.039 Thread 0x000001b811093000 Exception <a 'sun/nio/fs/WindowsException'{0x0000000086786bc0}> (0x0000000086786bc0) thrown at [./src/hotspot/share/prims/jni.cpp, line 615]
Event: 40.800 Thread 0x000001b811086000 Exception <a 'java/lang/NoSuchMethodError'{0x0000000085e6f070}: 'java.lang.Object java.lang.invoke.DirectMethodHandle$Holder.invokeSpecialIFC(java.lang.Object, java.lang.Object, java.lang.Object)'> (0x0000000085e6f070) thrown at [./src/hotspot/share/interpreter/linkResolver.cpp, line 773]
Event: 40.802 Thread 0x000001b811087000 Exception <a 'java/lang/NoSuchMethodError'{0x0000000085ea87c0}: 'java.lang.Object java.lang.invoke.DirectMethodHandle$Holder.invokeSpecialIFC(java.lang.Object, java.lang.Object, java.lang.Object)'> (0x0000000085ea87c0) thrown at [./src/hotspot/share/interpreter/linkResolver.cpp, line 773]
Event: 40.891 Thread 0x000001b811087000 Exception <a 'java/lang/NoSuchMethodError'{0x0000000087d6c1d0}: 'int java.lang.invoke.DirectMethodHandle$Holder.invokeStaticInit(java.lang.Object, java.lang.Object, java.lang.Object, java.lang.Object, java.lang.Object)'> (0x0000000087d6c1d0) thrown at [./src/hotspot/share/interpreter/linkResolver.cpp, line 773]
Event: 42.363 Thread 0x000001b812155000 Exception <a 'java/lang/NoSuchMethodError'{0x0000000085ecf6e0}: <clinit>> (0x0000000085ecf6e0) thrown at [./src/hotspot/share/prims/jni.cpp, line 1362]

Events (20 events):
Event: 43.175 loading class com/google/common/collect/Maps$ViewCachingAbstractMap done
Event: 43.176 loading class com/google/common/collect/Multimaps$AsMap$EntrySet
Event: 43.176 loading class com/google/common/collect/Multimaps$AsMap$EntrySet done
Event: 43.177 loading class com/google/common/collect/Maps$EntrySet
Event: 43.177 loading class com/google/common/collect/Maps$EntrySet done
Event: 43.178 loading class com/google/common/collect/LinkedListMultimap$1KeySetImpl
Event: 43.178 loading class com/google/common/collect/LinkedListMultimap$1KeySetImpl done
Event: 43.179 loading class com/google/common/collect/Multimaps$AsMap$EntrySet$1
Event: 43.179 loading class com/google/common/collect/Multimaps$AsMap$EntrySet$1 done
Event: 43.180 loading class com/google/common/collect/Maps$3
Event: 43.180 loading class com/google/common/collect/Maps$3 done
Event: 43.181 loading class com/google/common/collect/TransformedIterator
Event: 43.181 loading class com/google/common/collect/TransformedIterator done
Event: 43.182 loading class com/google/common/collect/LinkedListMultimap$DistinctKeyIterator
Event: 43.182 loading class com/google/common/collect/LinkedListMultimap$DistinctKeyIterator done
Event: 43.183 loading class com/google/common/collect/LinkedListMultimap$1
Event: 43.183 loading class com/google/common/collect/LinkedListMultimap$1 done
Event: 43.184 loading class com/google/common/collect/LinkedListMultimap$ValueForKeyIterator
Event: 43.184 loading class com/google/common/collect/LinkedListMultimap$ValueForKeyIterator done
Event: 44.476 Executing VM operation: G1CollectForAllocation


Dynamic libraries:
0x00007ff7c1180000 - 0x00007ff7c118a000 	C:\Program Files\Android\Android Studio\jre\bin\java.exe
0x00007ffdb19f0000 - 0x00007ffdb1be5000 	C:\WINDOWS\SYSTEM32\ntdll.dll
0x00007ffdb09c0000 - 0x00007ffdb0a7e000 	C:\WINDOWS\System32\KERNEL32.DLL
0x00007ffdaf520000 - 0x00007ffdaf7e9000 	C:\WINDOWS\System32\KERNELBASE.dll
0x00007ffd9f350000 - 0x00007ffd9f369000 	C:\Program Files\Android\Android Studio\jre\bin\jli.dll
0x00007ffdaf3c0000 - 0x00007ffdaf4c0000 	C:\WINDOWS\System32\ucrtbase.dll
0x00007ffdafb10000 - 0x00007ffdafcb1000 	C:\WINDOWS\System32\USER32.dll
0x00007ffdaf870000 - 0x00007ffdaf892000 	C:\WINDOWS\System32\win32u.dll
0x00007ffdb0a80000 - 0x00007ffdb0aab000 	C:\WINDOWS\System32\GDI32.dll
0x00007ffdaf8a0000 - 0x00007ffdaf9ab000 	C:\WINDOWS\System32\gdi32full.dll
0x00007ffdaf320000 - 0x00007ffdaf3bd000 	C:\WINDOWS\System32\msvcp_win.dll
0x00007ffda21a0000 - 0x00007ffda243a000 	C:\WINDOWS\WinSxS\amd64_microsoft.windows.common-controls_6595b64144ccf1df_6.0.19041.1110_none_60b5254171f9507e\COMCTL32.dll
0x00007ffdb0e30000 - 0x00007ffdb0ece000 	C:\WINDOWS\System32\msvcrt.dll
0x00007ffd9d900000 - 0x00007ffd9d917000 	C:\Program Files\Android\Android Studio\jre\bin\VCRUNTIME140.dll
0x00007ffdb0be0000 - 0x00007ffdb0c10000 	C:\WINDOWS\System32\IMM32.DLL
0x00007ffd7d920000 - 0x00007ffd7d9bd000 	C:\Program Files\Android\Android Studio\jre\bin\msvcp140.dll
0x00007ffd83220000 - 0x00007ffd83cef000 	C:\Program Files\Android\Android Studio\jre\bin\server\jvm.dll
0x00007ffdb1900000 - 0x00007ffdb19ac000 	C:\WINDOWS\System32\ADVAPI32.dll
0x00007ffdb0ab0000 - 0x00007ffdb0b4b000 	C:\WINDOWS\System32\sechost.dll
0x00007ffdb17d0000 - 0x00007ffdb18fa000 	C:\WINDOWS\System32\RPCRT4.dll
0x00007ffdb0ed0000 - 0x00007ffdb0ed8000 	C:\WINDOWS\System32\PSAPI.DLL
0x00007ffdac910000 - 0x00007ffdac919000 	C:\WINDOWS\SYSTEM32\WSOCK32.dll
0x00007ffdb11e0000 - 0x00007ffdb124b000 	C:\WINDOWS\System32\WS2_32.dll
0x00007ffdac940000 - 0x00007ffdac967000 	C:\WINDOWS\SYSTEM32\WINMM.dll
0x00007ffda1a60000 - 0x00007ffda1a6a000 	C:\WINDOWS\SYSTEM32\VERSION.dll
0x00007ffdad010000 - 0x00007ffdad022000 	C:\WINDOWS\SYSTEM32\kernel.appcore.dll
0x00007ffdaab60000 - 0x00007ffdaab71000 	C:\Program Files\Android\Android Studio\jre\bin\verify.dll
0x00007ffd9b0c0000 - 0x00007ffd9b2a4000 	C:\WINDOWS\SYSTEM32\DBGHELP.DLL
0x00007ffd9b070000 - 0x00007ffd9b09c000 	C:\WINDOWS\SYSTEM32\dbgcore.DLL
0x00007ffdaf9b0000 - 0x00007ffdafa33000 	C:\WINDOWS\System32\bcryptPrimitives.dll
0x00007ffda9c60000 - 0x00007ffda9c89000 	C:\Program Files\Android\Android Studio\jre\bin\java.dll
0x00007ffdac8e0000 - 0x00007ffdac8eb000 	C:\Program Files\Android\Android Studio\jre\bin\jimage.dll
0x00007ffdaab20000 - 0x00007ffdaab38000 	C:\Program Files\Android\Android Studio\jre\bin\zip.dll
0x00007ffdb0280000 - 0x00007ffdb09bf000 	C:\WINDOWS\System32\SHELL32.dll
0x00007ffdad210000 - 0x00007ffdad9a0000 	C:\WINDOWS\SYSTEM32\windows.storage.dll
0x00007ffdb1250000 - 0x00007ffdb15a5000 	C:\WINDOWS\System32\combase.dll
0x00007ffdaeb60000 - 0x00007ffdaeb8c000 	C:\WINDOWS\SYSTEM32\Wldp.dll
0x00007ffdb0ee0000 - 0x00007ffdb0f8e000 	C:\WINDOWS\System32\SHCORE.dll
0x00007ffdb1770000 - 0x00007ffdb17c5000 	C:\WINDOWS\System32\shlwapi.dll
0x00007ffdaf050000 - 0x00007ffdaf06f000 	C:\WINDOWS\SYSTEM32\profapi.dll
0x00007ffda9bf0000 - 0x00007ffda9c0a000 	C:\Program Files\Android\Android Studio\jre\bin\net.dll
0x00007ffda01c0000 - 0x00007ffda02c8000 	C:\WINDOWS\SYSTEM32\WINHTTP.dll
0x00007ffdae8c0000 - 0x00007ffdae92a000 	C:\WINDOWS\system32\mswsock.dll
0x00007ffda9ab0000 - 0x00007ffda9ac4000 	C:\Program Files\Android\Android Studio\jre\bin\nio.dll
0x00007ffda9c20000 - 0x00007ffda9c47000 	C:\Users\MinhNgan\.gradle\native\8bec1ad78214c89d9ad589b4d07fe93259594b29d510b10fafb7a158f7737e5d\windows-amd64\native-platform.dll
0x00007ffd9ef70000 - 0x00007ffd9f0ad000 	C:\Users\MinhNgan\.gradle\native\53dbd7edfb1c66fb8903c78663c9afc45aea4f116125fa6feffd364cf09443e8\windows-amd64\native-platform-file-events.dll
0x00007ffdaabe0000 - 0x00007ffdaabea000 	C:\Program Files\Android\Android Studio\jre\bin\management.dll
0x00007ffdaab50000 - 0x00007ffdaab5c000 	C:\Program Files\Android\Android Studio\jre\bin\management_ext.dll
0x00007ffdaeab0000 - 0x00007ffdaeac8000 	C:\WINDOWS\SYSTEM32\CRYPTSP.dll
0x00007ffdae1d0000 - 0x00007ffdae204000 	C:\WINDOWS\system32\rsaenh.dll
0x00007ffdaf7f0000 - 0x00007ffdaf817000 	C:\WINDOWS\System32\bcrypt.dll
0x00007ffdaefd0000 - 0x00007ffdaeffe000 	C:\WINDOWS\SYSTEM32\USERENV.dll
0x00007ffdaead0000 - 0x00007ffdaeadc000 	C:\WINDOWS\SYSTEM32\CRYPTBASE.dll
0x00007ffdae560000 - 0x00007ffdae59b000 	C:\WINDOWS\SYSTEM32\IPHLPAPI.DLL
0x00007ffdb0e20000 - 0x00007ffdb0e28000 	C:\WINDOWS\System32\NSI.dll
0x00007ffda4370000 - 0x00007ffda4387000 	C:\WINDOWS\SYSTEM32\dhcpcsvc6.DLL
0x00007ffda62e0000 - 0x00007ffda62fd000 	C:\WINDOWS\SYSTEM32\dhcpcsvc.DLL
0x00007ffdae5a0000 - 0x00007ffdae66c000 	C:\WINDOWS\SYSTEM32\DNSAPI.dll

dbghelp: loaded successfully - version: 4.0.5 - missing functions: none
symbol engine: initialized successfully - sym options: 0x614 - pdb path: .;C:\Program Files\Android\Android Studio\jre\bin;C:\WINDOWS\SYSTEM32;C:\WINDOWS\WinSxS\amd64_microsoft.windows.common-controls_6595b64144ccf1df_6.0.19041.1110_none_60b5254171f9507e;C:\Program Files\Android\Android Studio\jre\bin\server;C:\Users\MinhNgan\.gradle\native\8bec1ad78214c89d9ad589b4d07fe93259594b29d510b10fafb7a158f7737e5d\windows-amd64;C:\Users\MinhNgan\.gradle\native\53dbd7edfb1c66fb8903c78663c9afc45aea4f116125fa6feffd364cf09443e8\windows-amd64

VM Arguments:
jvm_args: --add-opens=java.base/java.util=ALL-UNNAMED --add-opens=java.base/java.lang=ALL-UNNAMED --add-opens=java.base/java.lang.invoke=ALL-UNNAMED --add-opens=java.base/java.util=ALL-UNNAMED --add-opens=java.prefs/java.util.prefs=ALL-UNNAMED --add-opens=java.prefs/java.util.prefs=ALL-UNNAMED --add-opens=java.base/java.nio.charset=ALL-UNNAMED --add-opens=java.base/java.net=ALL-UNNAMED --add-opens=java.base/java.util.concurrent.atomic=ALL-UNNAMED -Xmx2048m -Dfile.encoding=UTF-8 -Duser.country=US -Duser.language=en -Duser.variant 
java_command: org.gradle.launcher.daemon.bootstrap.GradleDaemon 7.0.2
java_class_path (initial): C:\Users\MinhNgan\.gradle\wrapper\dists\gradle-7.0.2-bin\857tjihv64xamwrf0h14cai3r\gradle-7.0.2\lib\gradle-launcher-7.0.2.jar
Launcher Type: SUN_STANDARD

[Global flags]
     intx CICompilerCount                          = 3                                         {product} {ergonomic}
     uint ConcGCThreads                            = 1                                         {product} {ergonomic}
     uint G1ConcRefinementThreads                  = 4                                         {product} {ergonomic}
   size_t G1HeapRegionSize                         = 1048576                                   {product} {ergonomic}
    uintx GCDrainStackTargetSize                   = 64                                        {product} {ergonomic}
   size_t InitialHeapSize                          = 67108864                                  {product} {ergonomic}
   size_t MarkStackSize                            = 4194304                                   {product} {ergonomic}
   size_t MaxHeapSize                              = 2147483648                                {product} {command line}
   size_t MaxNewSize                               = 1287651328                                {product} {ergonomic}
   size_t MinHeapDeltaBytes                        = 1048576                                   {product} {ergonomic}
    uintx NonNMethodCodeHeapSize                   = 5830732                                {pd product} {ergonomic}
    uintx NonProfiledCodeHeapSize                  = 122913754                              {pd product} {ergonomic}
    uintx ProfiledCodeHeapSize                     = 122913754                              {pd product} {ergonomic}
    uintx ReservedCodeCacheSize                    = 251658240                              {pd product} {ergonomic}
     bool SegmentedCodeCache                       = true                                      {product} {ergonomic}
     bool UseCompressedClassPointers               = true                                 {lp64_product} {ergonomic}
     bool UseCompressedOops                        = true                                 {lp64_product} {ergonomic}
     bool UseG1GC                                  = true                                      {product} {ergonomic}
     bool UseLargePagesIndividualAllocation        = false                                  {pd product} {ergonomic}

Logging:
Log output configuration:
 #0: stdout all=warning uptime,level,tags
 #1: stderr all=off uptime,level,tags

Environment Variables:
PATH=C:\Program Files\Common Files\Oracle\Java\javapath;C:\WINDOWS\system32;C:\WINDOWS;C:\WINDOWS\System32\Wbem;C:\WINDOWS\System32\WindowsPowerShell\v1.0\;C:\WINDOWS\System32\OpenSSH\;C:\Program Files\dotnet\;C:\Program Files\Microsoft SQL Server\130\Tools\Binn\;C:\Program Files\Microsoft SQL Server\Client SDK\ODBC\170\Tools\Binn\;C:\Users\MinhNgan\AppData\Local\Microsoft\WindowsApps;
USERNAME=MinhNgan
OS=Windows_NT
PROCESSOR_IDENTIFIER=Intel64 Family 6 Model 69 Stepping 1, GenuineIntel



---------------  S Y S T E M  ---------------

OS: Windows 10 , 64 bit Build 19041 (10.0.19041.1202)
OS uptime: 0 days 10:08 hours

CPU:total 4 (initial active 4) (2 cores per cpu, 2 threads per core) family 6 model 69 stepping 1 microcode 0x25, cmov, cx8, fxsr, mmx, sse, sse2, sse3, ssse3, sse4.1, sse4.2, popcnt, avx, avx2, aes, clmul, erms, lzcnt, ht, tsc, tscinvbit, bmi1, bmi2, fma

Memory: 4k page, system-wide physical 3979M (48M free)
TotalPageFile size 10379M (AvailPageFile size 26M)
current process WorkingSet (physical memory assigned to process): 224M, peak: 254M
current process commit charge ("private bytes"): 370M, peak: 396M

vm_info: OpenJDK 64-Bit Server VM (11.0.10+0-b96-7249189) for windows-amd64 JRE (11.0.10+0-b96-7249189), built on Mar 31 2021 21:44:00 by "builder" with MS VC++ 14.0 (VS2015)

END.
